[Licensing::Module] Trying to connect to existing licensing client channel...
Built from '6000.3/staging' branch; Version is '6000.3.9f1 (7a9955a4f2fa) revision 8034645'; Using compiler version '194234433'; Build Type 'Release'
[Licensing::IpcConnector] Successfully connected to: "LicenseClient-Đ”ĐĽĐ¸Ń‚Ń€Đ¸Đą" at "2026-03-30T18:11:41.6177893Z"
OS: 'Windows 10  (10.0.19045) 64bit CoreSingleLanguage' Language: 'ru' Physical Memory: 16318 MB
BatchMode: 1, IsHumanControllingUs: 0, StartBugReporterOnCrash: 0, Is64bit: 1
System  architecture: x64
Process architecture: x64
Date: 2026-03-30T18:11:41Z

COMMAND LINE ARGUMENTS:
S:\UNITY\Unity Editor Versions\6000.3.9f1\Editor\Unity.exe
-adb2
-batchMode
-noUpm
-name
AssetImportWorker7
-projectPath
S:/UNITY/UNITY BACKUP/SPIKE
-logFile
Logs/AssetImportWorker7.log
-srvPort
50328
-licensingIpc
LicenseClient-Đ”ĐĽĐ¸Ń‚Ń€Đ¸Đą
-job-worker-count
7
-background-job-worker-count
8
-gc-helper-count
1
-name
AssetImport
Successfully changed project path to: S:/UNITY/UNITY BACKUP/SPIKE
S:/UNITY/UNITY BACKUP/SPIKE
[UnityMemory] Configuration Parameters - Can be set up in boot.config
    "memorysetup-temp-allocator-size-nav-mesh-worker=65536"
    "memorysetup-temp-allocator-size-audio-worker=65536"
    "memorysetup-temp-allocator-size-gfx=262144"
    "memorysetup-allocator-temp-initial-block-size-main=262144"
    "memorysetup-allocator-temp-initial-block-size-worker=262144"
    "memorysetup-temp-allocator-size-background-worker=32768"
    "memorysetup-temp-allocator-size-job-worker=262144"
    "memorysetup-temp-allocator-size-preload-manager=33554432"
    "memorysetup-temp-allocator-size-gi-baking-worker=262144"
    "memorysetup-temp-allocator-size-gi-baking-worker=262144"
    "memorysetup-temp-allocator-size-gi-baking-worker=262144"
    "memorysetup-temp-allocator-size-gi-baking-worker=262144"
    "memorysetup-temp-allocator-size-gi-baking-worker=262144"
    "memorysetup-bucket-allocator-granularity=16"
    "memorysetup-bucket-allocator-bucket-count=8"
    "memorysetup-bucket-allocator-block-size=33554432"
    "memorysetup-bucket-allocator-block-count=8"
    "memorysetup-main-allocator-block-size=16777216"
    "memorysetup-thread-allocator-block-size=16777216"
    "memorysetup-gfx-main-allocator-block-size=16777216"
    "memorysetup-gfx-thread-allocator-block-size=16777216"
    "memorysetup-cache-allocator-block-size=4194304"
    "memorysetup-typetree-allocator-block-size=2097152"
    "memorysetup-profiler-bucket-allocator-granularity=16"
    "memorysetup-profiler-bucket-allocator-bucket-count=8"
    "memorysetup-profiler-bucket-allocator-block-size=33554432"
    "memorysetup-profiler-bucket-allocator-block-count=8"
    "memorysetup-profiler-allocator-block-size=16777216"
    "memorysetup-profiler-editor-allocator-block-size=1048576"
    "memorysetup-temp-allocator-size-main=16777216"
    "memorysetup-job-temp-allocator-block-size=2097152"
    "memorysetup-job-temp-allocator-block-size-background=1048576"
    "memorysetup-job-temp-allocator-reduction-small-platforms=262144"
    "memorysetup-temp-allocator-size-cloud-worker=32768"
Player connection [23012]  Target information:

Player connection [23012]  * "[IP] 192.168.1.39 [Port] 0 [Flags] 2 [Guid] 81519662 [EditorId] 81519662 [Version] 1048832 [Id] WindowsEditor(7,DESKTOP-KK1P2OH) [Debug] 1 [PackageName] WindowsEditor [ProjectName] Editor" 

Player connection [23012] Host joined multi-casting on [225.0.0.222:54997]...
Player connection [23012] Host joined alternative multi-casting on [225.0.0.222:34997]...
JobSystem: Creating JobQueue using job-worker-count value 7
Input System module state changed to: Initialized.
[Physics::Module] Initialized fallback backend.
[Physics::Module] Id: 0xdecafbad
Library Redirect Path: Library/
[Physics::Module] Selected backend.
[Physics::Module] Name: PhysX
[Physics::Module] Id: 0xf2b8ea05
[Physics::Module] SDK Version: 4.1.2
[Physics::Module] Integration Version: 1.0.0
[Physics::Module] Threading Mode: Multi-Threaded
Refreshing native plugins compatible for Editor in 8.74 ms, found 3 plugins.
Preloading 0 native plugins for Editor in 0.00 ms.
Initialize engine version: 6000.3.9f1 (7a9955a4f2fa)
[Subsystems] Discovering subsystems at path S:/UNITY/Unity Editor Versions/6000.3.9f1/Editor/Data/Resources/UnitySubsystems
[Subsystems] Discovering subsystems at path S:/UNITY/UNITY BACKUP/SPIKE/Assets
GfxDevice: creating device client; kGfxThreadingModeNonThreaded
Direct3D:
    Version:  Direct3D 11.0 [level 11.1]
    Renderer: NVIDIA GeForce GTX 1060 6GB (ID=0x1c03)
    Vendor:   NVIDIA
    VRAM:     6029 MB
    Driver:   32.0.15.8228
Initialize mono
Mono path[0] = 'S:/UNITY/Unity Editor Versions/6000.3.9f1/Editor/Data/Managed'
Mono path[1] = 'S:/UNITY/Unity Editor Versions/6000.3.9f1/Editor/Data/MonoBleedingEdge/lib/mono/unityjit-win32'
Mono config path = 'S:/UNITY/Unity Editor Versions/6000.3.9f1/Editor/Data/MonoBleedingEdge/etc'
Using monoOptions --debugger-agent=transport=dt_socket,embedding=1,server=y,suspend=n,address=127.0.0.1:56676
Begin MonoManager ReloadAssembly
Registering precompiled unity dll's ...
Register platform support module: S:/UNITY/Unity Editor Versions/6000.3.9f1/Editor/Data/PlaybackEngines/WindowsStandaloneSupport/UnityEditor.WindowsStandalone.Extensions.dll
[Licensing::Module] Licensing is not yet initialized.
[Licensing::Client] Handshaking with LicensingClient:
  Version:                 1.17.4+4293ba1
  Session Id:              22db36de22e14c9cb24edd636e0177d3
  Correlation Id:          5482b27508508e261325e7b2fece287e
  External correlation Id: 5455308979932620973
  Machine Id:              BSinU4MsdP07HGNxKH7k4gB1okk=
[Licensing::Module] Successfully connected to LicensingClient on channel: "LicenseClient-Đ”ĐĽĐ¸Ń‚Ń€Đ¸Đą" (connect: 0.00s, validation: 0.00s, handshake: 2.88s)
[Licensing::IpcConnector] Successfully connected to: "LicenseClient-Đ”ĐĽĐ¸Ń‚Ń€Đ¸Đą-notifications" at "2026-03-30T18:11:44.5000668Z"
[Licensing::Module] Licensing Background thread has ended after 2.88s
[Licensing::Module] Licensing is initialized (took 0.72s).
[Licensing::Client] Successfully resolved entitlement details
[Licensing::Module] License group:
  Id: 10170697332008-UnityPersXXXX
  Product: Unity Personal
  Type: Assigned
  Expiration: Unlimited
Register platform support module: S:/UNITY/Unity Editor Versions/6000.3.9f1/Editor/Data/PlaybackEngines/MetroSupport/UnityEditor.UWP.Extensions.dll
Registered in 0.728667 seconds.
- Loaded All Assemblies, in  1.618 seconds
Native extension for UWP target not found
Native extension for WindowsStandalone target not found
ScheduleIndexationOnStartup MainProcess:False IndexOnStartup:True
Mono: successfully reloaded assembly
- Finished resetting the current domain, in  0.740 seconds
Domain Reload Profiling: 2357ms
	BeginReloadAssembly (339ms)
		ExecutionOrderSort (0ms)
		DisableScriptedObjects (0ms)
		BackupInstance (0ms)
		ReleaseScriptingObjects (0ms)
		CreateAndSetChildDomain (2ms)
	RebuildCommonClasses (81ms)
	RebuildNativeTypeToScriptingClass (26ms)
	initialDomainReloadingComplete (815ms)
	LoadAllAssembliesAndSetupDomain (357ms)
		LoadAssemblies (337ms)
		RebuildTransferFunctionScriptingTraits (0ms)
		AnalyzeDomain (349ms)
			TypeCache.Refresh (346ms)
				TypeCache.ScanAssembly (320ms)
			BuildScriptInfoCaches (0ms)
			ResolveRequiredComponents (1ms)
	FinalizeReload (740ms)
		ReleaseScriptCaches (0ms)
		RebuildScriptCaches (0ms)
		SetupLoadedEditorAssemblies (652ms)
			LogAssemblyErrors (0ms)
			InitializePlatformSupportModulesInManaged (92ms)
			SetLoadedEditorAssemblies (6ms)
			BeforeProcessingInitializeOnLoad (148ms)
			ProcessInitializeOnLoadAttributes (271ms)
			ProcessInitializeOnLoadMethodAttributes (136ms)
			AfterProcessingInitializeOnLoad (0ms)
			EditorAssembliesLoaded (0ms)
		ExecutionOrderSort2 (0ms)
		AwakeInstancesAfterBackupRestoration (0ms)
Assembly reference Packages/com.unity.cinemachine/Editor/Samples/ExposeHDRPInternals/HDRP-Editor-ref.asmref has no target assembly definition
========================================================================
Worker process is ready to serve import requests
Import Worker Mode flag is 0x00
Assembly reference Packages/com.unity.cinemachine/Editor/Samples/ExposeHDRPInternals/HDRP-Editor-ref.asmref has no target assembly definition
Assembly reference Packages/com.unity.cinemachine/Editor/Samples/ExposeHDRPInternals/HDRP-Editor-ref.asmref has no target assembly definition
Begin MonoManager ReloadAssembly
[Licensing::Client] Successfully resolved entitlement details
- Loaded All Assemblies, in  1.869 seconds
Assembly reference Packages/com.unity.cinemachine/Editor/Samples/ExposeHDRPInternals/HDRP-Editor-ref.asmref has no target assembly definition
'Packages/com.unity.cinemachine/Editor/Obsolete/CinemachineVirtualCameraBaseEditor.cs' contains partial class of Unity.Object, exactly 1 of the partial classes needs to be in a file with the same filename. This is to know the one that can be referenced from ie. GameObjects
'Packages/com.unity.cinemachine/Editor/Editors/CinemachineVirtualCameraBaseEditor.cs' contains partial class of Unity.Object, exactly 1 of the partial classes needs to be in a file with the same filename. This is to know the one that can be referenced from ie. GameObjects
Refreshing native plugins compatible for Editor in 1.45 ms, found 3 plugins.
Native extension for UWP target not found
Native extension for WindowsStandalone target not found
Assembly reference Packages/com.unity.cinemachine/Editor/Samples/ExposeHDRPInternals/HDRP-Editor-ref.asmref has no target assembly definition
Package Manager log level set to [2]
[Package Manager] Failed to launch server process. Reason: Unity was launched with the -noUpm command-line argument
[Package Manager] Unable to send message (not connected to server process).
[Package Manager] Cannot connect to Unity Package Manager local server
[Package Manager] Failed to launch server process. Reason: Unity was launched with the -noUpm command-line argument
[Package Manager] Unable to send message (not connected to server process).
[Package Manager] Cannot connect to Unity Package Manager local server
ScheduleIndexationOnStartup MainProcess:False IndexOnStartup:True
Mono: successfully reloaded assembly
- Finished resetting the current domain, in  8.414 seconds
Domain Reload Profiling: 10281ms
	BeginReloadAssembly (345ms)
		ExecutionOrderSort (0ms)
		DisableScriptedObjects (10ms)
		BackupInstance (0ms)
		ReleaseScriptingObjects (0ms)
		CreateAndSetChildDomain (48ms)
	RebuildCommonClasses (65ms)
	RebuildNativeTypeToScriptingClass (23ms)
	initialDomainReloadingComplete (117ms)
	LoadAllAssembliesAndSetupDomain (1316ms)
		LoadAssemblies (899ms)
		RebuildTransferFunctionScriptingTraits (0ms)
		AnalyzeDomain (631ms)
			TypeCache.Refresh (489ms)
				TypeCache.ScanAssembly (464ms)
			BuildScriptInfoCaches (108ms)
			ResolveRequiredComponents (27ms)
	FinalizeReload (8415ms)
		ReleaseScriptCaches (0ms)
		RebuildScriptCaches (0ms)
		SetupLoadedEditorAssemblies (7834ms)
			LogAssemblyErrors (0ms)
			InitializePlatformSupportModulesInManaged (3ms)
			SetLoadedEditorAssemblies (7ms)
			BeforeProcessingInitializeOnLoad (232ms)
			ProcessInitializeOnLoadAttributes (7482ms)
			ProcessInitializeOnLoadMethodAttributes (105ms)
			AfterProcessingInitializeOnLoad (5ms)
			EditorAssembliesLoaded (0ms)
		ExecutionOrderSort2 (0ms)
		AwakeInstancesAfterBackupRestoration (13ms)
Launched and connected shader compiler UnityShaderCompiler.exe after 0.06 seconds
Refreshing native plugins compatible for Editor in 2.46 ms, found 3 plugins.
Preloading 0 native plugins for Editor in 0.00 ms.
Unloading 17 Unused Serialized files (Serialized files now loaded: 0)
Unloading 6944 unused Assets / (4.8 MB). Loaded Objects now: 7792.
Memory consumption went from 152.8 MB to 148.0 MB.
Total: 14.814100 ms (FindLiveObjects: 1.268400 ms CreateObjectMapping: 0.743000 ms MarkObjects: 8.655700 ms  DeleteObjects: 4.144800 ms)

========================================================================
Received Prepare
Assembly reference Packages/com.unity.cinemachine/Editor/Samples/ExposeHDRPInternals/HDRP-Editor-ref.asmref has no target assembly definition
Assembly reference Packages/com.unity.cinemachine/Editor/Samples/ExposeHDRPInternals/HDRP-Editor-ref.asmref has no target assembly definition
Begin MonoManager ReloadAssembly
[Licensing::Client] Successfully resolved entitlement details
Duplicate assembly 'System.Collections.Immutable.FSR.dll' with different versions detected, using 'Assets/FastScriptReload/Plugins/Roslyn/2021+/System.Collections.Immutable.FSR.dll, AssemblyName=System.Collections.Immutable, Version=7.0.0.0, Culture=neutral, PublicKeyToken=b03f5f7f11d50a3a' and ignoring 'Assets/FastScriptReload/Plugins/Roslyn/System.Collections.Immutable.dll, AssemblyName=System.Collections.Immutable, Version=1.2.3.0, Culture=neutral, PublicKeyToken=b03f5f7f11d50a3a'.Duplicate assembly 'System.Collections.Immutable.FSR.dll' with different versions detected, using 'Assets/FastScriptReload/Plugins/Roslyn/2021+/System.Collections.Immutable.FSR.dll, AssemblyName=System.Collections.Immutable, Version=7.0.0.0, Culture=neutral, PublicKeyToken=b03f5f7f11d50a3a' and ignoring 'Assets/FastScriptReload/Plugins/Roslyn/2021+/System.Collections.Immutable.dll, AssemblyName=System.Collections.Immutable, Version=1.2.3.0, Culture=neutral, PublicKeyToken=b03f5f7f11d50a3a'.Duplicate assembly 'System.Reflection.Metadata.dll' with different versions detected, using 'Assets/FastScriptReload/Plugins/Roslyn/2021+/System.Reflection.Metadata.dll, AssemblyName=System.Reflection.Metadata, Version=7.0.0.0, Culture=neutral, PublicKeyToken=b03f5f7f11d50a3a' and ignoring 'Assets/FastScriptReload/Plugins/Roslyn/System.Reflection.Metadata.dll, AssemblyName=System.Reflection.Metadata, Version=1.4.3.0, Culture=neutral, PublicKeyToken=b03f5f7f11d50a3a'.Duplicate assembly 'Microsoft.CodeAnalysis.CSharp.dll' with different versions detected, using 'Assets/FastScriptReload/Plugins/Roslyn/2021+/Microsoft.CodeAnalysis.CSharp.dll, AssemblyName=Microsoft.CodeAnalysis.CSharp, Version=4.6.0.0, Culture=neutral, PublicKeyToken=31bf3856ad364e35' and ignoring 'Assets/FastScriptReload/Plugins/Roslyn/Microsoft.CodeAnalysis.CSharp.dll, AssemblyName=Microsoft.CodeAnalysis.CSharp, Version=2.10.0.0, Culture=neutral, PublicKeyToken=31bf3856ad364e35'.Duplicate assembly 'Microsoft.CodeAnalysis.dll' with different versions detected, using 'Assets/FastScriptReload/Plugins/Roslyn/2021+/Microsoft.CodeAnalysis.dll, AssemblyName=Microsoft.CodeAnalysis, Version=4.6.0.0, Culture=neutral, PublicKeyToken=31bf3856ad364e35' and ignoring 'Assets/FastScriptReload/Plugins/Roslyn/Microsoft.CodeAnalysis.dll, AssemblyName=Microsoft.CodeAnalysis, Version=2.10.0.0, Culture=neutral, PublicKeyToken=31bf3856ad364e35'.- Loaded All Assemblies, in  1.639 seconds
Assembly reference Packages/com.unity.cinemachine/Editor/Samples/ExposeHDRPInternals/HDRP-Editor-ref.asmref has no target assembly definition
'Packages/com.unity.cinemachine/Editor/Obsolete/CinemachineVirtualCameraBaseEditor.cs' contains partial class of Unity.Object, exactly 1 of the partial classes needs to be in a file with the same filename. This is to know the one that can be referenced from ie. GameObjects
'Packages/com.unity.cinemachine/Editor/Editors/CinemachineVirtualCameraBaseEditor.cs' contains partial class of Unity.Object, exactly 1 of the partial classes needs to be in a file with the same filename. This is to know the one that can be referenced from ie. GameObjects
Refreshing native plugins compatible for Editor in 1.69 ms, found 3 plugins.
Assertion failed on expression: 'pred(*previous, *i)'
Assertion failed on expression: 'pred(*previous, *i)'
Assertion failed on expression: 'pred(*previous, *i)'
Assertion failed on expression: 'pred(*previous, *i)'
Assertion failed on expression: 'pred(*previous, *i)'
Assertion failed on expression: 'pred(*previous, *i)'
Assertion failed on expression: 'pred(*previous, *i)'
Assertion failed on expression: 'pred(*previous, *i)'
Assertion failed on expression: 'pred(*previous, *i)'
Assertion failed on expression: 'pred(*previous, *i)'
Assertion failed on expression: 'pred(*previous, *i)'
Assertion failed on expression: 'pred(*previous, *i)'
Assertion failed on expression: 'pred(*previous, *i)'
Assertion failed on expression: 'pred(*previous, *i)'
Assertion failed on expression: 'pred(*previous, *i)'
Native extension for UWP target not found
Native extension for WindowsStandalone target not found
Assembly reference Packages/com.unity.cinemachine/Editor/Samples/ExposeHDRPInternals/HDRP-Editor-ref.asmref has no target assembly definition
[Package Manager] Failed to launch server process. Reason: Unity was launched with the -noUpm command-line argument
[Package Manager] Unable to send message (not connected to server process).
[Package Manager] Cannot connect to Unity Package Manager local server
[Package Manager] Failed to launch server process. Reason: Unity was launched with the -noUpm command-line argument
[Package Manager] Unable to send message (not connected to server process).
[Package Manager] Cannot connect to Unity Package Manager local server
ScheduleIndexationOnStartup MainProcess:False IndexOnStartup:True
Mono: successfully reloaded assembly
- Finished resetting the current domain, in  1.888 seconds
Domain Reload Profiling: 3532ms
	BeginReloadAssembly (421ms)
		ExecutionOrderSort (0ms)
		DisableScriptedObjects (11ms)
		BackupInstance (0ms)
		ReleaseScriptingObjects (0ms)
		CreateAndSetChildDomain (93ms)
	RebuildCommonClasses (63ms)
	RebuildNativeTypeToScriptingClass (26ms)
	initialDomainReloadingComplete (92ms)
	LoadAllAssembliesAndSetupDomain (1040ms)
		LoadAssemblies (690ms)
		RebuildTransferFunctionScriptingTraits (0ms)
		AnalyzeDomain (559ms)
			TypeCache.Refresh (154ms)
				TypeCache.ScanAssembly (138ms)
			BuildScriptInfoCaches (348ms)
			ResolveRequiredComponents (49ms)
	FinalizeReload (1889ms)
		ReleaseScriptCaches (0ms)
		RebuildScriptCaches (0ms)
		SetupLoadedEditorAssemblies (1585ms)
			LogAssemblyErrors (0ms)
			InitializePlatformSupportModulesInManaged (3ms)
			SetLoadedEditorAssemblies (9ms)
			BeforeProcessingInitializeOnLoad (276ms)
			ProcessInitializeOnLoadAttributes (1167ms)
			ProcessInitializeOnLoadMethodAttributes (125ms)
			AfterProcessingInitializeOnLoad (6ms)
			EditorAssembliesLoaded (1ms)
		ExecutionOrderSort2 (0ms)
		AwakeInstancesAfterBackupRestoration (30ms)
Refreshing native plugins compatible for Editor in 1.64 ms, found 3 plugins.
Preloading 0 native plugins for Editor in 0.00 ms.
Unloading 17 Unused Serialized files (Serialized files now loaded: 0)
Unloading 6977 unused Assets / (3.8 MB). Loaded Objects now: 7833.
Memory consumption went from 158.3 MB to 154.5 MB.
Total: 14.859400 ms (FindLiveObjects: 1.148400 ms CreateObjectMapping: 0.796700 ms MarkObjects: 9.189300 ms  DeleteObjects: 3.723000 ms)

Prepare: number of updated asset objects reloaded= 0
========================================================================
Received Import Request.
  Time since last request: 30497.471077 seconds.
  path: Assets/FastScriptReload/Scripts/Editor/Compilation/DynamicAssemblyCompiler.cs
  artifactKey: Guid(616fd2855e784e728009a00bc1f09255) Importer(2089858483,b0f066a214c2f5e87bad3c948f4d605d)
Start importing Assets/FastScriptReload/Scripts/Editor/Compilation/DynamicAssemblyCompiler.cs using Guid(616fd2855e784e728009a00bc1f09255) Importer(2089858483,b0f066a214c2f5e87bad3c948f4d605d) (ScriptedImporter) -> (artifact id: '20709868daadc56e3038ba89b30f1e9d') in 0.1351624 seconds
Number of updated asset objects reloaded before import = 0Number of asset objects unloaded after import = 0

========================================================================
Received Import Request.
  Time since last request: 0.000025 seconds.
  path: Assets/FastScriptReload/Plugins/ImmersiveVrToolsCommon/ImmersiveVRTools.Common.Editor.dll
  artifactKey: Guid(1f20b53a7360a6f40957117be6217b96) Importer(2089858483,b0f066a214c2f5e87bad3c948f4d605d)
Start importing Assets/FastScriptReload/Plugins/ImmersiveVrToolsCommon/ImmersiveVRTools.Common.Editor.dll using Guid(1f20b53a7360a6f40957117be6217b96) Importer(2089858483,b0f066a214c2f5e87bad3c948f4d605d) (ScriptedImporter) -> (artifact id: '9101968aa9c9a9d0eee166e34d4942a5') in 0.032318 seconds
Number of updated asset objects reloaded before import = 0Number of asset objects unloaded after import = 0

========================================================================
Received Import Request.
  Time since last request: 0.000043 seconds.
  path: Assets/FastScriptReload/Scripts/Editor/Compilation/CodeRewriting/FieldsWalker.cs
  artifactKey: Guid(e4a18d5133af410bab07d9c1a973fe7a) Importer(2089858483,b0f066a214c2f5e87bad3c948f4d605d)
Start importing Assets/FastScriptReload/Scripts/Editor/Compilation/CodeRewriting/FieldsWalker.cs using Guid(e4a18d5133af410bab07d9c1a973fe7a) Importer(2089858483,b0f066a214c2f5e87bad3c948f4d605d) (ScriptedImporter) -> (artifact id: '7148534d7fab2e29843ee158cea03ad3') in 0.0081768 seconds
Number of updated asset objects reloaded before import = 0Number of asset objects unloaded after import = 0

========================================================================
Received Import Request.
  Time since last request: 0.000022 seconds.
  path: Assets/FastScriptReload/Plugins/Roslyn/2019+/Microsoft.CodeAnalysis.CSharp.dll
  artifactKey: Guid(aa900f3e8ecf37343bb158cd68e5718d) Importer(2089858483,b0f066a214c2f5e87bad3c948f4d605d)
Start importing Assets/FastScriptReload/Plugins/Roslyn/2019+/Microsoft.CodeAnalysis.CSharp.dll using Guid(aa900f3e8ecf37343bb158cd68e5718d) Importer(2089858483,b0f066a214c2f5e87bad3c948f4d605d) (ScriptedImporter) -> (artifact id: '9d7222f1edcf30c99bb4523831f7a25d') in 0.0098089 seconds
Number of updated asset objects reloaded before import = 0Number of asset objects unloaded after import = 0

========================================================================
Received Import Request.
  Time since last request: 0.000032 seconds.
  path: Assets/FastScriptReload/Scripts/Editor/Compilation/CodeRewriting/Partials/PartialTypeCombiner.cs
  artifactKey: Guid(cc8170320f3a463590d434f7e0570ea0) Importer(2089858483,b0f066a214c2f5e87bad3c948f4d605d)
Start importing Assets/FastScriptReload/Scripts/Editor/Compilation/CodeRewriting/Partials/PartialTypeCombiner.cs using Guid(cc8170320f3a463590d434f7e0570ea0) Importer(2089858483,b0f066a214c2f5e87bad3c948f4d605d) (ScriptedImporter) -> (artifact id: '78c5a3919b9387b196298458d9e1f7d0') in 0.0077253 seconds
Number of updated asset objects reloaded before import = 0Number of asset objects unloaded after import = 0

========================================================================
Received Import Request.
  Time since last request: 0.000022 seconds.
  path: Assets/FastScriptReload/Plugins/ImmersiveVrToolsCommon/ImmersiveVRToolsCommonLicense.txt
  artifactKey: Guid(656785d4ce824de4ac3c58af77fec60d) Importer(2089858483,b0f066a214c2f5e87bad3c948f4d605d)
Start importing Assets/FastScriptReload/Plugins/ImmersiveVrToolsCommon/ImmersiveVRToolsCommonLicense.txt using Guid(656785d4ce824de4ac3c58af77fec60d) Importer(2089858483,b0f066a214c2f5e87bad3c948f4d605d) (ScriptedImporter) -> (artifact id: 'e2d3bdcf27487782491b5a4a6f5e51b5') in 0.0085157 seconds
Number of updated asset objects reloaded before import = 0Number of asset objects unloaded after import = 1

========================================================================
Received Import Request.
  Time since last request: 0.000034 seconds.
  path: Assets/FastScriptReload/Scripts/Runtime/AssemblyChangesLoaderResolver.cs
  artifactKey: Guid(081d773c8ade429dad5f6c7bb61e09e9) Importer(2089858483,b0f066a214c2f5e87bad3c948f4d605d)
Start importing Assets/FastScriptReload/Scripts/Runtime/AssemblyChangesLoaderResolver.cs using Guid(081d773c8ade429dad5f6c7bb61e09e9) Importer(2089858483,b0f066a214c2f5e87bad3c948f4d605d) (ScriptedImporter) -> (artifact id: '6382041f17ca9f210eab1f4e953f15fb') in 0.0089445 seconds
Number of updated asset objects reloaded before import = 0Number of asset objects unloaded after import = 0

========================================================================
Received Import Request.
  Time since last request: 0.000027 seconds.
  path: Assets/FastScriptReload/Scripts/Editor/Compilation/CodeRewriting/NewFieldsRewriter.cs
  artifactKey: Guid(0e9e687bdfc0444395deab1e7c68ed3f) Importer(2089858483,b0f066a214c2f5e87bad3c948f4d605d)
Start importing Assets/FastScriptReload/Scripts/Editor/Compilation/CodeRewriting/NewFieldsRewriter.cs using Guid(0e9e687bdfc0444395deab1e7c68ed3f) Importer(2089858483,b0f066a214c2f5e87bad3c948f4d605d) (ScriptedImporter) -> (artifact id: 'b34c745fa195498909093c5f325c093e') in 0.0084739 seconds
Number of updated asset objects reloaded before import = 0Number of asset objects unloaded after import = 0

========================================================================
Received Import Request.
  Time since last request: 0.000021 seconds.
  path: Assets/FastScriptReload/Scripts/Runtime/AssemblyChangesLoader.cs
  artifactKey: Guid(a284bdff76434719b039471af39579fc) Importer(2089858483,b0f066a214c2f5e87bad3c948f4d605d)
Start importing Assets/FastScriptReload/Scripts/Runtime/AssemblyChangesLoader.cs using Guid(a284bdff76434719b039471af39579fc) Importer(2089858483,b0f066a214c2f5e87bad3c948f4d605d) (ScriptedImporter) -> (artifact id: '6988a63857bf0a92dbe152314b5c00d3') in 0.0077952 seconds
Number of updated asset objects reloaded before import = 0Number of asset objects unloaded after import = 0

========================================================================
Received Import Request.
  Time since last request: 0.000025 seconds.
  path: Assets/FastScriptReload/Plugins/Roslyn/2021+/System.Runtime.CompilerServices.Unsafe.xml
  artifactKey: Guid(37aa3a1626690b44da6b8799b8f26450) Importer(2089858483,b0f066a214c2f5e87bad3c948f4d605d)
Start importing Assets/FastScriptReload/Plugins/Roslyn/2021+/System.Runtime.CompilerServices.Unsafe.xml using Guid(37aa3a1626690b44da6b8799b8f26450) Importer(2089858483,b0f066a214c2f5e87bad3c948f4d605d) (ScriptedImporter) -> (artifact id: '640941bc4b4822987811c7d267302052') in 0.0076181 seconds
Number of updated asset objects reloaded before import = 0Number of asset objects unloaded after import = 1

========================================================================
Received Import Request.
  Time since last request: 0.000038 seconds.
  path: Assets/FastScriptReload/Scripts/Editor/FastScriptReloadWelcomeScreen.cs
  artifactKey: Guid(c6a8c4c57b66cb149b99992f6f35e74e) Importer(2089858483,b0f066a214c2f5e87bad3c948f4d605d)
Start importing Assets/FastScriptReload/Scripts/Editor/FastScriptReloadWelcomeScreen.cs using Guid(c6a8c4c57b66cb149b99992f6f35e74e) Importer(2089858483,b0f066a214c2f5e87bad3c948f4d605d) (ScriptedImporter) -> (artifact id: '59a7e90cbf0129d8ff3f9a9eab950a90') in 0.0078353 seconds
Number of updated asset objects reloaded before import = 0Number of asset objects unloaded after import = 0

========================================================================
Received Import Request.
  Time since last request: 0.000021 seconds.
  path: Assets/FastScriptReload/Plugins/Roslyn/2021+/System.Reflection.Metadata.xml
  artifactKey: Guid(2995ab795c7c4854d991cb7b672c14aa) Importer(2089858483,b0f066a214c2f5e87bad3c948f4d605d)
Start importing Assets/FastScriptReload/Plugins/Roslyn/2021+/System.Reflection.Metadata.xml using Guid(2995ab795c7c4854d991cb7b672c14aa) Importer(2089858483,b0f066a214c2f5e87bad3c948f4d605d) (ScriptedImporter) -> (artifact id: 'ca43e3ac95bb7d5c08cadfac961c5b52') in 0.0079866 seconds
Number of updated asset objects reloaded before import = 0Number of asset objects unloaded after import = 1

========================================================================
Received Import Request.
  Time since last request: 0.000023 seconds.
  path: Assets/FastScriptReload/Plugins/Roslyn/2019+/System.Collections.Immutable.dll
  artifactKey: Guid(ef253369b6dd9f4438722b050ca92f39) Importer(2089858483,b0f066a214c2f5e87bad3c948f4d605d)
Start importing Assets/FastScriptReload/Plugins/Roslyn/2019+/System.Collections.Immutable.dll using Guid(ef253369b6dd9f4438722b050ca92f39) Importer(2089858483,b0f066a214c2f5e87bad3c948f4d605d) (ScriptedImporter) -> (artifact id: '93e9624be0b7226155b0b580d5c18aa5') in 0.0080185 seconds
Number of updated asset objects reloaded before import = 0Number of asset objects unloaded after import = 0

========================================================================
Received Import Request.
  Time since last request: 0.000025 seconds.
  path: Assets/FastScriptReload/Scripts/Editor/FastScriptReload.Editor.asmdef
  artifactKey: Guid(97dcf6b63da809f4aa9573d9e792e540) Importer(2089858483,b0f066a214c2f5e87bad3c948f4d605d)
Start importing Assets/FastScriptReload/Scripts/Editor/FastScriptReload.Editor.asmdef using Guid(97dcf6b63da809f4aa9573d9e792e540) Importer(2089858483,b0f066a214c2f5e87bad3c948f4d605d) (ScriptedImporter) -> (artifact id: '3b8fcddd71365b6e9d6029cabd4af1f9') in 0.0091831 seconds
Number of updated asset objects reloaded before import = 0Number of asset objects unloaded after import = 1

========================================================================
Received Import Request.
  Time since last request: 0.000032 seconds.
  path: Assets/FastScriptReload/Plugins/Roslyn/2021+/System.Threading.Tasks.Extensions.dll
  artifactKey: Guid(337544ddb4628f340bd86d16c5d58caa) Importer(2089858483,b0f066a214c2f5e87bad3c948f4d605d)
Start importing Assets/FastScriptReload/Plugins/Roslyn/2021+/System.Threading.Tasks.Extensions.dll using Guid(337544ddb4628f340bd86d16c5d58caa) Importer(2089858483,b0f066a214c2f5e87bad3c948f4d605d) (ScriptedImporter) -> (artifact id: '48249312cff6c438920bd63a89ef66bb') in 0.008755 seconds
Number of updated asset objects reloaded before import = 0Number of asset objects unloaded after import = 0

========================================================================
Received Import Request.
  Time since last request: 0.000023 seconds.
  path: Assets/FastScriptReload/Plugins/Roslyn/2019+/Microsoft.CodeAnalysis.dll
  artifactKey: Guid(b6ebf747d582ac34fa013efea6bda29d) Importer(2089858483,b0f066a214c2f5e87bad3c948f4d605d)
Start importing Assets/FastScriptReload/Plugins/Roslyn/2019+/Microsoft.CodeAnalysis.dll using Guid(b6ebf747d582ac34fa013efea6bda29d) Importer(2089858483,b0f066a214c2f5e87bad3c948f4d605d) (ScriptedImporter) -> (artifact id: '75f4eb2964a200ef828f996c32986773') in 0.0087323 seconds
Number of updated asset objects reloaded before import = 0Number of asset objects unloaded after import = 0

========================================================================
Received Import Request.
  Time since last request: 0.000025 seconds.
  path: Assets/FastScriptReload/Scripts/Editor/Compilation/CodeRewriting/ManualUserDefinedScriptOverridesRewriter.cs
  artifactKey: Guid(7d61f64c891c45b68a7db1ea67854127) Importer(2089858483,b0f066a214c2f5e87bad3c948f4d605d)
Start importing Assets/FastScriptReload/Scripts/Editor/Compilation/CodeRewriting/ManualUserDefinedScriptOverridesRewriter.cs using Guid(7d61f64c891c45b68a7db1ea67854127) Importer(2089858483,b0f066a214c2f5e87bad3c948f4d605d) (ScriptedImporter) -> (artifact id: '2721bd76af8435fd3d041b7dadb46ba6') in 0.0069566 seconds
Number of updated asset objects reloaded before import = 0Number of asset objects unloaded after import = 0

========================================================================
Received Import Request.
  Time since last request: 0.000025 seconds.
  path: Assets/FastScriptReload/Scripts/Editor/GUI/ProjectWindowReloadStatusIndicatorDrawer.cs
  artifactKey: Guid(f4248f4ad21143d296208aa98ad3cfdf) Importer(2089858483,b0f066a214c2f5e87bad3c948f4d605d)
Start importing Assets/FastScriptReload/Scripts/Editor/GUI/ProjectWindowReloadStatusIndicatorDrawer.cs using Guid(f4248f4ad21143d296208aa98ad3cfdf) Importer(2089858483,b0f066a214c2f5e87bad3c948f4d605d) (ScriptedImporter) -> (artifact id: 'aed6021b900670027346fde94cfdb1c9') in 0.0084408 seconds
Number of updated asset objects reloaded before import = 0Number of asset objects unloaded after import = 0

========================================================================
Received Import Request.
  Time since last request: 0.000037 seconds.
  path: Assets/FastScriptReload/Scripts/Editor/Compilation/DynamicCompilationBase.cs
  artifactKey: Guid(4301ea2066a04de58f95c515e910ae3e) Importer(2089858483,b0f066a214c2f5e87bad3c948f4d605d)
Start importing Assets/FastScriptReload/Scripts/Editor/Compilation/DynamicCompilationBase.cs using Guid(4301ea2066a04de58f95c515e910ae3e) Importer(2089858483,b0f066a214c2f5e87bad3c948f4d605d) (ScriptedImporter) -> (artifact id: 'a6689aa630ef388242bc1829e4d53c2b') in 0.00786 seconds
Number of updated asset objects reloaded before import = 0Number of asset objects unloaded after import = 0

========================================================================
Received Import Request.
  Time since last request: 0.000024 seconds.
  path: Assets/FastScriptReload/Documentation/documentation.md
  artifactKey: Guid(b15135889062bcf428b025b2fb045da8) Importer(2089858483,b0f066a214c2f5e87bad3c948f4d605d)
Start importing Assets/FastScriptReload/Documentation/documentation.md using Guid(b15135889062bcf428b025b2fb045da8) Importer(2089858483,b0f066a214c2f5e87bad3c948f4d605d) (ScriptedImporter) -> (artifact id: '0962a8719a39cd60d7a320533a904035') in 0.0079275 seconds
Number of updated asset objects reloaded before import = 0Number of asset objects unloaded after import = 1

========================================================================
Received Import Request.
  Time since last request: 0.000025 seconds.
  path: Assets/FastScriptReload/Scripts/Runtime/ProjectTypeCache.cs
  artifactKey: Guid(5aeccbff964049a39b81fe0fe5714b31) Importer(2089858483,b0f066a214c2f5e87bad3c948f4d605d)
Start importing Assets/FastScriptReload/Scripts/Runtime/ProjectTypeCache.cs using Guid(5aeccbff964049a39b81fe0fe5714b31) Importer(2089858483,b0f066a214c2f5e87bad3c948f4d605d) (ScriptedImporter) -> (artifact id: 'b00355a77fc25aa983882bccd3b07f4b') in 0.008358 seconds
Number of updated asset objects reloaded before import = 0Number of asset objects unloaded after import = 0

========================================================================
Received Import Request.
  Time since last request: 0.000027 seconds.
  path: Assets/FastScriptReload/Scripts/Editor/AssemblyPostProcess/AddInternalsVisibleToForAllUserAssembliesPostProcess.cs
  artifactKey: Guid(b2f64e1d1e2642f9ab712970582c0b45) Importer(2089858483,b0f066a214c2f5e87bad3c948f4d605d)
Start importing Assets/FastScriptReload/Scripts/Editor/AssemblyPostProcess/AddInternalsVisibleToForAllUserAssembliesPostProcess.cs using Guid(b2f64e1d1e2642f9ab712970582c0b45) Importer(2089858483,b0f066a214c2f5e87bad3c948f4d605d) (ScriptedImporter) -> (artifact id: '730d7b117e3da73d4dfd6b5ddcede1ee') in 0.0073831 seconds
Number of updated asset objects reloaded before import = 0Number of asset objects unloaded after import = 0

========================================================================
Received Import Request.
  Time since last request: 0.000034 seconds.
  path: Assets/FastScriptReload/Plugins/Roslyn/Microsoft.CSharp.dll
  artifactKey: Guid(8f60cb703cea2fe4ebc2f2cf1a68714b) Importer(2089858483,b0f066a214c2f5e87bad3c948f4d605d)
Start importing Assets/FastScriptReload/Plugins/Roslyn/Microsoft.CSharp.dll using Guid(8f60cb703cea2fe4ebc2f2cf1a68714b) Importer(2089858483,b0f066a214c2f5e87bad3c948f4d605d) (ScriptedImporter) -> (artifact id: 'bbe86e12a88192c83feabd1588da4daf') in 0.0088466 seconds
Number of updated asset objects reloaded before import = 0Number of asset objects unloaded after import = 0

========================================================================
Received Import Request.
  Time since last request: 0.000034 seconds.
  path: Assets/FastScriptReload/Plugins/ImmersiveVrToolsCommon/ImmersiveVRTools.Common.Runtime.dll
  artifactKey: Guid(42c3f40ad0520e442aa80842ab9748a9) Importer(2089858483,b0f066a214c2f5e87bad3c948f4d605d)
Start importing Assets/FastScriptReload/Plugins/ImmersiveVrToolsCommon/ImmersiveVRTools.Common.Runtime.dll using Guid(42c3f40ad0520e442aa80842ab9748a9) Importer(2089858483,b0f066a214c2f5e87bad3c948f4d605d) (ScriptedImporter) -> (artifact id: 'a483ea35dd86dcf80ab0f6f669ce8e00') in 0.0271132 seconds
Number of updated asset objects reloaded before import = 0Number of asset objects unloaded after import = 0

========================================================================
Received Import Request.
  Time since last request: 0.000022 seconds.
  path: Assets/FastScriptReload/Tests/Runtime/Integration/CodePatterns/AccessingIdentifierNamedSameAsMethod.cs
  artifactKey: Guid(9547b5fa81e34288864da7ad1ebadaad) Importer(2089858483,b0f066a214c2f5e87bad3c948f4d605d)
Start importing Assets/FastScriptReload/Tests/Runtime/Integration/CodePatterns/AccessingIdentifierNamedSameAsMethod.cs using Guid(9547b5fa81e34288864da7ad1ebadaad) Importer(2089858483,b0f066a214c2f5e87bad3c948f4d605d) (ScriptedImporter) -> (artifact id: '456fc0f4019044f88d36735da2d7dc86') in 0.0075688 seconds
Number of updated asset objects reloaded before import = 0Number of asset objects unloaded after import = 0

========================================================================
Received Import Request.
  Time since last request: 0.000025 seconds.
  path: Assets/FastScriptReload/Scripts/Editor/Compilation/CodeRewriting/BuilderPatternFunctionsRewriter.cs
  artifactKey: Guid(ad3d5960a86c431cbea11b8962fa361e) Importer(2089858483,b0f066a214c2f5e87bad3c948f4d605d)
Start importing Assets/FastScriptReload/Scripts/Editor/Compilation/CodeRewriting/BuilderPatternFunctionsRewriter.cs using Guid(ad3d5960a86c431cbea11b8962fa361e) Importer(2089858483,b0f066a214c2f5e87bad3c948f4d605d) (ScriptedImporter) -> (artifact id: 'd60f656e19ed2b7e6ec39edc17b5d37d') in 0.0064395 seconds
Number of updated asset objects reloaded before import = 0Number of asset objects unloaded after import = 0

========================================================================
Received Import Request.
  Time since last request: 0.000030 seconds.
  path: Assets/FastScriptReload/Plugins/Roslyn/2021+/Microsoft.CodeAnalysis.CSharp.dll
  artifactKey: Guid(139b14934c1c2ce4dac3f527ac5e78e9) Importer(2089858483,b0f066a214c2f5e87bad3c948f4d605d)
Start importing Assets/FastScriptReload/Plugins/Roslyn/2021+/Microsoft.CodeAnalysis.CSharp.dll using Guid(139b14934c1c2ce4dac3f527ac5e78e9) Importer(2089858483,b0f066a214c2f5e87bad3c948f4d605d) (ScriptedImporter) -> (artifact id: '1df9ced034caa2b1dbd675cb404f3aaa') in 0.007125 seconds
Number of updated asset objects reloaded before import = 0Number of asset objects unloaded after import = 0

========================================================================
Received Import Request.
  Time since last request: 0.000021 seconds.
  path: Assets/FastScriptReload/Tests/Runtime/FastScriptReload.Tests.Runtime.asmdef
  artifactKey: Guid(11386f958962b1e4bb7bfe4849957216) Importer(2089858483,b0f066a214c2f5e87bad3c948f4d605d)
Start importing Assets/FastScriptReload/Tests/Runtime/FastScriptReload.Tests.Runtime.asmdef using Guid(11386f958962b1e4bb7bfe4849957216) Importer(2089858483,b0f066a214c2f5e87bad3c948f4d605d) (ScriptedImporter) -> (artifact id: '8db25b1a3e7b18c6e422596cb2b2d38a') in 0.0065499 seconds
Number of updated asset objects reloaded before import = 0Number of asset objects unloaded after import = 1

========================================================================
Received Import Request.
  Time since last request: 0.000026 seconds.
  path: Assets/FastScriptReload/Tests/Editor/Integration/CodePatterns
  artifactKey: Guid(00114660f9e847a68740513c9316c1ef) Importer(2089858483,b0f066a214c2f5e87bad3c948f4d605d)
Start importing Assets/FastScriptReload/Tests/Editor/Integration/CodePatterns using Guid(00114660f9e847a68740513c9316c1ef) Importer(2089858483,b0f066a214c2f5e87bad3c948f4d605d) (ScriptedImporter) -> (artifact id: 'e084c71512a0370799f4ffe481bff62a') in 0.0065792 seconds
Number of updated asset objects reloaded before import = 0Number of asset objects unloaded after import = 1

========================================================================
Received Import Request.
  Time since last request: 0.000022 seconds.
  path: Assets/FastScriptReload/Plugins/Roslyn/2021+/System.Collections.Immutable.FSR.dll
  artifactKey: Guid(9136761bcf6d7f54d94a6763da626ceb) Importer(2089858483,b0f066a214c2f5e87bad3c948f4d605d)
Start importing Assets/FastScriptReload/Plugins/Roslyn/2021+/System.Collections.Immutable.FSR.dll using Guid(9136761bcf6d7f54d94a6763da626ceb) Importer(2089858483,b0f066a214c2f5e87bad3c948f4d605d) (ScriptedImporter) -> (artifact id: '0dff5d9dd3e5e3a901de020f9c3c4cf5') in 0.0078862 seconds
Number of updated asset objects reloaded before import = 0Number of asset objects unloaded after import = 0

========================================================================
Received Import Request.
  Time since last request: 0.000032 seconds.
  path: Assets/FastScriptReload/Plugins/Roslyn/2021+/System.Collections.Immutable.dll
  artifactKey: Guid(8fe61eaaa3c4e714c8b9c78ce0303b3a) Importer(2089858483,b0f066a214c2f5e87bad3c948f4d605d)
Start importing Assets/FastScriptReload/Plugins/Roslyn/2021+/System.Collections.Immutable.dll using Guid(8fe61eaaa3c4e714c8b9c78ce0303b3a) Importer(2089858483,b0f066a214c2f5e87bad3c948f4d605d) (ScriptedImporter) -> (artifact id: 'c295bfffc3401c79f6d370f27dea2f17') in 0.0078507 seconds
Number of updated asset objects reloaded before import = 0Number of asset objects unloaded after import = 0

========================================================================
Received Import Request.
  Time since last request: 0.000025 seconds.
  path: Assets/FastScriptReload/Tests/Runtime/Integration/CodePatterns/NewFieldInitDictionariesWithLocalFunction.cs
  artifactKey: Guid(1259153f60d44926bab184251760d203) Importer(2089858483,b0f066a214c2f5e87bad3c948f4d605d)
Start importing Assets/FastScriptReload/Tests/Runtime/Integration/CodePatterns/NewFieldInitDictionariesWithLocalFunction.cs using Guid(1259153f60d44926bab184251760d203) Importer(2089858483,b0f066a214c2f5e87bad3c948f4d605d) (ScriptedImporter) -> (artifact id: 'a0405f49767767972d38a4a9db9acb11') in 0.0062433 seconds
Number of updated asset objects reloaded before import = 0Number of asset objects unloaded after import = 0

========================================================================
Received Import Request.
  Time since last request: 0.000019 seconds.
  path: Assets/FastScriptReload/Scripts/Editor/Compilation/CodeRewriting/ConstructorRewriter.cs
  artifactKey: Guid(1d2a76467ecd40529f59bc68be8d7289) Importer(2089858483,b0f066a214c2f5e87bad3c948f4d605d)
Start importing Assets/FastScriptReload/Scripts/Editor/Compilation/CodeRewriting/ConstructorRewriter.cs using Guid(1d2a76467ecd40529f59bc68be8d7289) Importer(2089858483,b0f066a214c2f5e87bad3c948f4d605d) (ScriptedImporter) -> (artifact id: 'e171ff758ac6d1f908f391f2badcdddc') in 0.0063707 seconds
Number of updated asset objects reloaded before import = 0Number of asset objects unloaded after import = 0

========================================================================
Received Import Request.
  Time since last request: 0.000027 seconds.
  path: Assets/FastScriptReload/Scripts/Editor/NewFields/NewFieldsRendererDefaultEditorPatch.cs
  artifactKey: Guid(4a118f6ef99b4cf5b207a27cb07d9cf2) Importer(2089858483,b0f066a214c2f5e87bad3c948f4d605d)
Start importing Assets/FastScriptReload/Scripts/Editor/NewFields/NewFieldsRendererDefaultEditorPatch.cs using Guid(4a118f6ef99b4cf5b207a27cb07d9cf2) Importer(2089858483,b0f066a214c2f5e87bad3c948f4d605d) (ScriptedImporter) -> (artifact id: '19fc7f5784769e9ee21ef18201c8a179') in 0.0065809 seconds
Number of updated asset objects reloaded before import = 0Number of asset objects unloaded after import = 0

========================================================================
Received Import Request.
  Time since last request: 0.000036 seconds.
  path: Assets/FastScriptReload/Scripts/Editor/Compilation/CodeRewriting/HotReloadCompliantRewriter.cs
  artifactKey: Guid(f75e3e02acfa4397a558a923f7fa4f8e) Importer(2089858483,b0f066a214c2f5e87bad3c948f4d605d)
Start importing Assets/FastScriptReload/Scripts/Editor/Compilation/CodeRewriting/HotReloadCompliantRewriter.cs using Guid(f75e3e02acfa4397a558a923f7fa4f8e) Importer(2089858483,b0f066a214c2f5e87bad3c948f4d605d) (ScriptedImporter) -> (artifact id: 'fc961ae10340227a3277c0d4929f8866') in 0.0083673 seconds
Number of updated asset objects reloaded before import = 0Number of asset objects unloaded after import = 0

========================================================================
Received Import Request.
  Time since last request: 0.000028 seconds.
  path: Assets/FastScriptReload/Scripts/Editor/Compilation/DotnetExeCompilator.cs
  artifactKey: Guid(334fb2fc5cff4e98bf0f1ced9058cfc2) Importer(2089858483,b0f066a214c2f5e87bad3c948f4d605d)
Start importing Assets/FastScriptReload/Scripts/Editor/Compilation/DotnetExeCompilator.cs using Guid(334fb2fc5cff4e98bf0f1ced9058cfc2) Importer(2089858483,b0f066a214c2f5e87bad3c948f4d605d) (ScriptedImporter) -> (artifact id: '3bde271f771a881b504d2482fa46efa0') in 0.0072812 seconds
Number of updated asset objects reloaded before import = 0Number of asset objects unloaded after import = 0

========================================================================
Received Import Request.
  Time since last request: 0.000024 seconds.
  path: Assets/FastScriptReload/Scripts/Runtime/FastScriptReload.Runtime.asmdef
  artifactKey: Guid(b75b497805046c443a21f90e84a5ff4f) Importer(2089858483,b0f066a214c2f5e87bad3c948f4d605d)
Start importing Assets/FastScriptReload/Scripts/Runtime/FastScriptReload.Runtime.asmdef using Guid(b75b497805046c443a21f90e84a5ff4f) Importer(2089858483,b0f066a214c2f5e87bad3c948f4d605d) (ScriptedImporter) -> (artifact id: '1b1f18c3a57837dd2f3f70fab219e10d') in 0.0068472 seconds
Number of updated asset objects reloaded before import = 0Number of asset objects unloaded after import = 1

========================================================================
Received Import Request.
  Time since last request: 0.000027 seconds.
  path: Assets/FastScriptReload/Tests/Runtime/Integration/CodePatterns
  artifactKey: Guid(be900d2341d1b6843aa0638e6019e965) Importer(2089858483,b0f066a214c2f5e87bad3c948f4d605d)
Start importing Assets/FastScriptReload/Tests/Runtime/Integration/CodePatterns using Guid(be900d2341d1b6843aa0638e6019e965) Importer(2089858483,b0f066a214c2f5e87bad3c948f4d605d) (ScriptedImporter) -> (artifact id: 'a99856aaa5726125a94ef2e9344ee6c3') in 0.0068536 seconds
Number of updated asset objects reloaded before import = 0Number of asset objects unloaded after import = 1

========================================================================
Received Import Request.
  Time since last request: 0.000040 seconds.
  path: Assets/FastScriptReload/Tests/Editor/Integration/CodePatterns/CompileWithRedirectTestBase.cs
  artifactKey: Guid(64e95a038f75d2643a69655937c0a4cd) Importer(2089858483,b0f066a214c2f5e87bad3c948f4d605d)
Start importing Assets/FastScriptReload/Tests/Editor/Integration/CodePatterns/CompileWithRedirectTestBase.cs using Guid(64e95a038f75d2643a69655937c0a4cd) Importer(2089858483,b0f066a214c2f5e87bad3c948f4d605d) (ScriptedImporter) -> (artifact id: '8c40ffe63214ef85f2821446eaef660d') in 0.0073074 seconds
Number of updated asset objects reloaded before import = 0Number of asset objects unloaded after import = 0

========================================================================
Received Import Request.
  Time since last request: 0.000024 seconds.
  path: Assets/FastScriptReload/Plugins/Roslyn/2021+
  artifactKey: Guid(70d195e83e3a18d429e11445ca3df423) Importer(2089858483,b0f066a214c2f5e87bad3c948f4d605d)
Start importing Assets/FastScriptReload/Plugins/Roslyn/2021+ using Guid(70d195e83e3a18d429e11445ca3df423) Importer(2089858483,b0f066a214c2f5e87bad3c948f4d605d) (ScriptedImporter) -> (artifact id: '6d3d1e17890efa7e970c34d5761f1220') in 0.0062172 seconds
Number of updated asset objects reloaded before import = 0Number of asset objects unloaded after import = 1

========================================================================
Received Import Request.
  Time since last request: 0.000024 seconds.
  path: Assets/FastScriptReload/Tests/Runtime/Integration/CodePatterns/AccessingNewFieldsAddedAtRuntimeSameNameAsStaticClassField.cs
  artifactKey: Guid(ddb97ae516ba487889da696ce441c0a3) Importer(2089858483,b0f066a214c2f5e87bad3c948f4d605d)
Start importing Assets/FastScriptReload/Tests/Runtime/Integration/CodePatterns/AccessingNewFieldsAddedAtRuntimeSameNameAsStaticClassField.cs using Guid(ddb97ae516ba487889da696ce441c0a3) Importer(2089858483,b0f066a214c2f5e87bad3c948f4d605d) (ScriptedImporter) -> (artifact id: '7898ec704fa05dce5f66421c98714dc6') in 0.0074354 seconds
Number of updated asset objects reloaded before import = 0Number of asset objects unloaded after import = 0

========================================================================
Received Import Request.
  Time since last request: 0.000033 seconds.
  path: Assets/FastScriptReload/Scripts/Editor/Compilation/ScriptGenerationOverrides
  artifactKey: Guid(a9e1198b8d42486bae230272101c0951) Importer(2089858483,b0f066a214c2f5e87bad3c948f4d605d)
Start importing Assets/FastScriptReload/Scripts/Editor/Compilation/ScriptGenerationOverrides using Guid(a9e1198b8d42486bae230272101c0951) Importer(2089858483,b0f066a214c2f5e87bad3c948f4d605d) (ScriptedImporter) -> (artifact id: '38bc83724edd8322e4b64bcf9c203876') in 0.0061666 seconds
Number of updated asset objects reloaded before import = 0Number of asset objects unloaded after import = 1

========================================================================
Received Import Request.
  Time since last request: 0.000041 seconds.
  path: Assets/FastScriptReload/Scripts/Editor/CustomFileWatcher.cs
  artifactKey: Guid(550c0c3f77d436e4fb133b8d029eb6a6) Importer(2089858483,b0f066a214c2f5e87bad3c948f4d605d)
Start importing Assets/FastScriptReload/Scripts/Editor/CustomFileWatcher.cs using Guid(550c0c3f77d436e4fb133b8d029eb6a6) Importer(2089858483,b0f066a214c2f5e87bad3c948f4d605d) (ScriptedImporter) -> (artifact id: 'e20da8eae4ff6bc43ea4377571e7503a') in 0.0079283 seconds
Number of updated asset objects reloaded before import = 0Number of asset objects unloaded after import = 0

AssetImportWorkerClient::OnTransportError - code=10054 error=Óäŕëĺííűé őîńň ďđčíóäčňĺëüíî đŕçîđâŕë ńóůĺńňâóţůĺĺ ďîäęëţ÷ĺíčĺ.
