[Licensing::Module] Trying to connect to existing licensing client channel...
Built from '6000.3/staging' branch; Version is '6000.3.9f1 (7a9955a4f2fa) revision 8034645'; Using compiler version '194234433'; Build Type 'Release'
[Licensing::IpcConnector] Successfully connected to: "LicenseClient-Дмитрий" at "2026-03-30T17:12:20.0012191Z"
OS: 'Windows 10  (10.0.19045) 64bit CoreSingleLanguage' Language: 'ru' Physical Memory: 16318 MB
BatchMode: 1, IsHumanControllingUs: 0, StartBugReporterOnCrash: 0, Is64bit: 1
System  architecture: x64
Process architecture: x64
Date: 2026-03-30T17:12:20Z

COMMAND LINE ARGUMENTS:
S:\UNITY\Unity Editor Versions\6000.3.9f1\Editor\Unity.exe
-adb2
-batchMode
-noUpm
-name
AssetImportWorker4
-projectPath
S:/UNITY/UNITY BACKUP/SPIKE
-logFile
Logs/AssetImportWorker4.log
-srvPort
50328
-licensingIpc
LicenseClient-Дмитрий
-job-worker-count
7
-background-job-worker-count
8
-gc-helper-count
1
-name
AssetImport
Successfully changed project path to: S:/UNITY/UNITY BACKUP/SPIKE
S:/UNITY/UNITY BACKUP/SPIKE
[UnityMemory] Configuration Parameters - Can be set up in boot.config
    "memorysetup-temp-allocator-size-nav-mesh-worker=65536"
    "memorysetup-temp-allocator-size-audio-worker=65536"
    "memorysetup-temp-allocator-size-gfx=262144"
    "memorysetup-allocator-temp-initial-block-size-main=262144"
    "memorysetup-allocator-temp-initial-block-size-worker=262144"
    "memorysetup-temp-allocator-size-background-worker=32768"
    "memorysetup-temp-allocator-size-job-worker=262144"
    "memorysetup-temp-allocator-size-preload-manager=33554432"
    "memorysetup-temp-allocator-size-gi-baking-worker=262144"
    "memorysetup-temp-allocator-size-gi-baking-worker=262144"
    "memorysetup-temp-allocator-size-gi-baking-worker=262144"
    "memorysetup-temp-allocator-size-gi-baking-worker=262144"
    "memorysetup-temp-allocator-size-gi-baking-worker=262144"
    "memorysetup-bucket-allocator-granularity=16"
    "memorysetup-bucket-allocator-bucket-count=8"
    "memorysetup-bucket-allocator-block-size=33554432"
    "memorysetup-bucket-allocator-block-count=8"
    "memorysetup-main-allocator-block-size=16777216"
    "memorysetup-thread-allocator-block-size=16777216"
    "memorysetup-gfx-main-allocator-block-size=16777216"
    "memorysetup-gfx-thread-allocator-block-size=16777216"
    "memorysetup-cache-allocator-block-size=4194304"
    "memorysetup-typetree-allocator-block-size=2097152"
    "memorysetup-profiler-bucket-allocator-granularity=16"
    "memorysetup-profiler-bucket-allocator-bucket-count=8"
    "memorysetup-profiler-bucket-allocator-block-size=33554432"
    "memorysetup-profiler-bucket-allocator-block-count=8"
    "memorysetup-profiler-allocator-block-size=16777216"
    "memorysetup-profiler-editor-allocator-block-size=1048576"
    "memorysetup-temp-allocator-size-main=16777216"
    "memorysetup-job-temp-allocator-block-size=2097152"
    "memorysetup-job-temp-allocator-block-size-background=1048576"
    "memorysetup-job-temp-allocator-reduction-small-platforms=262144"
    "memorysetup-temp-allocator-size-cloud-worker=32768"
Player connection [21144]  Target information:

Player connection [21144]  * "[IP] 192.168.1.39 [Port] 0 [Flags] 2 [Guid] 1018521569 [EditorId] 1018521569 [Version] 1048832 [Id] WindowsEditor(7,DESKTOP-KK1P2OH) [Debug] 1 [PackageName] WindowsEditor [ProjectName] Editor" 

Player connection [21144] Host joined multi-casting on [225.0.0.222:54997]...
Player connection [21144] Host joined alternative multi-casting on [225.0.0.222:34997]...
JobSystem: Creating JobQueue using job-worker-count value 7
Input System module state changed to: Initialized.
[Physics::Module] Initialized fallback backend.
[Physics::Module] Id: 0xdecafbad
Library Redirect Path: Library/
[Physics::Module] Selected backend.
[Physics::Module] Name: PhysX
[Physics::Module] Id: 0xf2b8ea05
[Physics::Module] SDK Version: 4.1.2
[Physics::Module] Integration Version: 1.0.0
[Physics::Module] Threading Mode: Multi-Threaded
Refreshing native plugins compatible for Editor in 7.77 ms, found 3 plugins.
Preloading 0 native plugins for Editor in 0.00 ms.
Initialize engine version: 6000.3.9f1 (7a9955a4f2fa)
[Subsystems] Discovering subsystems at path S:/UNITY/Unity Editor Versions/6000.3.9f1/Editor/Data/Resources/UnitySubsystems
[Subsystems] Discovering subsystems at path S:/UNITY/UNITY BACKUP/SPIKE/Assets
GfxDevice: creating device client; kGfxThreadingModeNonThreaded
Direct3D:
    Version:  Direct3D 11.0 [level 11.1]
    Renderer: NVIDIA GeForce GTX 1060 6GB (ID=0x1c03)
    Vendor:   NVIDIA
    VRAM:     6029 MB
    Driver:   32.0.15.8228
Initialize mono
Mono path[0] = 'S:/UNITY/Unity Editor Versions/6000.3.9f1/Editor/Data/Managed'
Mono path[1] = 'S:/UNITY/Unity Editor Versions/6000.3.9f1/Editor/Data/MonoBleedingEdge/lib/mono/unityjit-win32'
Mono config path = 'S:/UNITY/Unity Editor Versions/6000.3.9f1/Editor/Data/MonoBleedingEdge/etc'
Using monoOptions --debugger-agent=transport=dt_socket,embedding=1,server=y,suspend=n,address=127.0.0.1:56052
Begin MonoManager ReloadAssembly
Registering precompiled unity dll's ...
Register platform support module: S:/UNITY/Unity Editor Versions/6000.3.9f1/Editor/Data/PlaybackEngines/WindowsStandaloneSupport/UnityEditor.WindowsStandalone.Extensions.dll
[Licensing::Module] Licensing is not yet initialized.
[Licensing::Client] Handshaking with LicensingClient:
  Version:                 1.17.4+4293ba1
  Session Id:              7066842127e241e794b324d0614e9598
  Correlation Id:          5482b27508508e261325e7b2fece287e
  External correlation Id: 5900414983532187421
  Machine Id:              BSinU4MsdP07HGNxKH7k4gB1okk=
[Licensing::Module] Successfully connected to LicensingClient on channel: "LicenseClient-Дмитрий" (connect: 0.00s, validation: 0.00s, handshake: 2.73s)
[Licensing::IpcConnector] Successfully connected to: "LicenseClient-Дмитрий-notifications" at "2026-03-30T17:12:22.7307937Z"
[Licensing::Module] Licensing Background thread has ended after 2.73s
[Licensing::Module] Licensing is initialized (took 0.90s).
[Licensing::Client] Successfully resolved entitlement details
[Licensing::Module] License group:
  Id: 10170697332008-UnityPersXXXX
  Product: Unity Personal
  Type: Assigned
  Expiration: Unlimited
Register platform support module: S:/UNITY/Unity Editor Versions/6000.3.9f1/Editor/Data/PlaybackEngines/MetroSupport/UnityEditor.UWP.Extensions.dll
Registered in 0.913296 seconds.
- Loaded All Assemblies, in  1.695 seconds
Native extension for UWP target not found
Native extension for WindowsStandalone target not found
ScheduleIndexationOnStartup MainProcess:False IndexOnStartup:True
Mono: successfully reloaded assembly
- Finished resetting the current domain, in  0.673 seconds
Domain Reload Profiling: 2367ms
	BeginReloadAssembly (291ms)
		ExecutionOrderSort (0ms)
		DisableScriptedObjects (0ms)
		BackupInstance (0ms)
		ReleaseScriptingObjects (0ms)
		CreateAndSetChildDomain (1ms)
	RebuildCommonClasses (83ms)
	RebuildNativeTypeToScriptingClass (23ms)
	initialDomainReloadingComplete (987ms)
	LoadAllAssembliesAndSetupDomain (309ms)
		LoadAssemblies (290ms)
		RebuildTransferFunctionScriptingTraits (0ms)
		AnalyzeDomain (303ms)
			TypeCache.Refresh (298ms)
				TypeCache.ScanAssembly (275ms)
			BuildScriptInfoCaches (0ms)
			ResolveRequiredComponents (1ms)
	FinalizeReload (673ms)
		ReleaseScriptCaches (0ms)
		RebuildScriptCaches (0ms)
		SetupLoadedEditorAssemblies (590ms)
			LogAssemblyErrors (0ms)
			InitializePlatformSupportModulesInManaged (85ms)
			SetLoadedEditorAssemblies (5ms)
			BeforeProcessingInitializeOnLoad (135ms)
			ProcessInitializeOnLoadAttributes (252ms)
			ProcessInitializeOnLoadMethodAttributes (113ms)
			AfterProcessingInitializeOnLoad (0ms)
			EditorAssembliesLoaded (0ms)
		ExecutionOrderSort2 (0ms)
		AwakeInstancesAfterBackupRestoration (0ms)
Assembly reference Packages/com.unity.cinemachine/Editor/Samples/ExposeHDRPInternals/HDRP-Editor-ref.asmref has no target assembly definition
========================================================================
Worker process is ready to serve import requests
Import Worker Mode flag is 0x00
Assembly reference Packages/com.unity.cinemachine/Editor/Samples/ExposeHDRPInternals/HDRP-Editor-ref.asmref has no target assembly definition
Assembly reference Packages/com.unity.cinemachine/Editor/Samples/ExposeHDRPInternals/HDRP-Editor-ref.asmref has no target assembly definition
Begin MonoManager ReloadAssembly
[Licensing::Client] Successfully resolved entitlement details
- Loaded All Assemblies, in  1.478 seconds
Assembly reference Packages/com.unity.cinemachine/Editor/Samples/ExposeHDRPInternals/HDRP-Editor-ref.asmref has no target assembly definition
'Packages/com.unity.cinemachine/Editor/Obsolete/CinemachineVirtualCameraBaseEditor.cs' contains partial class of Unity.Object, exactly 1 of the partial classes needs to be in a file with the same filename. This is to know the one that can be referenced from ie. GameObjects
'Packages/com.unity.cinemachine/Editor/Editors/CinemachineVirtualCameraBaseEditor.cs' contains partial class of Unity.Object, exactly 1 of the partial classes needs to be in a file with the same filename. This is to know the one that can be referenced from ie. GameObjects
Refreshing native plugins compatible for Editor in 1.71 ms, found 3 plugins.
Native extension for UWP target not found
Native extension for WindowsStandalone target not found
Assembly reference Packages/com.unity.cinemachine/Editor/Samples/ExposeHDRPInternals/HDRP-Editor-ref.asmref has no target assembly definition
Package Manager log level set to [2]
[Package Manager] Failed to launch server process. Reason: Unity was launched with the -noUpm command-line argument
[Package Manager] Unable to send message (not connected to server process).
[Package Manager] Cannot connect to Unity Package Manager local server
[Package Manager] Failed to launch server process. Reason: Unity was launched with the -noUpm command-line argument
[Package Manager] Unable to send message (not connected to server process).
[Package Manager] Cannot connect to Unity Package Manager local server
ScheduleIndexationOnStartup MainProcess:False IndexOnStartup:True
Mono: successfully reloaded assembly
- Finished resetting the current domain, in  1.255 seconds
Domain Reload Profiling: 2730ms
	BeginReloadAssembly (343ms)
		ExecutionOrderSort (0ms)
		DisableScriptedObjects (9ms)
		BackupInstance (0ms)
		ReleaseScriptingObjects (0ms)
		CreateAndSetChildDomain (46ms)
	RebuildCommonClasses (67ms)
	RebuildNativeTypeToScriptingClass (23ms)
	initialDomainReloadingComplete (104ms)
	LoadAllAssembliesAndSetupDomain (937ms)
		LoadAssemblies (724ms)
		RebuildTransferFunctionScriptingTraits (0ms)
		AnalyzeDomain (433ms)
			TypeCache.Refresh (302ms)
				TypeCache.ScanAssembly (282ms)
			BuildScriptInfoCaches (100ms)
			ResolveRequiredComponents (24ms)
	FinalizeReload (1256ms)
		ReleaseScriptCaches (0ms)
		RebuildScriptCaches (0ms)
		SetupLoadedEditorAssemblies (929ms)
			LogAssemblyErrors (0ms)
			InitializePlatformSupportModulesInManaged (2ms)
			SetLoadedEditorAssemblies (7ms)
			BeforeProcessingInitializeOnLoad (228ms)
			ProcessInitializeOnLoadAttributes (582ms)
			ProcessInitializeOnLoadMethodAttributes (103ms)
			AfterProcessingInitializeOnLoad (5ms)
			EditorAssembliesLoaded (0ms)
		ExecutionOrderSort2 (0ms)
		AwakeInstancesAfterBackupRestoration (11ms)
Launched and connected shader compiler UnityShaderCompiler.exe after 0.01 seconds
Refreshing native plugins compatible for Editor in 1.56 ms, found 3 plugins.
Preloading 0 native plugins for Editor in 0.00 ms.
Unloading 17 Unused Serialized files (Serialized files now loaded: 0)
Unloading 6905 unused Assets / (4.5 MB). Loaded Objects now: 7720.
Memory consumption went from 149.5 MB to 145.0 MB.
Total: 13.175000 ms (FindLiveObjects: 1.131300 ms CreateObjectMapping: 0.883800 ms MarkObjects: 8.163000 ms  DeleteObjects: 2.995400 ms)

========================================================================
Received Import Request.
  Time since last request: 26535.556382 seconds.
  path: Assets/!GameFiles/Scenes/New SceneTemplate.scenetemplate
  artifactKey: Guid(9bf8e9673c36e5d42953e9bbd5d6d0dd) Importer(815301076,1909f56bfc062723c751e8b465ee728b)
Start importing Assets/!GameFiles/Scenes/New SceneTemplate.scenetemplate using Guid(9bf8e9673c36e5d42953e9bbd5d6d0dd) Importer(815301076,1909f56bfc062723c751e8b465ee728b) (PreviewImporter) -> (artifact id: '73e8e973b6ec24e71874c17cd56c491d') in 0.0407472 seconds
Number of updated asset objects reloaded before import = 0Number of asset objects unloaded after import = 1

========================================================================
Received Import Request.
  Time since last request: 0.854988 seconds.
  path: Assets/!GameFiles/Scenes/New SceneTemplate.scenetemplate
  artifactKey: Guid(9bf8e9673c36e5d42953e9bbd5d6d0dd) Importer(2089858483,b0f066a214c2f5e87bad3c948f4d605d)
Start importing Assets/!GameFiles/Scenes/New SceneTemplate.scenetemplate using Guid(9bf8e9673c36e5d42953e9bbd5d6d0dd) Importer(2089858483,b0f066a214c2f5e87bad3c948f4d605d) (ScriptedImporter) -> (artifact id: '40fd076f1f173ff20a25560b6b61493c') in 0.1593678 seconds
Number of updated asset objects reloaded before import = 0Number of asset objects unloaded after import = 1

========================================================================
Received Import Request.
  Time since last request: 439.802577 seconds.
  path: Assets/!GameFiles/Scenes/MainMenu.unity
  artifactKey: Guid(592484e58b6637b4fa8e2f831b9d8705) Importer(815301076,1909f56bfc062723c751e8b465ee728b)
Start importing Assets/!GameFiles/Scenes/MainMenu.unity using Guid(592484e58b6637b4fa8e2f831b9d8705) Importer(815301076,1909f56bfc062723c751e8b465ee728b) (PreviewImporter) -> (artifact id: '8661070cfa290c9c3df4757459b9ff0c') in 0.0007385 seconds
Number of updated asset objects reloaded before import = 0Number of asset objects unloaded after import = 0

========================================================================
Received Import Request.
  Time since last request: 0.868272 seconds.
  path: Assets/!GameFiles/Scenes/MainMenu.unity
  artifactKey: Guid(592484e58b6637b4fa8e2f831b9d8705) Importer(2089858483,b0f066a214c2f5e87bad3c948f4d605d)
Start importing Assets/!GameFiles/Scenes/MainMenu.unity using Guid(592484e58b6637b4fa8e2f831b9d8705) Importer(2089858483,b0f066a214c2f5e87bad3c948f4d605d) (ScriptedImporter) -> (artifact id: '21130c93c0c644adb1ff14a7db5d44a7') in 0.0064013 seconds
Number of updated asset objects reloaded before import = 0Number of asset objects unloaded after import = 1

========================================================================
Received Import Request.
  Time since last request: 69.114681 seconds.
  path: Assets/!GameFiles/Scenes/Test.unity
  artifactKey: Guid(99c9720ab356a0642a771bea13969a05) Importer(815301076,1909f56bfc062723c751e8b465ee728b)
Start importing Assets/!GameFiles/Scenes/Test.unity using Guid(99c9720ab356a0642a771bea13969a05) Importer(815301076,1909f56bfc062723c751e8b465ee728b) (PreviewImporter) -> (artifact id: '6b81b23f29fafe44f3b7dada835285f9') in 0.000689 seconds
Number of updated asset objects reloaded before import = 0Number of asset objects unloaded after import = 0

========================================================================
Received Import Request.
  Time since last request: 5.862782 seconds.
  path: Assets/!GameFiles/Scenes/MainMenu.unity
  artifactKey: Guid(592484e58b6637b4fa8e2f831b9d8705) Importer(2089858483,b0f066a214c2f5e87bad3c948f4d605d)
Start importing Assets/!GameFiles/Scenes/MainMenu.unity using Guid(592484e58b6637b4fa8e2f831b9d8705) Importer(2089858483,b0f066a214c2f5e87bad3c948f4d605d) (ScriptedImporter) -> (artifact id: 'c7205ec60a86c5a550f0993c8a6c0340') in 0.0070139 seconds
Number of updated asset objects reloaded before import = 0Number of asset objects unloaded after import = 1

========================================================================
Received Import Request.
  Time since last request: 9.788146 seconds.
  path: Assets/!GameFiles/Scenes/MainMenu.unity
  artifactKey: Guid(592484e58b6637b4fa8e2f831b9d8705) Importer(815301076,1909f56bfc062723c751e8b465ee728b)
Start importing Assets/!GameFiles/Scenes/MainMenu.unity using Guid(592484e58b6637b4fa8e2f831b9d8705) Importer(815301076,1909f56bfc062723c751e8b465ee728b) (PreviewImporter) -> (artifact id: '27424bff6027019d377e65d8efb5cdb0') in 0.0007339 seconds
Number of updated asset objects reloaded before import = 0Number of asset objects unloaded after import = 0

========================================================================
Received Import Request.
  Time since last request: 100.808658 seconds.
  path: Assets/!GameFiles/Scenes/Test.unity
  artifactKey: Guid(99c9720ab356a0642a771bea13969a05) Importer(2089858483,b0f066a214c2f5e87bad3c948f4d605d)
Start importing Assets/!GameFiles/Scenes/Test.unity using Guid(99c9720ab356a0642a771bea13969a05) Importer(2089858483,b0f066a214c2f5e87bad3c948f4d605d) (ScriptedImporter) -> (artifact id: '343fd8ddc862fc097d7330e6c9277f52') in 0.0105784 seconds
Number of updated asset objects reloaded before import = 0Number of asset objects unloaded after import = 1

========================================================================
Received Import Request.
  Time since last request: 21.783686 seconds.
  path: Assets/!GameFiles/Scenes/MainMenu.unity
  artifactKey: Guid(592484e58b6637b4fa8e2f831b9d8705) Importer(2089858483,b0f066a214c2f5e87bad3c948f4d605d)
Start importing Assets/!GameFiles/Scenes/MainMenu.unity using Guid(592484e58b6637b4fa8e2f831b9d8705) Importer(2089858483,b0f066a214c2f5e87bad3c948f4d605d) (ScriptedImporter) -> (artifact id: '25f703cdb114b830bec239ac2017d643') in 0.0063797 seconds
Number of updated asset objects reloaded before import = 0Number of asset objects unloaded after import = 1

========================================================================
Received Prepare
Assembly reference Packages/com.unity.cinemachine/Editor/Samples/ExposeHDRPInternals/HDRP-Editor-ref.asmref has no target assembly definition
Assembly reference Packages/com.unity.cinemachine/Editor/Samples/ExposeHDRPInternals/HDRP-Editor-ref.asmref has no target assembly definition
Begin MonoManager ReloadAssembly
[Licensing::Client] Successfully resolved entitlement details
- Loaded All Assemblies, in  1.531 seconds
Assembly reference Packages/com.unity.cinemachine/Editor/Samples/ExposeHDRPInternals/HDRP-Editor-ref.asmref has no target assembly definition
'Packages/com.unity.cinemachine/Editor/Obsolete/CinemachineVirtualCameraBaseEditor.cs' contains partial class of Unity.Object, exactly 1 of the partial classes needs to be in a file with the same filename. This is to know the one that can be referenced from ie. GameObjects
'Packages/com.unity.cinemachine/Editor/Editors/CinemachineVirtualCameraBaseEditor.cs' contains partial class of Unity.Object, exactly 1 of the partial classes needs to be in a file with the same filename. This is to know the one that can be referenced from ie. GameObjects
Refreshing native plugins compatible for Editor in 1.46 ms, found 3 plugins.
Native extension for UWP target not found
Native extension for WindowsStandalone target not found
Assembly reference Packages/com.unity.cinemachine/Editor/Samples/ExposeHDRPInternals/HDRP-Editor-ref.asmref has no target assembly definition
[Package Manager] Failed to launch server process. Reason: Unity was launched with the -noUpm command-line argument
[Package Manager] Unable to send message (not connected to server process).
[Package Manager] Cannot connect to Unity Package Manager local server
[Package Manager] Failed to launch server process. Reason: Unity was launched with the -noUpm command-line argument
[Package Manager] Unable to send message (not connected to server process).
[Package Manager] Cannot connect to Unity Package Manager local server
ScheduleIndexationOnStartup MainProcess:False IndexOnStartup:True
Mono: successfully reloaded assembly
- Finished resetting the current domain, in  3.072 seconds
Domain Reload Profiling: 4605ms
	BeginReloadAssembly (370ms)
		ExecutionOrderSort (0ms)
		DisableScriptedObjects (9ms)
		BackupInstance (0ms)
		ReleaseScriptingObjects (0ms)
		CreateAndSetChildDomain (67ms)
	RebuildCommonClasses (62ms)
	RebuildNativeTypeToScriptingClass (24ms)
	initialDomainReloadingComplete (87ms)
	LoadAllAssembliesAndSetupDomain (989ms)
		LoadAssemblies (701ms)
		RebuildTransferFunctionScriptingTraits (0ms)
		AnalyzeDomain (494ms)
			TypeCache.Refresh (173ms)
				TypeCache.ScanAssembly (160ms)
			BuildScriptInfoCaches (287ms)
			ResolveRequiredComponents (26ms)
	FinalizeReload (3073ms)
		ReleaseScriptCaches (0ms)
		RebuildScriptCaches (0ms)
		SetupLoadedEditorAssemblies (2796ms)
			LogAssemblyErrors (0ms)
			InitializePlatformSupportModulesInManaged (3ms)
			SetLoadedEditorAssemblies (8ms)
			BeforeProcessingInitializeOnLoad (228ms)
			ProcessInitializeOnLoadAttributes (2440ms)
			ProcessInitializeOnLoadMethodAttributes (111ms)
			AfterProcessingInitializeOnLoad (6ms)
			EditorAssembliesLoaded (1ms)
		ExecutionOrderSort2 (0ms)
		AwakeInstancesAfterBackupRestoration (27ms)
Refreshing native plugins compatible for Editor in 2.18 ms, found 3 plugins.
Preloading 0 native plugins for Editor in 0.00 ms.
Unloading 18 Unused Serialized files (Serialized files now loaded: 0)
Unloading 6941 unused Assets / (6.6 MB). Loaded Objects now: 7809.
Memory consumption went from 158.3 MB to 151.7 MB.
Total: 16.557100 ms (FindLiveObjects: 1.088400 ms CreateObjectMapping: 0.961900 ms MarkObjects: 9.328100 ms  DeleteObjects: 5.176500 ms)

Prepare: number of updated asset objects reloaded= 0
========================================================================
Received Import Request.
  Time since last request: 2625.592949 seconds.
  path: Assets/!GameFiles/Scenes/MainMenu.unity
  artifactKey: Guid(592484e58b6637b4fa8e2f831b9d8705) Importer(815301076,1909f56bfc062723c751e8b465ee728b)
Start importing Assets/!GameFiles/Scenes/MainMenu.unity using Guid(592484e58b6637b4fa8e2f831b9d8705) Importer(815301076,1909f56bfc062723c751e8b465ee728b) (PreviewImporter) -> (artifact id: 'f64fff8f5b189d99ccafb1e851a81e80') in 0.0108163 seconds
Number of updated asset objects reloaded before import = 0Number of asset objects unloaded after import = 0

========================================================================
Received Import Request.
  Time since last request: 272.054678 seconds.
  path: Assets/FastScriptReload/Plugins/Harmony/net48/0Harmony.xml
  artifactKey: Guid(59922c0cd2ffd71478db2dea7fb3fb7a) Importer(2089858483,b0f066a214c2f5e87bad3c948f4d605d)
Start importing Assets/FastScriptReload/Plugins/Harmony/net48/0Harmony.xml using Guid(59922c0cd2ffd71478db2dea7fb3fb7a) Importer(2089858483,b0f066a214c2f5e87bad3c948f4d605d) (ScriptedImporter) -> (artifact id: 'bcd2e2c6d9f27618f3a47aceee7f9154') in 0.0823642 seconds
Number of updated asset objects reloaded before import = 0Number of asset objects unloaded after import = 1

========================================================================
Received Import Request.
  Time since last request: 0.000026 seconds.
  path: Assets/FastScriptReload/Plugins/Roslyn/System.Threading.Tasks.Extensions.dll
  artifactKey: Guid(4c466294152181743a58120e0277171a) Importer(2089858483,b0f066a214c2f5e87bad3c948f4d605d)
Start importing Assets/FastScriptReload/Plugins/Roslyn/System.Threading.Tasks.Extensions.dll using Guid(4c466294152181743a58120e0277171a) Importer(2089858483,b0f066a214c2f5e87bad3c948f4d605d) (ScriptedImporter) -> (artifact id: '12f6dc803b7db6a7da55ed68bc9aa366') in 0.0536199 seconds
Number of updated asset objects reloaded before import = 0Number of asset objects unloaded after import = 0

========================================================================
Received Import Request.
  Time since last request: 0.000033 seconds.
  path: Assets/FastScriptReload/Scripts/Editor/Compilation/CodeRewriting/FieldsWalker.cs
  artifactKey: Guid(e4a18d5133af410bab07d9c1a973fe7a) Importer(2089858483,b0f066a214c2f5e87bad3c948f4d605d)
Start importing Assets/FastScriptReload/Scripts/Editor/Compilation/CodeRewriting/FieldsWalker.cs using Guid(e4a18d5133af410bab07d9c1a973fe7a) Importer(2089858483,b0f066a214c2f5e87bad3c948f4d605d) (ScriptedImporter) -> (artifact id: 'a85116a0e04aee73255bb896b17074ab') in 0.033309 seconds
Number of updated asset objects reloaded before import = 0Number of asset objects unloaded after import = 0

========================================================================
Received Import Request.
  Time since last request: 0.000024 seconds.
  path: Assets/FastScriptReload/Scripts/Editor/Compilation/McsExeDynamicCompilation.cs
  artifactKey: Guid(5a359917ce85466389622feaf196d024) Importer(2089858483,b0f066a214c2f5e87bad3c948f4d605d)
Start importing Assets/FastScriptReload/Scripts/Editor/Compilation/McsExeDynamicCompilation.cs using Guid(5a359917ce85466389622feaf196d024) Importer(2089858483,b0f066a214c2f5e87bad3c948f4d605d) (ScriptedImporter) -> (artifact id: '30b70b4a7fe00caf7b35fa04f9a4db53') in 0.0075127 seconds
Number of updated asset objects reloaded before import = 0Number of asset objects unloaded after import = 0

========================================================================
Received Import Request.
  Time since last request: 0.000029 seconds.
  path: Assets/FastScriptReload/Documentation/release-notes-md
  artifactKey: Guid(cd8daa3bb60e4b30b6520184de1abcda) Importer(2089858483,b0f066a214c2f5e87bad3c948f4d605d)
Start importing Assets/FastScriptReload/Documentation/release-notes-md using Guid(cd8daa3bb60e4b30b6520184de1abcda) Importer(2089858483,b0f066a214c2f5e87bad3c948f4d605d) (ScriptedImporter) -> (artifact id: 'e5cb06312a945feea543e3dc52937d96') in 0.008788 seconds
Number of updated asset objects reloaded before import = 0Number of asset objects unloaded after import = 1

========================================================================
Received Import Request.
  Time since last request: 0.000035 seconds.
  path: Assets/FastScriptReload/Examples/Scripts/FunctionLibrary.cs
  artifactKey: Guid(ff5926a24e7bc470db9c770a10f08815) Importer(2089858483,b0f066a214c2f5e87bad3c948f4d605d)
Start importing Assets/FastScriptReload/Examples/Scripts/FunctionLibrary.cs using Guid(ff5926a24e7bc470db9c770a10f08815) Importer(2089858483,b0f066a214c2f5e87bad3c948f4d605d) (ScriptedImporter) -> (artifact id: '9a28a7441c93989e4ffe697e297a2462') in 0.0073918 seconds
Number of updated asset objects reloaded before import = 0Number of asset objects unloaded after import = 0

========================================================================
Received Import Request.
  Time since last request: 0.000018 seconds.
  path: Assets/FastScriptReload/Scripts/Editor/NewFields
  artifactKey: Guid(851525d631384c1f8c48bd7157252046) Importer(2089858483,b0f066a214c2f5e87bad3c948f4d605d)
Start importing Assets/FastScriptReload/Scripts/Editor/NewFields using Guid(851525d631384c1f8c48bd7157252046) Importer(2089858483,b0f066a214c2f5e87bad3c948f4d605d) (ScriptedImporter) -> (artifact id: '7bb99f8897210128cf5dd5d017cc4390') in 0.0075747 seconds
Number of updated asset objects reloaded before import = 0Number of asset objects unloaded after import = 1

========================================================================
Received Import Request.
  Time since last request: 0.000029 seconds.
  path: Assets/FastScriptReload/Scripts/Editor/Compilation/CodeRewriting/RoslynUtils.cs
  artifactKey: Guid(29bd7fad38034046a8dd4c7eea68907c) Importer(2089858483,b0f066a214c2f5e87bad3c948f4d605d)
Start importing Assets/FastScriptReload/Scripts/Editor/Compilation/CodeRewriting/RoslynUtils.cs using Guid(29bd7fad38034046a8dd4c7eea68907c) Importer(2089858483,b0f066a214c2f5e87bad3c948f4d605d) (ScriptedImporter) -> (artifact id: 'd3dfafe87f3bc2924e3a3758297effde') in 0.0080529 seconds
Number of updated asset objects reloaded before import = 0Number of asset objects unloaded after import = 0

========================================================================
Received Import Request.
  Time since last request: 0.000027 seconds.
  path: Assets/FastScriptReload/Plugins/ImmersiveVrToolsCommon/ImmersiveVRToolsCommonLicense.txt
  artifactKey: Guid(656785d4ce824de4ac3c58af77fec60d) Importer(2089858483,b0f066a214c2f5e87bad3c948f4d605d)
Start importing Assets/FastScriptReload/Plugins/ImmersiveVrToolsCommon/ImmersiveVRToolsCommonLicense.txt using Guid(656785d4ce824de4ac3c58af77fec60d) Importer(2089858483,b0f066a214c2f5e87bad3c948f4d605d) (ScriptedImporter) -> (artifact id: '4bafd6fe0967e7dffc243d8c48993d38') in 0.0084599 seconds
Number of updated asset objects reloaded before import = 0Number of asset objects unloaded after import = 1

========================================================================
Received Import Request.
  Time since last request: 0.000034 seconds.
  path: Assets/FastScriptReload/Plugins/ImmersiveVrToolsCommon/ImmersiveVRTools.Common.Editor.dll
  artifactKey: Guid(1f20b53a7360a6f40957117be6217b96) Importer(2089858483,b0f066a214c2f5e87bad3c948f4d605d)
Start importing Assets/FastScriptReload/Plugins/ImmersiveVrToolsCommon/ImmersiveVRTools.Common.Editor.dll using Guid(1f20b53a7360a6f40957117be6217b96) Importer(2089858483,b0f066a214c2f5e87bad3c948f4d605d) (ScriptedImporter) -> (artifact id: '3c6583acc1d7d1d240da42bfa5c81790') in 0.0149332 seconds
Number of updated asset objects reloaded before import = 0Number of asset objects unloaded after import = 0

========================================================================
Received Import Request.
  Time since last request: 0.000023 seconds.
  path: Assets/FastScriptReload/Scripts/Runtime/AssemblyChangesLoaderResolver.cs
  artifactKey: Guid(081d773c8ade429dad5f6c7bb61e09e9) Importer(2089858483,b0f066a214c2f5e87bad3c948f4d605d)
Start importing Assets/FastScriptReload/Scripts/Runtime/AssemblyChangesLoaderResolver.cs using Guid(081d773c8ade429dad5f6c7bb61e09e9) Importer(2089858483,b0f066a214c2f5e87bad3c948f4d605d) (ScriptedImporter) -> (artifact id: '8122dfe580b95e451814230d22bd7272') in 0.0086999 seconds
Number of updated asset objects reloaded before import = 0Number of asset objects unloaded after import = 0

========================================================================
Received Import Request.
  Time since last request: 0.000028 seconds.
  path: Assets/FastScriptReload/Scripts/Runtime/AssemblyChangesLoader.cs
  artifactKey: Guid(a284bdff76434719b039471af39579fc) Importer(2089858483,b0f066a214c2f5e87bad3c948f4d605d)
Start importing Assets/FastScriptReload/Scripts/Runtime/AssemblyChangesLoader.cs using Guid(a284bdff76434719b039471af39579fc) Importer(2089858483,b0f066a214c2f5e87bad3c948f4d605d) (ScriptedImporter) -> (artifact id: '096fad3dccca31a6555651da7d72c7d8') in 0.0086728 seconds
Number of updated asset objects reloaded before import = 0Number of asset objects unloaded after import = 0

========================================================================
Received Import Request.
  Time since last request: 0.000023 seconds.
  path: Assets/FastScriptReload/Plugins
  artifactKey: Guid(11319301b8a6c22429e1b0e7d4529885) Importer(2089858483,b0f066a214c2f5e87bad3c948f4d605d)
Start importing Assets/FastScriptReload/Plugins using Guid(11319301b8a6c22429e1b0e7d4529885) Importer(2089858483,b0f066a214c2f5e87bad3c948f4d605d) (ScriptedImporter) -> (artifact id: '9beb1c371e1f632777c6dd945e0c5b04') in 0.0080844 seconds
Number of updated asset objects reloaded before import = 0Number of asset objects unloaded after import = 1

========================================================================
Received Import Request.
  Time since last request: 0.000050 seconds.
  path: Assets/FastScriptReload/Scripts/Editor/FastScriptReloadWelcomeScreen.cs
  artifactKey: Guid(c6a8c4c57b66cb149b99992f6f35e74e) Importer(2089858483,b0f066a214c2f5e87bad3c948f4d605d)
Start importing Assets/FastScriptReload/Scripts/Editor/FastScriptReloadWelcomeScreen.cs using Guid(c6a8c4c57b66cb149b99992f6f35e74e) Importer(2089858483,b0f066a214c2f5e87bad3c948f4d605d) (ScriptedImporter) -> (artifact id: '5361c63bdeb6bcae1cc50ab86b03e60b') in 0.0092357 seconds
Number of updated asset objects reloaded before import = 0Number of asset objects unloaded after import = 0

========================================================================
Received Import Request.
  Time since last request: 0.000036 seconds.
  path: Assets/FastScriptReload/Examples/Point/Point URP.shadergraph
  artifactKey: Guid(82beab10442e4ad41a3a39f6ad008ec4) Importer(2089858483,b0f066a214c2f5e87bad3c948f4d605d)
Start importing Assets/FastScriptReload/Examples/Point/Point URP.shadergraph using Guid(82beab10442e4ad41a3a39f6ad008ec4) Importer(2089858483,b0f066a214c2f5e87bad3c948f4d605d) (ScriptedImporter) -> (artifact id: 'a5bef56cabd4c580a5113120c47207dc') in 0.0904054 seconds
Number of updated asset objects reloaded before import = 0Number of asset objects unloaded after import = 5

========================================================================
Received Import Request.
  Time since last request: 0.000032 seconds.
  path: Assets/FastScriptReload/Scripts/Runtime/TemporaryNewFieldValues.cs
  artifactKey: Guid(1c27d44dc67c4761bbba2ad3c01a7f5d) Importer(2089858483,b0f066a214c2f5e87bad3c948f4d605d)
Start importing Assets/FastScriptReload/Scripts/Runtime/TemporaryNewFieldValues.cs using Guid(1c27d44dc67c4761bbba2ad3c01a7f5d) Importer(2089858483,b0f066a214c2f5e87bad3c948f4d605d) (ScriptedImporter) -> (artifact id: '9d2f90994c97e99be217cf7ca893cd83') in 0.0093129 seconds
Number of updated asset objects reloaded before import = 0Number of asset objects unloaded after import = 0

========================================================================
Received Import Request.
  Time since last request: 0.000044 seconds.
  path: Assets/FastScriptReload/Scripts/Editor/FastScriptReload.Editor.asmdef
  artifactKey: Guid(97dcf6b63da809f4aa9573d9e792e540) Importer(2089858483,b0f066a214c2f5e87bad3c948f4d605d)
Start importing Assets/FastScriptReload/Scripts/Editor/FastScriptReload.Editor.asmdef using Guid(97dcf6b63da809f4aa9573d9e792e540) Importer(2089858483,b0f066a214c2f5e87bad3c948f4d605d) (ScriptedImporter) -> (artifact id: '14fcca2e42c46329cb6cd44ec02316f1') in 0.0087319 seconds
Number of updated asset objects reloaded before import = 0Number of asset objects unloaded after import = 1

========================================================================
Received Import Request.
  Time since last request: 0.000024 seconds.
  path: Assets/FastScriptReload/Scripts/Editor/Compilation/CodeRewriting/ConstructorRewriter.cs
  artifactKey: Guid(1d2a76467ecd40529f59bc68be8d7289) Importer(2089858483,b0f066a214c2f5e87bad3c948f4d605d)
Start importing Assets/FastScriptReload/Scripts/Editor/Compilation/CodeRewriting/ConstructorRewriter.cs using Guid(1d2a76467ecd40529f59bc68be8d7289) Importer(2089858483,b0f066a214c2f5e87bad3c948f4d605d) (ScriptedImporter) -> (artifact id: '2d84aa9453279da5ca83b6d9d9a37ca9') in 0.0087793 seconds
Number of updated asset objects reloaded before import = 0Number of asset objects unloaded after import = 0

========================================================================
Received Import Request.
  Time since last request: 0.000019 seconds.
  path: Assets/FastScriptReload/Scripts/Editor
  artifactKey: Guid(018258c906e44916b88d291450c30b69) Importer(2089858483,b0f066a214c2f5e87bad3c948f4d605d)
Start importing Assets/FastScriptReload/Scripts/Editor using Guid(018258c906e44916b88d291450c30b69) Importer(2089858483,b0f066a214c2f5e87bad3c948f4d605d) (ScriptedImporter) -> (artifact id: '0fe1c9e64dc3855e2c33732e523fdc0e') in 0.0081897 seconds
Number of updated asset objects reloaded before import = 0Number of asset objects unloaded after import = 1

========================================================================
Received Import Request.
  Time since last request: 0.000025 seconds.
  path: Assets/FastScriptReload/Documentation
  artifactKey: Guid(bebfbcfefc874ffe8279b70ccea0e42a) Importer(2089858483,b0f066a214c2f5e87bad3c948f4d605d)
Start importing Assets/FastScriptReload/Documentation using Guid(bebfbcfefc874ffe8279b70ccea0e42a) Importer(2089858483,b0f066a214c2f5e87bad3c948f4d605d) (ScriptedImporter) -> (artifact id: '61dcf13f0c2019c26a76aeea6e1b3457') in 0.0091912 seconds
Number of updated asset objects reloaded before import = 0Number of asset objects unloaded after import = 1

========================================================================
Received Import Request.
  Time since last request: 0.000036 seconds.
  path: Assets/FastScriptReload/Plugins/Roslyn/Microsoft.CodeAnalysis.CSharp.dll
  artifactKey: Guid(eaf0ab08f2d40284d83a5d7a6cbe702f) Importer(2089858483,b0f066a214c2f5e87bad3c948f4d605d)
Start importing Assets/FastScriptReload/Plugins/Roslyn/Microsoft.CodeAnalysis.CSharp.dll using Guid(eaf0ab08f2d40284d83a5d7a6cbe702f) Importer(2089858483,b0f066a214c2f5e87bad3c948f4d605d) (ScriptedImporter) -> (artifact id: 'a4168ff33bab38ecd36468a927c61c86') in 0.0086336 seconds
Number of updated asset objects reloaded before import = 0Number of asset objects unloaded after import = 0

========================================================================
Received Import Request.
  Time since last request: 0.000034 seconds.
  path: Assets/FastScriptReload/Plugins/Roslyn/Microsoft.CSharp.dll.IMPORTANT.txt.txt
  artifactKey: Guid(7ed44ea52b2c6784e87b90723ac976a5) Importer(2089858483,b0f066a214c2f5e87bad3c948f4d605d)
Start importing Assets/FastScriptReload/Plugins/Roslyn/Microsoft.CSharp.dll.IMPORTANT.txt.txt using Guid(7ed44ea52b2c6784e87b90723ac976a5) Importer(2089858483,b0f066a214c2f5e87bad3c948f4d605d) (ScriptedImporter) -> (artifact id: 'cdf2fd59123ab98e8b2d9517b1f2c432') in 0.008049 seconds
Number of updated asset objects reloaded before import = 0Number of asset objects unloaded after import = 1

========================================================================
Received Import Request.
  Time since last request: 0.000023 seconds.
  path: Assets/FastScriptReload/Scripts/Editor/Compilation/DotnetExeCompilator.cs
  artifactKey: Guid(334fb2fc5cff4e98bf0f1ced9058cfc2) Importer(2089858483,b0f066a214c2f5e87bad3c948f4d605d)
Start importing Assets/FastScriptReload/Scripts/Editor/Compilation/DotnetExeCompilator.cs using Guid(334fb2fc5cff4e98bf0f1ced9058cfc2) Importer(2089858483,b0f066a214c2f5e87bad3c948f4d605d) (ScriptedImporter) -> (artifact id: '24d75d8961f75d1af4e7f1b34f75657e') in 0.0102707 seconds
Number of updated asset objects reloaded before import = 0Number of asset objects unloaded after import = 0

========================================================================
Received Import Request.
  Time since last request: 0.000034 seconds.
  path: Assets/FastScriptReload/Scripts/Editor/Compilation/CodeRewriting/ManualUserDefinedScriptOverridesRewriter.cs
  artifactKey: Guid(7d61f64c891c45b68a7db1ea67854127) Importer(2089858483,b0f066a214c2f5e87bad3c948f4d605d)
Start importing Assets/FastScriptReload/Scripts/Editor/Compilation/CodeRewriting/ManualUserDefinedScriptOverridesRewriter.cs using Guid(7d61f64c891c45b68a7db1ea67854127) Importer(2089858483,b0f066a214c2f5e87bad3c948f4d605d) (ScriptedImporter) -> (artifact id: 'a98723d8c115f2973cb76e8145c50951') in 0.0092455 seconds
Number of updated asset objects reloaded before import = 0Number of asset objects unloaded after import = 0

========================================================================
Received Import Request.
  Time since last request: 0.000037 seconds.
  path: Assets/FastScriptReload/Scripts/Editor/Compilation/DynamicCompilationBase.cs
  artifactKey: Guid(4301ea2066a04de58f95c515e910ae3e) Importer(2089858483,b0f066a214c2f5e87bad3c948f4d605d)
Start importing Assets/FastScriptReload/Scripts/Editor/Compilation/DynamicCompilationBase.cs using Guid(4301ea2066a04de58f95c515e910ae3e) Importer(2089858483,b0f066a214c2f5e87bad3c948f4d605d) (ScriptedImporter) -> (artifact id: 'e118eacde6b79b2685d090053ab3ad90') in 0.0071775 seconds
Number of updated asset objects reloaded before import = 0Number of asset objects unloaded after import = 0

========================================================================
Received Import Request.
  Time since last request: 0.000026 seconds.
  path: Assets/FastScriptReload/Examples/Scripts
  artifactKey: Guid(b62aec2a8c7944cd694716147ebd97e1) Importer(2089858483,b0f066a214c2f5e87bad3c948f4d605d)
Start importing Assets/FastScriptReload/Examples/Scripts using Guid(b62aec2a8c7944cd694716147ebd97e1) Importer(2089858483,b0f066a214c2f5e87bad3c948f4d605d) (ScriptedImporter) -> (artifact id: 'd161e1531f11c2948b8d8c85a9c890c2') in 0.0070686 seconds
Number of updated asset objects reloaded before import = 0Number of asset objects unloaded after import = 1

========================================================================
Received Import Request.
  Time since last request: 0.000032 seconds.
  path: Assets/FastScriptReload/Scripts/Editor/Compilation/PatchMcsArgsGeneration.cs
  artifactKey: Guid(26428224dc3f4d069690c15cbfb3a070) Importer(2089858483,b0f066a214c2f5e87bad3c948f4d605d)
Start importing Assets/FastScriptReload/Scripts/Editor/Compilation/PatchMcsArgsGeneration.cs using Guid(26428224dc3f4d069690c15cbfb3a070) Importer(2089858483,b0f066a214c2f5e87bad3c948f4d605d) (ScriptedImporter) -> (artifact id: 'bd9f8e97b4963b385e98307dd6dae0a6') in 0.0070201 seconds
Number of updated asset objects reloaded before import = 0Number of asset objects unloaded after import = 0

========================================================================
Received Import Request.
  Time since last request: 0.000029 seconds.
  path: Assets/FastScriptReload/Scripts/Runtime/ProjectTypeCache.cs
  artifactKey: Guid(5aeccbff964049a39b81fe0fe5714b31) Importer(2089858483,b0f066a214c2f5e87bad3c948f4d605d)
Start importing Assets/FastScriptReload/Scripts/Runtime/ProjectTypeCache.cs using Guid(5aeccbff964049a39b81fe0fe5714b31) Importer(2089858483,b0f066a214c2f5e87bad3c948f4d605d) (ScriptedImporter) -> (artifact id: '523f576883a7ae71c9e242be8d85a89e') in 0.0073146 seconds
Number of updated asset objects reloaded before import = 0Number of asset objects unloaded after import = 0

========================================================================
Received Import Request.
  Time since last request: 0.000036 seconds.
  path: Assets/FastScriptReload/Scripts/Editor/Compilation/CodeRewriting/ThisCallRewriter.cs
  artifactKey: Guid(f7e7aad39cec445db504fe5a117beae5) Importer(2089858483,b0f066a214c2f5e87bad3c948f4d605d)
Start importing Assets/FastScriptReload/Scripts/Editor/Compilation/CodeRewriting/ThisCallRewriter.cs using Guid(f7e7aad39cec445db504fe5a117beae5) Importer(2089858483,b0f066a214c2f5e87bad3c948f4d605d) (ScriptedImporter) -> (artifact id: 'c163cc10f0c3fb3a86ab035792fe236f') in 0.0065351 seconds
Number of updated asset objects reloaded before import = 0Number of asset objects unloaded after import = 0

========================================================================
Received Import Request.
  Time since last request: 0.000021 seconds.
  path: Assets/FastScriptReload/Scripts/Runtime/DetourCrashHandler.cs
  artifactKey: Guid(823fc1cf4b6e45c19d6bc7261b980bb9) Importer(2089858483,b0f066a214c2f5e87bad3c948f4d605d)
Start importing Assets/FastScriptReload/Scripts/Runtime/DetourCrashHandler.cs using Guid(823fc1cf4b6e45c19d6bc7261b980bb9) Importer(2089858483,b0f066a214c2f5e87bad3c948f4d605d) (ScriptedImporter) -> (artifact id: '6532273c95a547565d7a87972fefb7ac') in 0.0081696 seconds
Number of updated asset objects reloaded before import = 0Number of asset objects unloaded after import = 0

========================================================================
Received Import Request.
  Time since last request: 0.000020 seconds.
  path: Assets/FastScriptReload/Examples/Point/Point.prefab
  artifactKey: Guid(ec31e6d0518df49b48b4a8821e725be6) Importer(2089858483,b0f066a214c2f5e87bad3c948f4d605d)
Start importing Assets/FastScriptReload/Examples/Point/Point.prefab using Guid(ec31e6d0518df49b48b4a8821e725be6) Importer(2089858483,b0f066a214c2f5e87bad3c948f4d605d) (ScriptedImporter) -> (artifact id: '146597b5f8f286b6fb6629a5219f0427') in 0.0486527 seconds
Number of updated asset objects reloaded before import = 0Number of asset objects unloaded after import = 8

========================================================================
Received Import Request.
  Time since last request: 0.000026 seconds.
  path: Assets/FastScriptReload/Examples/Point/Point Surface.shader
  artifactKey: Guid(465e84f7c06b44e05a7ae6f3dccab691) Importer(2089858483,b0f066a214c2f5e87bad3c948f4d605d)
Start importing Assets/FastScriptReload/Examples/Point/Point Surface.shader using Guid(465e84f7c06b44e05a7ae6f3dccab691) Importer(2089858483,b0f066a214c2f5e87bad3c948f4d605d) (ScriptedImporter) -> (artifact id: 'e22917c01bf5c60e4b8f9145c3f9ae16') in 0.011314 seconds
Number of updated asset objects reloaded before import = 0Number of asset objects unloaded after import = 1

========================================================================
Received Import Request.
  Time since last request: 0.000029 seconds.
  path: Assets/FastScriptReload/Scripts/Editor/FileWatcherSetupEntry.cs
  artifactKey: Guid(126f0c053848416c88113f41793c7310) Importer(2089858483,b0f066a214c2f5e87bad3c948f4d605d)
Start importing Assets/FastScriptReload/Scripts/Editor/FileWatcherSetupEntry.cs using Guid(126f0c053848416c88113f41793c7310) Importer(2089858483,b0f066a214c2f5e87bad3c948f4d605d) (ScriptedImporter) -> (artifact id: '980cee5329a76fe3384092ca868c68c0') in 0.0083332 seconds
Number of updated asset objects reloaded before import = 0Number of asset objects unloaded after import = 0

========================================================================
Received Import Request.
  Time since last request: 0.000023 seconds.
  path: Assets/FastScriptReload/Scripts
  artifactKey: Guid(5a75110210e466042bd92a459f2776bb) Importer(2089858483,b0f066a214c2f5e87bad3c948f4d605d)
Start importing Assets/FastScriptReload/Scripts using Guid(5a75110210e466042bd92a459f2776bb) Importer(2089858483,b0f066a214c2f5e87bad3c948f4d605d) (ScriptedImporter) -> (artifact id: '5a5607e34e6b2997858b089faf8f8b70') in 0.0079668 seconds
Number of updated asset objects reloaded before import = 0Number of asset objects unloaded after import = 1

========================================================================
Received Import Request.
  Time since last request: 0.000031 seconds.
  path: Assets/FastScriptReload/Examples/Scenes/ExampleScene.unity
  artifactKey: Guid(f0864e8be0431eb4b94733fe8e9634b5) Importer(2089858483,b0f066a214c2f5e87bad3c948f4d605d)
Start importing Assets/FastScriptReload/Examples/Scenes/ExampleScene.unity using Guid(f0864e8be0431eb4b94733fe8e9634b5) Importer(2089858483,b0f066a214c2f5e87bad3c948f4d605d) (ScriptedImporter) -> (artifact id: '6e0a08408f71cb3347274b16efa71622') in 0.0127686 seconds
Number of updated asset objects reloaded before import = 0Number of asset objects unloaded after import = 1

========================================================================
Received Import Request.
  Time since last request: 0.000030 seconds.
  path: Assets/FastScriptReload/Third-Party Notices.txt
  artifactKey: Guid(65bc5df5e8238144cb22ac84bbaec407) Importer(2089858483,b0f066a214c2f5e87bad3c948f4d605d)
Start importing Assets/FastScriptReload/Third-Party Notices.txt using Guid(65bc5df5e8238144cb22ac84bbaec407) Importer(2089858483,b0f066a214c2f5e87bad3c948f4d605d) (ScriptedImporter) -> (artifact id: '42537d337baf4ea002b33598f0dfa00e') in 0.0068503 seconds
Number of updated asset objects reloaded before import = 0Number of asset objects unloaded after import = 1

========================================================================
Received Import Request.
  Time since last request: 0.000042 seconds.
  path: Assets/FastScriptReload/Scripts/Runtime/LoggerScopedInitializer.cs
  artifactKey: Guid(7bc11fb1c6f44baba1358478b6669a53) Importer(2089858483,b0f066a214c2f5e87bad3c948f4d605d)
Start importing Assets/FastScriptReload/Scripts/Runtime/LoggerScopedInitializer.cs using Guid(7bc11fb1c6f44baba1358478b6669a53) Importer(2089858483,b0f066a214c2f5e87bad3c948f4d605d) (ScriptedImporter) -> (artifact id: 'c14e54110c2bf552637169e96b0b62fb') in 0.0073213 seconds
Number of updated asset objects reloaded before import = 0Number of asset objects unloaded after import = 0

========================================================================
Received Import Request.
  Time since last request: 0.000027 seconds.
  path: Assets/FastScriptReload/Scripts/Editor/FastScriptReloadManager.cs
  artifactKey: Guid(6bcc689ed0625e04d8117933c1ccadd8) Importer(2089858483,b0f066a214c2f5e87bad3c948f4d605d)
Start importing Assets/FastScriptReload/Scripts/Editor/FastScriptReloadManager.cs using Guid(6bcc689ed0625e04d8117933c1ccadd8) Importer(2089858483,b0f066a214c2f5e87bad3c948f4d605d) (ScriptedImporter) -> (artifact id: 'fdb287c73f003ba56848a642ec451563') in 0.0067749 seconds
Number of updated asset objects reloaded before import = 0Number of asset objects unloaded after import = 0

========================================================================
Received Import Request.
  Time since last request: 0.000023 seconds.
  path: Assets/FastScriptReload/Scripts/Editor/Compilation/ScriptGenerationOverrides
  artifactKey: Guid(a9e1198b8d42486bae230272101c0951) Importer(2089858483,b0f066a214c2f5e87bad3c948f4d605d)
Start importing Assets/FastScriptReload/Scripts/Editor/Compilation/ScriptGenerationOverrides using Guid(a9e1198b8d42486bae230272101c0951) Importer(2089858483,b0f066a214c2f5e87bad3c948f4d605d) (ScriptedImporter) -> (artifact id: '586f6afd869669bdc9f43204cace87af') in 0.0065249 seconds
Number of updated asset objects reloaded before import = 0Number of asset objects unloaded after import = 1

========================================================================
Received Import Request.
  Time since last request: 0.000027 seconds.
  path: Assets/FastScriptReload/Plugins/Roslyn/Microsoft.CSharp.dll
  artifactKey: Guid(2ecdb977386ca1046a7a8b10a70f0901) Importer(2089858483,b0f066a214c2f5e87bad3c948f4d605d)
Start importing Assets/FastScriptReload/Plugins/Roslyn/Microsoft.CSharp.dll using Guid(2ecdb977386ca1046a7a8b10a70f0901) Importer(2089858483,b0f066a214c2f5e87bad3c948f4d605d) (ScriptedImporter) -> (artifact id: 'ae79d87984ef7ccdaa1bf51defc49f0f') in 0.0084904 seconds
Number of updated asset objects reloaded before import = 0Number of asset objects unloaded after import = 0

Editor requested this worker to shutdown with reason: Scaling down because of idle timeout
AssetImportWorker is now disconnected from the server
Process exiting
Exiting without the bug reporter. Application will terminate with return code 0