[Licensing::Module] Trying to connect to existing licensing client channel...
Built from '6000.3/staging' branch; Version is '6000.3.9f1 (7a9955a4f2fa) revision 8034645'; Using compiler version '194234433'; Build Type 'Release'
[Licensing::IpcConnector] Successfully connected to: "LicenseClient-Đ”ĐĽĐ¸Ń‚Ń€Đ¸Đą" at "2026-03-30T18:11:41.598353Z"
OS: 'Windows 10  (10.0.19045) 64bit CoreSingleLanguage' Language: 'ru' Physical Memory: 16318 MB
BatchMode: 1, IsHumanControllingUs: 0, StartBugReporterOnCrash: 0, Is64bit: 1
System  architecture: x64
Process architecture: x64
Date: 2026-03-30T18:11:41Z

COMMAND LINE ARGUMENTS:
S:\UNITY\Unity Editor Versions\6000.3.9f1\Editor\Unity.exe
-adb2
-batchMode
-noUpm
-name
AssetImportWorker6
-projectPath
S:/UNITY/UNITY BACKUP/SPIKE
-logFile
Logs/AssetImportWorker6.log
-srvPort
50328
-licensingIpc
LicenseClient-Đ”ĐĽĐ¸Ń‚Ń€Đ¸Đą
-job-worker-count
7
-background-job-worker-count
8
-gc-helper-count
1
-name
AssetImport
Successfully changed project path to: S:/UNITY/UNITY BACKUP/SPIKE
S:/UNITY/UNITY BACKUP/SPIKE
[UnityMemory] Configuration Parameters - Can be set up in boot.config
    "memorysetup-temp-allocator-size-nav-mesh-worker=65536"
    "memorysetup-temp-allocator-size-audio-worker=65536"
    "memorysetup-temp-allocator-size-gfx=262144"
    "memorysetup-allocator-temp-initial-block-size-main=262144"
    "memorysetup-allocator-temp-initial-block-size-worker=262144"
    "memorysetup-temp-allocator-size-background-worker=32768"
    "memorysetup-temp-allocator-size-job-worker=262144"
    "memorysetup-temp-allocator-size-preload-manager=33554432"
    "memorysetup-temp-allocator-size-gi-baking-worker=262144"
    "memorysetup-temp-allocator-size-gi-baking-worker=262144"
    "memorysetup-temp-allocator-size-gi-baking-worker=262144"
    "memorysetup-temp-allocator-size-gi-baking-worker=262144"
    "memorysetup-temp-allocator-size-gi-baking-worker=262144"
    "memorysetup-bucket-allocator-granularity=16"
    "memorysetup-bucket-allocator-bucket-count=8"
    "memorysetup-bucket-allocator-block-size=33554432"
    "memorysetup-bucket-allocator-block-count=8"
    "memorysetup-main-allocator-block-size=16777216"
    "memorysetup-thread-allocator-block-size=16777216"
    "memorysetup-gfx-main-allocator-block-size=16777216"
    "memorysetup-gfx-thread-allocator-block-size=16777216"
    "memorysetup-cache-allocator-block-size=4194304"
    "memorysetup-typetree-allocator-block-size=2097152"
    "memorysetup-profiler-bucket-allocator-granularity=16"
    "memorysetup-profiler-bucket-allocator-bucket-count=8"
    "memorysetup-profiler-bucket-allocator-block-size=33554432"
    "memorysetup-profiler-bucket-allocator-block-count=8"
    "memorysetup-profiler-allocator-block-size=16777216"
    "memorysetup-profiler-editor-allocator-block-size=1048576"
    "memorysetup-temp-allocator-size-main=16777216"
    "memorysetup-job-temp-allocator-block-size=2097152"
    "memorysetup-job-temp-allocator-block-size-background=1048576"
    "memorysetup-job-temp-allocator-reduction-small-platforms=262144"
    "memorysetup-temp-allocator-size-cloud-worker=32768"
Player connection [28024]  Target information:

Player connection [28024]  * "[IP] 192.168.1.39 [Port] 0 [Flags] 2 [Guid] 3882945380 [EditorId] 3882945380 [Version] 1048832 [Id] WindowsEditor(7,DESKTOP-KK1P2OH) [Debug] 1 [PackageName] WindowsEditor [ProjectName] Editor" 

Player connection [28024] Host joined multi-casting on [225.0.0.222:54997]...
Player connection [28024] Host joined alternative multi-casting on [225.0.0.222:34997]...
JobSystem: Creating JobQueue using job-worker-count value 7
Input System module state changed to: Initialized.
[Physics::Module] Initialized fallback backend.
[Physics::Module] Id: 0xdecafbad
Library Redirect Path: Library/
[Physics::Module] Selected backend.
[Physics::Module] Name: PhysX
[Physics::Module] Id: 0xf2b8ea05
[Physics::Module] SDK Version: 4.1.2
[Physics::Module] Integration Version: 1.0.0
[Physics::Module] Threading Mode: Multi-Threaded
Refreshing native plugins compatible for Editor in 5.09 ms, found 3 plugins.
Preloading 0 native plugins for Editor in 0.00 ms.
Initialize engine version: 6000.3.9f1 (7a9955a4f2fa)
[Subsystems] Discovering subsystems at path S:/UNITY/Unity Editor Versions/6000.3.9f1/Editor/Data/Resources/UnitySubsystems
[Subsystems] Discovering subsystems at path S:/UNITY/UNITY BACKUP/SPIKE/Assets
GfxDevice: creating device client; kGfxThreadingModeNonThreaded
Direct3D:
    Version:  Direct3D 11.0 [level 11.1]
    Renderer: NVIDIA GeForce GTX 1060 6GB (ID=0x1c03)
    Vendor:   NVIDIA
    VRAM:     6029 MB
    Driver:   32.0.15.8228
Initialize mono
Mono path[0] = 'S:/UNITY/Unity Editor Versions/6000.3.9f1/Editor/Data/Managed'
Mono path[1] = 'S:/UNITY/Unity Editor Versions/6000.3.9f1/Editor/Data/MonoBleedingEdge/lib/mono/unityjit-win32'
Mono config path = 'S:/UNITY/Unity Editor Versions/6000.3.9f1/Editor/Data/MonoBleedingEdge/etc'
Using monoOptions --debugger-agent=transport=dt_socket,embedding=1,server=y,suspend=n,address=127.0.0.1:56816
Begin MonoManager ReloadAssembly
Registering precompiled unity dll's ...
Register platform support module: S:/UNITY/Unity Editor Versions/6000.3.9f1/Editor/Data/PlaybackEngines/WindowsStandaloneSupport/UnityEditor.WindowsStandalone.Extensions.dll
[Licensing::Module] Licensing is not yet initialized.
[Licensing::Client] Handshaking with LicensingClient:
  Version:                 1.17.4+4293ba1
  Session Id:              cc003fe778f4495e82ef21f7ed94c00f
  Correlation Id:          5482b27508508e261325e7b2fece287e
  External correlation Id: 2604998185008267686
  Machine Id:              BSinU4MsdP07HGNxKH7k4gB1okk=
[Licensing::Module] Successfully connected to LicensingClient on channel: "LicenseClient-Đ”ĐĽĐ¸Ń‚Ń€Đ¸Đą" (connect: 0.00s, validation: 0.00s, handshake: 2.90s)
[Licensing::IpcConnector] Successfully connected to: "LicenseClient-Đ”ĐĽĐ¸Ń‚Ń€Đ¸Đą-notifications" at "2026-03-30T18:11:44.4989703Z"
[Licensing::Module] Licensing Background thread has ended after 2.90s
[Licensing::Module] Licensing is initialized (took 0.71s).
[Licensing::Client] Successfully resolved entitlement details
[Licensing::Module] License group:
  Id: 10170697332008-UnityPersXXXX
  Product: Unity Personal
  Type: Assigned
  Expiration: Unlimited
Register platform support module: S:/UNITY/Unity Editor Versions/6000.3.9f1/Editor/Data/PlaybackEngines/MetroSupport/UnityEditor.UWP.Extensions.dll
Registered in 0.718333 seconds.
- Loaded All Assemblies, in  1.635 seconds
Native extension for UWP target not found
Native extension for WindowsStandalone target not found
ScheduleIndexationOnStartup MainProcess:False IndexOnStartup:True
Mono: successfully reloaded assembly
- Finished resetting the current domain, in  0.743 seconds
Domain Reload Profiling: 2376ms
	BeginReloadAssembly (347ms)
		ExecutionOrderSort (0ms)
		DisableScriptedObjects (0ms)
		BackupInstance (0ms)
		ReleaseScriptingObjects (0ms)
		CreateAndSetChildDomain (1ms)
	RebuildCommonClasses (83ms)
	RebuildNativeTypeToScriptingClass (32ms)
	initialDomainReloadingComplete (799ms)
	LoadAllAssembliesAndSetupDomain (371ms)
		LoadAssemblies (344ms)
		RebuildTransferFunctionScriptingTraits (0ms)
		AnalyzeDomain (364ms)
			TypeCache.Refresh (361ms)
				TypeCache.ScanAssembly (332ms)
			BuildScriptInfoCaches (0ms)
			ResolveRequiredComponents (1ms)
	FinalizeReload (744ms)
		ReleaseScriptCaches (0ms)
		RebuildScriptCaches (0ms)
		SetupLoadedEditorAssemblies (644ms)
			LogAssemblyErrors (0ms)
			InitializePlatformSupportModulesInManaged (100ms)
			SetLoadedEditorAssemblies (6ms)
			BeforeProcessingInitializeOnLoad (147ms)
			ProcessInitializeOnLoadAttributes (273ms)
			ProcessInitializeOnLoadMethodAttributes (118ms)
			AfterProcessingInitializeOnLoad (0ms)
			EditorAssembliesLoaded (0ms)
		ExecutionOrderSort2 (0ms)
		AwakeInstancesAfterBackupRestoration (0ms)
Assembly reference Packages/com.unity.cinemachine/Editor/Samples/ExposeHDRPInternals/HDRP-Editor-ref.asmref has no target assembly definition
========================================================================
Worker process is ready to serve import requests
Import Worker Mode flag is 0x00
Assembly reference Packages/com.unity.cinemachine/Editor/Samples/ExposeHDRPInternals/HDRP-Editor-ref.asmref has no target assembly definition
Assembly reference Packages/com.unity.cinemachine/Editor/Samples/ExposeHDRPInternals/HDRP-Editor-ref.asmref has no target assembly definition
Begin MonoManager ReloadAssembly
[Licensing::Client] Successfully resolved entitlement details
- Loaded All Assemblies, in  1.879 seconds
Assembly reference Packages/com.unity.cinemachine/Editor/Samples/ExposeHDRPInternals/HDRP-Editor-ref.asmref has no target assembly definition
'Packages/com.unity.cinemachine/Editor/Obsolete/CinemachineVirtualCameraBaseEditor.cs' contains partial class of Unity.Object, exactly 1 of the partial classes needs to be in a file with the same filename. This is to know the one that can be referenced from ie. GameObjects
'Packages/com.unity.cinemachine/Editor/Editors/CinemachineVirtualCameraBaseEditor.cs' contains partial class of Unity.Object, exactly 1 of the partial classes needs to be in a file with the same filename. This is to know the one that can be referenced from ie. GameObjects
Refreshing native plugins compatible for Editor in 2.22 ms, found 3 plugins.
Native extension for UWP target not found
Native extension for WindowsStandalone target not found
Assembly reference Packages/com.unity.cinemachine/Editor/Samples/ExposeHDRPInternals/HDRP-Editor-ref.asmref has no target assembly definition
Package Manager log level set to [2]
[Package Manager] Failed to launch server process. Reason: Unity was launched with the -noUpm command-line argument
[Package Manager] Unable to send message (not connected to server process).
[Package Manager] Cannot connect to Unity Package Manager local server
[Package Manager] Failed to launch server process. Reason: Unity was launched with the -noUpm command-line argument
[Package Manager] Unable to send message (not connected to server process).
[Package Manager] Cannot connect to Unity Package Manager local server
ScheduleIndexationOnStartup MainProcess:False IndexOnStartup:True
Mono: successfully reloaded assembly
- Finished resetting the current domain, in  8.433 seconds
Domain Reload Profiling: 10310ms
	BeginReloadAssembly (346ms)
		ExecutionOrderSort (0ms)
		DisableScriptedObjects (10ms)
		BackupInstance (0ms)
		ReleaseScriptingObjects (0ms)
		CreateAndSetChildDomain (49ms)
	RebuildCommonClasses (66ms)
	RebuildNativeTypeToScriptingClass (25ms)
	initialDomainReloadingComplete (113ms)
	LoadAllAssembliesAndSetupDomain (1325ms)
		LoadAssemblies (907ms)
		RebuildTransferFunctionScriptingTraits (0ms)
		AnalyzeDomain (638ms)
			TypeCache.Refresh (498ms)
				TypeCache.ScanAssembly (473ms)
			BuildScriptInfoCaches (108ms)
			ResolveRequiredComponents (25ms)
	FinalizeReload (8434ms)
		ReleaseScriptCaches (0ms)
		RebuildScriptCaches (0ms)
		SetupLoadedEditorAssemblies (7838ms)
			LogAssemblyErrors (0ms)
			InitializePlatformSupportModulesInManaged (2ms)
			SetLoadedEditorAssemblies (7ms)
			BeforeProcessingInitializeOnLoad (227ms)
			ProcessInitializeOnLoadAttributes (7496ms)
			ProcessInitializeOnLoadMethodAttributes (100ms)
			AfterProcessingInitializeOnLoad (5ms)
			EditorAssembliesLoaded (0ms)
		ExecutionOrderSort2 (0ms)
		AwakeInstancesAfterBackupRestoration (13ms)
Launched and connected shader compiler UnityShaderCompiler.exe after 0.09 seconds
Refreshing native plugins compatible for Editor in 2.54 ms, found 3 plugins.
Preloading 0 native plugins for Editor in 0.00 ms.
Unloading 17 Unused Serialized files (Serialized files now loaded: 0)
Unloading 6944 unused Assets / (5.0 MB). Loaded Objects now: 7792.
Memory consumption went from 152.9 MB to 147.9 MB.
Total: 14.720300 ms (FindLiveObjects: 1.307300 ms CreateObjectMapping: 0.823700 ms MarkObjects: 8.703000 ms  DeleteObjects: 3.884500 ms)

========================================================================
Received Import Request.
  Time since last request: 30158.507544 seconds.
  path: Assets/FastScriptReload/Examples/Point/Point.mat
  artifactKey: Guid(a4956e7a124b944509c8517dfaea5e82) Importer(2089858483,b0f066a214c2f5e87bad3c948f4d605d)
Start importing Assets/FastScriptReload/Examples/Point/Point.mat using Guid(a4956e7a124b944509c8517dfaea5e82) Importer(2089858483,b0f066a214c2f5e87bad3c948f4d605d) (ScriptedImporter) -> (artifact id: '85e7d394fc1d9db1ccb281b749dde250') in 0.148875 seconds
Number of updated asset objects reloaded before import = 0Number of asset objects unloaded after import = 5

========================================================================
Received Prepare
Assembly reference Packages/com.unity.cinemachine/Editor/Samples/ExposeHDRPInternals/HDRP-Editor-ref.asmref has no target assembly definition
Assembly reference Packages/com.unity.cinemachine/Editor/Samples/ExposeHDRPInternals/HDRP-Editor-ref.asmref has no target assembly definition
Begin MonoManager ReloadAssembly
[Licensing::Client] Successfully resolved entitlement details
Duplicate assembly 'System.Collections.Immutable.FSR.dll' with different versions detected, using 'Assets/FastScriptReload/Plugins/Roslyn/2021+/System.Collections.Immutable.FSR.dll, AssemblyName=System.Collections.Immutable, Version=7.0.0.0, Culture=neutral, PublicKeyToken=b03f5f7f11d50a3a' and ignoring 'Assets/FastScriptReload/Plugins/Roslyn/System.Collections.Immutable.dll, AssemblyName=System.Collections.Immutable, Version=1.2.3.0, Culture=neutral, PublicKeyToken=b03f5f7f11d50a3a'.Duplicate assembly 'System.Collections.Immutable.FSR.dll' with different versions detected, using 'Assets/FastScriptReload/Plugins/Roslyn/2021+/System.Collections.Immutable.FSR.dll, AssemblyName=System.Collections.Immutable, Version=7.0.0.0, Culture=neutral, PublicKeyToken=b03f5f7f11d50a3a' and ignoring 'Assets/FastScriptReload/Plugins/Roslyn/2021+/System.Collections.Immutable.dll, AssemblyName=System.Collections.Immutable, Version=1.2.3.0, Culture=neutral, PublicKeyToken=b03f5f7f11d50a3a'.Duplicate assembly 'System.Reflection.Metadata.dll' with different versions detected, using 'Assets/FastScriptReload/Plugins/Roslyn/2021+/System.Reflection.Metadata.dll, AssemblyName=System.Reflection.Metadata, Version=7.0.0.0, Culture=neutral, PublicKeyToken=b03f5f7f11d50a3a' and ignoring 'Assets/FastScriptReload/Plugins/Roslyn/System.Reflection.Metadata.dll, AssemblyName=System.Reflection.Metadata, Version=1.4.3.0, Culture=neutral, PublicKeyToken=b03f5f7f11d50a3a'.Duplicate assembly 'Microsoft.CodeAnalysis.CSharp.dll' with different versions detected, using 'Assets/FastScriptReload/Plugins/Roslyn/2021+/Microsoft.CodeAnalysis.CSharp.dll, AssemblyName=Microsoft.CodeAnalysis.CSharp, Version=4.6.0.0, Culture=neutral, PublicKeyToken=31bf3856ad364e35' and ignoring 'Assets/FastScriptReload/Plugins/Roslyn/Microsoft.CodeAnalysis.CSharp.dll, AssemblyName=Microsoft.CodeAnalysis.CSharp, Version=2.10.0.0, Culture=neutral, PublicKeyToken=31bf3856ad364e35'.Duplicate assembly 'Microsoft.CodeAnalysis.dll' with different versions detected, using 'Assets/FastScriptReload/Plugins/Roslyn/2021+/Microsoft.CodeAnalysis.dll, AssemblyName=Microsoft.CodeAnalysis, Version=4.6.0.0, Culture=neutral, PublicKeyToken=31bf3856ad364e35' and ignoring 'Assets/FastScriptReload/Plugins/Roslyn/Microsoft.CodeAnalysis.dll, AssemblyName=Microsoft.CodeAnalysis, Version=2.10.0.0, Culture=neutral, PublicKeyToken=31bf3856ad364e35'.- Loaded All Assemblies, in  1.606 seconds
Assembly reference Packages/com.unity.cinemachine/Editor/Samples/ExposeHDRPInternals/HDRP-Editor-ref.asmref has no target assembly definition
'Packages/com.unity.cinemachine/Editor/Obsolete/CinemachineVirtualCameraBaseEditor.cs' contains partial class of Unity.Object, exactly 1 of the partial classes needs to be in a file with the same filename. This is to know the one that can be referenced from ie. GameObjects
'Packages/com.unity.cinemachine/Editor/Editors/CinemachineVirtualCameraBaseEditor.cs' contains partial class of Unity.Object, exactly 1 of the partial classes needs to be in a file with the same filename. This is to know the one that can be referenced from ie. GameObjects
Refreshing native plugins compatible for Editor in 1.64 ms, found 3 plugins.
Assertion failed on expression: 'pred(*previous, *i)'
Assertion failed on expression: 'pred(*previous, *i)'
Assertion failed on expression: 'pred(*previous, *i)'
Assertion failed on expression: 'pred(*previous, *i)'
Assertion failed on expression: 'pred(*previous, *i)'
Assertion failed on expression: 'pred(*previous, *i)'
Assertion failed on expression: 'pred(*previous, *i)'
Assertion failed on expression: 'pred(*previous, *i)'
Assertion failed on expression: 'pred(*previous, *i)'
Assertion failed on expression: 'pred(*previous, *i)'
Assertion failed on expression: 'pred(*previous, *i)'
Assertion failed on expression: 'pred(*previous, *i)'
Assertion failed on expression: 'pred(*previous, *i)'
Assertion failed on expression: 'pred(*previous, *i)'
Assertion failed on expression: 'pred(*previous, *i)'
Native extension for UWP target not found
Native extension for WindowsStandalone target not found
Assembly reference Packages/com.unity.cinemachine/Editor/Samples/ExposeHDRPInternals/HDRP-Editor-ref.asmref has no target assembly definition
[Package Manager] Failed to launch server process. Reason: Unity was launched with the -noUpm command-line argument
[Package Manager] Unable to send message (not connected to server process).
[Package Manager] Cannot connect to Unity Package Manager local server
[Package Manager] Failed to launch server process. Reason: Unity was launched with the -noUpm command-line argument
[Package Manager] Unable to send message (not connected to server process).
[Package Manager] Cannot connect to Unity Package Manager local server
ScheduleIndexationOnStartup MainProcess:False IndexOnStartup:True
Mono: successfully reloaded assembly
- Finished resetting the current domain, in  1.913 seconds
Domain Reload Profiling: 3521ms
	BeginReloadAssembly (409ms)
		ExecutionOrderSort (0ms)
		DisableScriptedObjects (10ms)
		BackupInstance (0ms)
		ReleaseScriptingObjects (0ms)
		CreateAndSetChildDomain (98ms)
	RebuildCommonClasses (66ms)
	RebuildNativeTypeToScriptingClass (26ms)
	initialDomainReloadingComplete (92ms)
	LoadAllAssembliesAndSetupDomain (1013ms)
		LoadAssemblies (699ms)
		RebuildTransferFunctionScriptingTraits (0ms)
		AnalyzeDomain (529ms)
			TypeCache.Refresh (157ms)
				TypeCache.ScanAssembly (141ms)
			BuildScriptInfoCaches (339ms)
			ResolveRequiredComponents (25ms)
	FinalizeReload (1914ms)
		ReleaseScriptCaches (0ms)
		RebuildScriptCaches (0ms)
		SetupLoadedEditorAssemblies (1590ms)
			LogAssemblyErrors (0ms)
			InitializePlatformSupportModulesInManaged (3ms)
			SetLoadedEditorAssemblies (10ms)
			BeforeProcessingInitializeOnLoad (278ms)
			ProcessInitializeOnLoadAttributes (1171ms)
			ProcessInitializeOnLoadMethodAttributes (122ms)
			AfterProcessingInitializeOnLoad (6ms)
			EditorAssembliesLoaded (1ms)
		ExecutionOrderSort2 (0ms)
		AwakeInstancesAfterBackupRestoration (33ms)
Refreshing native plugins compatible for Editor in 1.74 ms, found 3 plugins.
Preloading 0 native plugins for Editor in 0.00 ms.
Unloading 17 Unused Serialized files (Serialized files now loaded: 0)
Unloading 6977 unused Assets / (4.4 MB). Loaded Objects now: 7835.
Memory consumption went from 159.2 MB to 154.8 MB.
Total: 16.122900 ms (FindLiveObjects: 1.198800 ms CreateObjectMapping: 1.799500 ms MarkObjects: 9.523300 ms  DeleteObjects: 3.599900 ms)

Prepare: number of updated asset objects reloaded= 0
========================================================================
Received Import Request.
  Time since last request: 209.407077 seconds.
  path: Assets/Import/Scripts
  artifactKey: Guid(456b9878502d7c5438fa38412cd9135f) Importer(815301076,1909f56bfc062723c751e8b465ee728b)
Start importing Assets/Import/Scripts using Guid(456b9878502d7c5438fa38412cd9135f) Importer(815301076,1909f56bfc062723c751e8b465ee728b) (PreviewImporter) -> (artifact id: '08cbf137c0c0904285a904947ac2064b') in 0.0101625 seconds
Number of updated asset objects reloaded before import = 0Number of asset objects unloaded after import = 0

========================================================================
Received Import Request.
  Time since last request: 0.763562 seconds.
  path: Assets/Import/Scripts/DODONPA Scripts
  artifactKey: Guid(06813688132f4474f89ce29edee89b94) Importer(815301076,1909f56bfc062723c751e8b465ee728b)
Start importing Assets/Import/Scripts/DODONPA Scripts using Guid(06813688132f4474f89ce29edee89b94) Importer(815301076,1909f56bfc062723c751e8b465ee728b) (PreviewImporter) -> (artifact id: 'cc7e70342a6634f78269cc1f027c36db') in 0.0007119 seconds
Number of updated asset objects reloaded before import = 0Number of asset objects unloaded after import = 0

========================================================================
Received Import Request.
  Time since last request: 0.592431 seconds.
  path: Assets/Import/Scripts/DODONPA Scripts/View (UI)
  artifactKey: Guid(d8d837a64ef514d459206e38102d675d) Importer(815301076,1909f56bfc062723c751e8b465ee728b)
Start importing Assets/Import/Scripts/DODONPA Scripts/View (UI) using Guid(d8d837a64ef514d459206e38102d675d) Importer(815301076,1909f56bfc062723c751e8b465ee728b) (PreviewImporter) -> (artifact id: 'bcae3b091fea9d06bbc2c9b365c32640') in 0.0007008 seconds
Number of updated asset objects reloaded before import = 0Number of asset objects unloaded after import = 0

========================================================================
Received Import Request.
  Time since last request: 0.688306 seconds.
  path: Assets/Import/Scripts/DODONPA Scripts/View (UI)/Gameplay Scene View
  artifactKey: Guid(319c1534e80266248b15af5d33b96f66) Importer(815301076,1909f56bfc062723c751e8b465ee728b)
Start importing Assets/Import/Scripts/DODONPA Scripts/View (UI)/Gameplay Scene View using Guid(319c1534e80266248b15af5d33b96f66) Importer(815301076,1909f56bfc062723c751e8b465ee728b) (PreviewImporter) -> (artifact id: 'b2446050cc3e78109f9e7c746476ebfe') in 0.0006648 seconds
Number of updated asset objects reloaded before import = 0Number of asset objects unloaded after import = 0

========================================================================
Received Import Request.
  Time since last request: 0.488346 seconds.
  path: Assets/Import/Scripts/DODONPA Scripts/View (UI)/Gameplay Scene View/Gameplay Scene UI
  artifactKey: Guid(e7511b968ed413d498571a0f8a03b7a7) Importer(815301076,1909f56bfc062723c751e8b465ee728b)
Start importing Assets/Import/Scripts/DODONPA Scripts/View (UI)/Gameplay Scene View/Gameplay Scene UI using Guid(e7511b968ed413d498571a0f8a03b7a7) Importer(815301076,1909f56bfc062723c751e8b465ee728b) (PreviewImporter) -> (artifact id: '0261b1240db5afa8b2e7c062d0aa62e8') in 0.0007157 seconds
Number of updated asset objects reloaded before import = 0Number of asset objects unloaded after import = 0

========================================================================
Received Import Request.
  Time since last request: 6.651814 seconds.
  path: Assets/!GameFiles/Scripts
  artifactKey: Guid(b81fc330683fc9c41a44d9ce4e15f80a) Importer(815301076,1909f56bfc062723c751e8b465ee728b)
Start importing Assets/!GameFiles/Scripts using Guid(b81fc330683fc9c41a44d9ce4e15f80a) Importer(815301076,1909f56bfc062723c751e8b465ee728b) (PreviewImporter) -> (artifact id: '4a7a0f98b36152335d8634f229acc706') in 0.0006689 seconds
Number of updated asset objects reloaded before import = 0Number of asset objects unloaded after import = 0

========================================================================
Received Import Request.
  Time since last request: 0.825513 seconds.
  path: Assets/!GameFiles/Scripts/UI
  artifactKey: Guid(5439e231078288442b0e8a064450b242) Importer(815301076,1909f56bfc062723c751e8b465ee728b)
Start importing Assets/!GameFiles/Scripts/UI using Guid(5439e231078288442b0e8a064450b242) Importer(815301076,1909f56bfc062723c751e8b465ee728b) (PreviewImporter) -> (artifact id: '699dff2b948907d68c3d6ef325888a13') in 0.000684 seconds
Number of updated asset objects reloaded before import = 0Number of asset objects unloaded after import = 0

========================================================================
Received Import Request.
  Time since last request: 90.931534 seconds.
  path: Assets/!GameFiles/Scripts/Character/CharacterUI
  artifactKey: Guid(ffc7c0a17fd66c547b6b4217cdcf72ff) Importer(815301076,1909f56bfc062723c751e8b465ee728b)
Start importing Assets/!GameFiles/Scripts/Character/CharacterUI using Guid(ffc7c0a17fd66c547b6b4217cdcf72ff) Importer(815301076,1909f56bfc062723c751e8b465ee728b) (PreviewImporter) -> (artifact id: '441be7f2733ce328358c1e5ee8e854e9') in 0.0006671 seconds
Number of updated asset objects reloaded before import = 0Number of asset objects unloaded after import = 0

========================================================================
Received Import Request.
  Time since last request: 7.518746 seconds.
  path: Assets/Import/Scripts/DODONPA Scripts/View (UI)/Gameplay Scene View/Gameplay Scene UI/Jetpack Fuel Level UI.cs
  artifactKey: Guid(e7868881111d444498081d2828de30c9) Importer(815301076,1909f56bfc062723c751e8b465ee728b)
Start importing Assets/Import/Scripts/DODONPA Scripts/View (UI)/Gameplay Scene View/Gameplay Scene UI/Jetpack Fuel Level UI.cs using Guid(e7868881111d444498081d2828de30c9) Importer(815301076,1909f56bfc062723c751e8b465ee728b) (PreviewImporter) -> (artifact id: '92160eda4000014bd8d8707aebb0aaf4') in 0.0007236 seconds
Number of updated asset objects reloaded before import = 0Number of asset objects unloaded after import = 0

========================================================================
Received Import Request.
  Time since last request: 1.766444 seconds.
  path: Assets/Import/Scripts/DODONPA Scripts/View (UI)/Gameplay Scene View/Gameplay Scene UI/Player Health Level UI.cs
  artifactKey: Guid(f23684908b91fc24cbd1c0612fc881cc) Importer(815301076,1909f56bfc062723c751e8b465ee728b)
Start importing Assets/Import/Scripts/DODONPA Scripts/View (UI)/Gameplay Scene View/Gameplay Scene UI/Player Health Level UI.cs using Guid(f23684908b91fc24cbd1c0612fc881cc) Importer(815301076,1909f56bfc062723c751e8b465ee728b) (PreviewImporter) -> (artifact id: 'f7fdf1be99273aad09fcc2cf9520a5b2') in 0.0007014 seconds
Number of updated asset objects reloaded before import = 0Number of asset objects unloaded after import = 0

========================================================================
Received Import Request.
  Time since last request: 12.526952 seconds.
  path: Assets/Import/UIHUD
  artifactKey: Guid(5939795666194bd409f3dbe99247202b) Importer(815301076,1909f56bfc062723c751e8b465ee728b)
Start importing Assets/Import/UIHUD using Guid(5939795666194bd409f3dbe99247202b) Importer(815301076,1909f56bfc062723c751e8b465ee728b) (PreviewImporter) -> (artifact id: '4c476f44aaf5c3bdf2c2992e9321328b') in 0.0006736 seconds
Number of updated asset objects reloaded before import = 0Number of asset objects unloaded after import = 0

========================================================================
Received Import Request.
  Time since last request: 0.751486 seconds.
  path: Assets/Import/UIHUD/Sprites
  artifactKey: Guid(f25e020c8d6cb564fa28b541bbac5388) Importer(815301076,1909f56bfc062723c751e8b465ee728b)
Start importing Assets/Import/UIHUD/Sprites using Guid(f25e020c8d6cb564fa28b541bbac5388) Importer(815301076,1909f56bfc062723c751e8b465ee728b) (PreviewImporter) -> (artifact id: 'e56b5331500d6d35ff917b513dcb5618') in 0.0006858 seconds
Number of updated asset objects reloaded before import = 0Number of asset objects unloaded after import = 0

========================================================================
Received Import Request.
  Time since last request: 4.913309 seconds.
  path: Assets/FastScriptReload/Examples/Point/Point.mat
  artifactKey: Guid(a4956e7a124b944509c8517dfaea5e82) Importer(2089858483,b0f066a214c2f5e87bad3c948f4d605d)
Start importing Assets/FastScriptReload/Examples/Point/Point.mat using Guid(a4956e7a124b944509c8517dfaea5e82) Importer(2089858483,b0f066a214c2f5e87bad3c948f4d605d) (ScriptedImporter) -> (artifact id: 'c08df16f4ed351c65c19bb0ef4758c4c') in 0.1287368 seconds
Number of updated asset objects reloaded before import = 0Number of asset objects unloaded after import = 5

========================================================================
Received Import Request.
  Time since last request: 0.003790 seconds.
  path: Assets/FastScriptReload/Tests/Editor
  artifactKey: Guid(38065bcd41e825448af6b9c1d022db1b) Importer(2089858483,b0f066a214c2f5e87bad3c948f4d605d)
Start importing Assets/FastScriptReload/Tests/Editor using Guid(38065bcd41e825448af6b9c1d022db1b) Importer(2089858483,b0f066a214c2f5e87bad3c948f4d605d) (ScriptedImporter) -> (artifact id: '0504b471c9f828ae1d494dd3321dad2b') in 0.0061993 seconds
Number of updated asset objects reloaded before import = 0Number of asset objects unloaded after import = 1

========================================================================
Received Import Request.
  Time since last request: 0.000024 seconds.
  path: Assets/FastScriptReload/Scripts/Editor/Compilation/CodeRewriting/RedundantTypeNameQualifierRewriter.cs
  artifactKey: Guid(80a540048e524157a41df1241bd5c168) Importer(2089858483,b0f066a214c2f5e87bad3c948f4d605d)
Start importing Assets/FastScriptReload/Scripts/Editor/Compilation/CodeRewriting/RedundantTypeNameQualifierRewriter.cs using Guid(80a540048e524157a41df1241bd5c168) Importer(2089858483,b0f066a214c2f5e87bad3c948f4d605d) (ScriptedImporter) -> (artifact id: '5c8b47157aafb05587450c6fa4f08f52') in 0.018465 seconds
Number of updated asset objects reloaded before import = 0Number of asset objects unloaded after import = 0

========================================================================
Received Import Request.
  Time since last request: 0.000023 seconds.
  path: Assets/FastScriptReload/Plugins/Roslyn/Microsoft.CSharp.dll.IMPORTANT.txt.txt
  artifactKey: Guid(26f2f034c23688d46b7284ad72c08f91) Importer(2089858483,b0f066a214c2f5e87bad3c948f4d605d)
Start importing Assets/FastScriptReload/Plugins/Roslyn/Microsoft.CSharp.dll.IMPORTANT.txt.txt using Guid(26f2f034c23688d46b7284ad72c08f91) Importer(2089858483,b0f066a214c2f5e87bad3c948f4d605d) (ScriptedImporter) -> (artifact id: '5aa6bcf66a993c59c87ff7c458c0672a') in 0.0073117 seconds
Number of updated asset objects reloaded before import = 0Number of asset objects unloaded after import = 1

========================================================================
Received Import Request.
  Time since last request: 0.000024 seconds.
  path: Assets/FastScriptReload/Documentation/release-notes.md
  artifactKey: Guid(5f9b647fdbae1884ab95da29f108c46b) Importer(2089858483,b0f066a214c2f5e87bad3c948f4d605d)
Start importing Assets/FastScriptReload/Documentation/release-notes.md using Guid(5f9b647fdbae1884ab95da29f108c46b) Importer(2089858483,b0f066a214c2f5e87bad3c948f4d605d) (ScriptedImporter) -> (artifact id: '43776cb70da6f127f77e3d6ce7cce420') in 0.0087256 seconds
Number of updated asset objects reloaded before import = 0Number of asset objects unloaded after import = 1

========================================================================
Received Import Request.
  Time since last request: 0.000034 seconds.
  path: Assets/FastScriptReload/Scripts/Editor/Compilation/CodeRewriting/Partials/PartialTreeProcessor.cs
  artifactKey: Guid(4aafad9b85b44ebe902ba3cee7bda205) Importer(2089858483,b0f066a214c2f5e87bad3c948f4d605d)
Start importing Assets/FastScriptReload/Scripts/Editor/Compilation/CodeRewriting/Partials/PartialTreeProcessor.cs using Guid(4aafad9b85b44ebe902ba3cee7bda205) Importer(2089858483,b0f066a214c2f5e87bad3c948f4d605d) (ScriptedImporter) -> (artifact id: 'fce5cf7fa83d9961dda6c93321d4a798') in 0.0076913 seconds
Number of updated asset objects reloaded before import = 0Number of asset objects unloaded after import = 0

========================================================================
Received Import Request.
  Time since last request: 0.000023 seconds.
  path: Assets/FastScriptReload/Scripts/Editor/WindowsFileSystemWatcher.cs
  artifactKey: Guid(661bb1e104ae76e48b5ab73d84174ae0) Importer(2089858483,b0f066a214c2f5e87bad3c948f4d605d)
Start importing Assets/FastScriptReload/Scripts/Editor/WindowsFileSystemWatcher.cs using Guid(661bb1e104ae76e48b5ab73d84174ae0) Importer(2089858483,b0f066a214c2f5e87bad3c948f4d605d) (ScriptedImporter) -> (artifact id: 'fbec9673705d399126643dcb4d8260c5') in 0.0073192 seconds
Number of updated asset objects reloaded before import = 0Number of asset objects unloaded after import = 0

========================================================================
Received Import Request.
  Time since last request: 0.000019 seconds.
  path: Assets/FastScriptReload/Tests/Editor/Integration/CodePatterns/AccessingIdentifierNamedSameAsMethodTest.cs
  artifactKey: Guid(ccf9421e7bd646d09606fb394b6b95a9) Importer(2089858483,b0f066a214c2f5e87bad3c948f4d605d)
Start importing Assets/FastScriptReload/Tests/Editor/Integration/CodePatterns/AccessingIdentifierNamedSameAsMethodTest.cs using Guid(ccf9421e7bd646d09606fb394b6b95a9) Importer(2089858483,b0f066a214c2f5e87bad3c948f4d605d) (ScriptedImporter) -> (artifact id: '82c87b5d702abaa3335a4b8f5b7daca6') in 0.0072982 seconds
Number of updated asset objects reloaded before import = 0Number of asset objects unloaded after import = 0

========================================================================
Received Import Request.
  Time since last request: 0.000028 seconds.
  path: Assets/FastScriptReload/Plugins/Roslyn/2019+/System.Threading.Tasks.Extensions.dll
  artifactKey: Guid(c90f5e7176b3a054684c79065480027d) Importer(2089858483,b0f066a214c2f5e87bad3c948f4d605d)
Start importing Assets/FastScriptReload/Plugins/Roslyn/2019+/System.Threading.Tasks.Extensions.dll using Guid(c90f5e7176b3a054684c79065480027d) Importer(2089858483,b0f066a214c2f5e87bad3c948f4d605d) (ScriptedImporter) -> (artifact id: '8e23cda50d744e29d768d8765ba8efb5') in 0.0237071 seconds
Number of updated asset objects reloaded before import = 0Number of asset objects unloaded after import = 0

========================================================================
Received Import Request.
  Time since last request: 0.000035 seconds.
  path: Assets/FastScriptReload/Plugins/Roslyn/2021+/Microsoft.CodeAnalysis.dll
  artifactKey: Guid(aab00a18aeb22e84882f5e659c0314da) Importer(2089858483,b0f066a214c2f5e87bad3c948f4d605d)
Start importing Assets/FastScriptReload/Plugins/Roslyn/2021+/Microsoft.CodeAnalysis.dll using Guid(aab00a18aeb22e84882f5e659c0314da) Importer(2089858483,b0f066a214c2f5e87bad3c948f4d605d) (ScriptedImporter) -> (artifact id: '725b1bc5e229e9c2c075c236d2d5f412') in 0.0087957 seconds
Number of updated asset objects reloaded before import = 0Number of asset objects unloaded after import = 0

========================================================================
Received Import Request.
  Time since last request: 0.000021 seconds.
  path: Assets/FastScriptReload/Tests/Runtime/Integration/CodePatterns/MethodAccessingNestedEnum.cs
  artifactKey: Guid(0f0dfa597dcc38e439dff76057c6fd93) Importer(2089858483,b0f066a214c2f5e87bad3c948f4d605d)
Start importing Assets/FastScriptReload/Tests/Runtime/Integration/CodePatterns/MethodAccessingNestedEnum.cs using Guid(0f0dfa597dcc38e439dff76057c6fd93) Importer(2089858483,b0f066a214c2f5e87bad3c948f4d605d) (ScriptedImporter) -> (artifact id: 'e98c251b3b0e3714ddb4aff7b9c4506b') in 0.0085428 seconds
Number of updated asset objects reloaded before import = 0Number of asset objects unloaded after import = 0

========================================================================
Received Import Request.
  Time since last request: 0.000028 seconds.
  path: Assets/FastScriptReload/Scripts/Editor/Compilation/CodeRewriting/Partials
  artifactKey: Guid(919d4ff85d4d4156bddf5c48bcc99da1) Importer(2089858483,b0f066a214c2f5e87bad3c948f4d605d)
Start importing Assets/FastScriptReload/Scripts/Editor/Compilation/CodeRewriting/Partials using Guid(919d4ff85d4d4156bddf5c48bcc99da1) Importer(2089858483,b0f066a214c2f5e87bad3c948f4d605d) (ScriptedImporter) -> (artifact id: '982deb9700eb4c5631636d76c10c738e') in 0.007515 seconds
Number of updated asset objects reloaded before import = 0Number of asset objects unloaded after import = 1

========================================================================
Received Import Request.
  Time since last request: 0.000025 seconds.
  path: Assets/FastScriptReload/Plugins/Harmony/net48/0Harmony.dll
  artifactKey: Guid(494e757c92cba704db1d95279f80a30f) Importer(2089858483,b0f066a214c2f5e87bad3c948f4d605d)
Start importing Assets/FastScriptReload/Plugins/Harmony/net48/0Harmony.dll using Guid(494e757c92cba704db1d95279f80a30f) Importer(2089858483,b0f066a214c2f5e87bad3c948f4d605d) (ScriptedImporter) -> (artifact id: '044bd90f9a286b099225e79efed3dc36') in 0.008119 seconds
Number of updated asset objects reloaded before import = 0Number of asset objects unloaded after import = 0

========================================================================
Received Import Request.
  Time since last request: 0.000032 seconds.
  path: Assets/FastScriptReload/Tests/Runtime/Integration
  artifactKey: Guid(6f12bb45311021442a4845789869d1f3) Importer(2089858483,b0f066a214c2f5e87bad3c948f4d605d)
Start importing Assets/FastScriptReload/Tests/Runtime/Integration using Guid(6f12bb45311021442a4845789869d1f3) Importer(2089858483,b0f066a214c2f5e87bad3c948f4d605d) (ScriptedImporter) -> (artifact id: 'cd88233383ad78bf0969d9971f64e531') in 0.0080253 seconds
Number of updated asset objects reloaded before import = 0Number of asset objects unloaded after import = 1

========================================================================
Received Import Request.
  Time since last request: 0.000019 seconds.
  path: Assets/FastScriptReload/Scripts/Editor/Compilation/CodeRewriting/Partials/SyntaxTreeHelpers.cs
  artifactKey: Guid(1c2f0e22f1a24fcda6d0c0516b428420) Importer(2089858483,b0f066a214c2f5e87bad3c948f4d605d)
Start importing Assets/FastScriptReload/Scripts/Editor/Compilation/CodeRewriting/Partials/SyntaxTreeHelpers.cs using Guid(1c2f0e22f1a24fcda6d0c0516b428420) Importer(2089858483,b0f066a214c2f5e87bad3c948f4d605d) (ScriptedImporter) -> (artifact id: '20d722cca69fe5ff1bc883e5610f3216') in 0.0075927 seconds
Number of updated asset objects reloaded before import = 0Number of asset objects unloaded after import = 0

========================================================================
Received Import Request.
  Time since last request: 0.000024 seconds.
  path: Assets/FastScriptReload/Plugins/Roslyn/2019+
  artifactKey: Guid(9bfedaf58be6fc243a48a4cc7e808d73) Importer(2089858483,b0f066a214c2f5e87bad3c948f4d605d)
Start importing Assets/FastScriptReload/Plugins/Roslyn/2019+ using Guid(9bfedaf58be6fc243a48a4cc7e808d73) Importer(2089858483,b0f066a214c2f5e87bad3c948f4d605d) (ScriptedImporter) -> (artifact id: '1f737e20cc9f4bf01f962d8e476a6dee') in 0.0078873 seconds
Number of updated asset objects reloaded before import = 0Number of asset objects unloaded after import = 1

========================================================================
Received Import Request.
  Time since last request: 0.000026 seconds.
  path: Assets/FastScriptReload/Plugins/Roslyn/2019+/System.Reflection.Metadata.dll
  artifactKey: Guid(f3873ad25446a8b469c55b876e3b4577) Importer(2089858483,b0f066a214c2f5e87bad3c948f4d605d)
Start importing Assets/FastScriptReload/Plugins/Roslyn/2019+/System.Reflection.Metadata.dll using Guid(f3873ad25446a8b469c55b876e3b4577) Importer(2089858483,b0f066a214c2f5e87bad3c948f4d605d) (ScriptedImporter) -> (artifact id: '1f0e61b626133e537d8633bcfc15656a') in 0.0133642 seconds
Number of updated asset objects reloaded before import = 0Number of asset objects unloaded after import = 0

========================================================================
Received Import Request.
  Time since last request: 0.000043 seconds.
  path: Assets/FastScriptReload/Plugins/Roslyn/2021+/RoslynLicense.txt
  artifactKey: Guid(d7099df6462159544838be814444129f) Importer(2089858483,b0f066a214c2f5e87bad3c948f4d605d)
Start importing Assets/FastScriptReload/Plugins/Roslyn/2021+/RoslynLicense.txt using Guid(d7099df6462159544838be814444129f) Importer(2089858483,b0f066a214c2f5e87bad3c948f4d605d) (ScriptedImporter) -> (artifact id: '9985c83b016777a537fd40de9376b532') in 0.0073715 seconds
Number of updated asset objects reloaded before import = 0Number of asset objects unloaded after import = 1

========================================================================
Received Import Request.
  Time since last request: 0.000019 seconds.
  path: Assets/FastScriptReload/Tests/Editor/Integration/CodePatterns/NewFieldInitDictionariesWithLocalFunctionTest.cs
  artifactKey: Guid(42e6cb12e17b461bbfa6478abf5d240d) Importer(2089858483,b0f066a214c2f5e87bad3c948f4d605d)
Start importing Assets/FastScriptReload/Tests/Editor/Integration/CodePatterns/NewFieldInitDictionariesWithLocalFunctionTest.cs using Guid(42e6cb12e17b461bbfa6478abf5d240d) Importer(2089858483,b0f066a214c2f5e87bad3c948f4d605d) (ScriptedImporter) -> (artifact id: 'a84b028b01e87e2c930ed26b32e7307d') in 0.0095939 seconds
Number of updated asset objects reloaded before import = 0Number of asset objects unloaded after import = 0

========================================================================
Received Import Request.
  Time since last request: 0.000021 seconds.
  path: Assets/FastScriptReload/Tests/Editor/Integration/CodePatterns/MergePartialClassesTest.cs
  artifactKey: Guid(80204021db1542d68285b24331058642) Importer(2089858483,b0f066a214c2f5e87bad3c948f4d605d)
Start importing Assets/FastScriptReload/Tests/Editor/Integration/CodePatterns/MergePartialClassesTest.cs using Guid(80204021db1542d68285b24331058642) Importer(2089858483,b0f066a214c2f5e87bad3c948f4d605d) (ScriptedImporter) -> (artifact id: '0b6451961cd4c2c9df205dbf27ceb7b6') in 0.0078662 seconds
Number of updated asset objects reloaded before import = 0Number of asset objects unloaded after import = 0

========================================================================
Received Import Request.
  Time since last request: 0.000026 seconds.
  path: Assets/FastScriptReload/Tests/Runtime/Integration/CodePatterns/TestDetourConfirmation.cs
  artifactKey: Guid(4a67ae4254a546f9b23da468eda95242) Importer(2089858483,b0f066a214c2f5e87bad3c948f4d605d)
Start importing Assets/FastScriptReload/Tests/Runtime/Integration/CodePatterns/TestDetourConfirmation.cs using Guid(4a67ae4254a546f9b23da468eda95242) Importer(2089858483,b0f066a214c2f5e87bad3c948f4d605d) (ScriptedImporter) -> (artifact id: '8beb7c0084a4293b94e7376056eac7b8') in 0.0097948 seconds
Number of updated asset objects reloaded before import = 0Number of asset objects unloaded after import = 0

========================================================================
Received Import Request.
  Time since last request: 0.000041 seconds.
  path: Assets/FastScriptReload/Scripts/Editor/Compilation/CodeRewriting/ExtensionMethodsCallingOtherExtensionMethodsInSameFileRewriter.cs
  artifactKey: Guid(9f739c197f9040efabf7f64461882d7b) Importer(2089858483,b0f066a214c2f5e87bad3c948f4d605d)
Start importing Assets/FastScriptReload/Scripts/Editor/Compilation/CodeRewriting/ExtensionMethodsCallingOtherExtensionMethodsInSameFileRewriter.cs using Guid(9f739c197f9040efabf7f64461882d7b) Importer(2089858483,b0f066a214c2f5e87bad3c948f4d605d) (ScriptedImporter) -> (artifact id: 'c38be5e9e98d7e15ce84df5ebecf38ed') in 0.0118069 seconds
Number of updated asset objects reloaded before import = 0Number of asset objects unloaded after import = 0

========================================================================
Received Import Request.
  Time since last request: 0.000021 seconds.
  path: Assets/FastScriptReload/Examples/Point/Point.prefab
  artifactKey: Guid(ec31e6d0518df49b48b4a8821e725be6) Importer(2089858483,b0f066a214c2f5e87bad3c948f4d605d)
Start importing Assets/FastScriptReload/Examples/Point/Point.prefab using Guid(ec31e6d0518df49b48b4a8821e725be6) Importer(2089858483,b0f066a214c2f5e87bad3c948f4d605d) (ScriptedImporter) -> (artifact id: 'c2a432bc2d2138f7e1c9653d3fd1ebf0') in 0.0631136 seconds
Number of updated asset objects reloaded before import = 0Number of asset objects unloaded after import = 7

========================================================================
Received Import Request.
  Time since last request: 0.000032 seconds.
  path: Assets/FastScriptReload/Scripts/Editor/Compilation/CodeRewriting/RecordRewriter.cs
  artifactKey: Guid(bb801c55172044ed9294ef722937f12f) Importer(2089858483,b0f066a214c2f5e87bad3c948f4d605d)
Start importing Assets/FastScriptReload/Scripts/Editor/Compilation/CodeRewriting/RecordRewriter.cs using Guid(bb801c55172044ed9294ef722937f12f) Importer(2089858483,b0f066a214c2f5e87bad3c948f4d605d) (ScriptedImporter) -> (artifact id: 'bb1eb86fd52dd7dfd62e5eb40a1517e4') in 0.0067698 seconds
Number of updated asset objects reloaded before import = 0Number of asset objects unloaded after import = 0

========================================================================
Received Import Request.
  Time since last request: 0.000035 seconds.
  path: Assets/FastScriptReload/Examples/Scenes/ExampleScene.unity
  artifactKey: Guid(f0864e8be0431eb4b94733fe8e9634b5) Importer(2089858483,b0f066a214c2f5e87bad3c948f4d605d)
Start importing Assets/FastScriptReload/Examples/Scenes/ExampleScene.unity using Guid(f0864e8be0431eb4b94733fe8e9634b5) Importer(2089858483,b0f066a214c2f5e87bad3c948f4d605d) (ScriptedImporter) -> (artifact id: '13e81ab7e1b4655a0087c4c79978e0af') in 0.0071287 seconds
Number of updated asset objects reloaded before import = 0Number of asset objects unloaded after import = 1

========================================================================
Received Import Request.
  Time since last request: 0.000020 seconds.
  path: Assets/FastScriptReload/Scripts/Editor/Compilation/CodeRewriting/Partials/PartialClassFinder.cs
  artifactKey: Guid(6f182f9db524441e80f367f8f99d8a5f) Importer(2089858483,b0f066a214c2f5e87bad3c948f4d605d)
Start importing Assets/FastScriptReload/Scripts/Editor/Compilation/CodeRewriting/Partials/PartialClassFinder.cs using Guid(6f182f9db524441e80f367f8f99d8a5f) Importer(2089858483,b0f066a214c2f5e87bad3c948f4d605d) (ScriptedImporter) -> (artifact id: 'ca1333bffbe8688eb76f33a4518b701d') in 0.006802 seconds
Number of updated asset objects reloaded before import = 0Number of asset objects unloaded after import = 0

========================================================================
Received Import Request.
  Time since last request: 0.000022 seconds.
  path: Assets/FastScriptReload/Scripts/Editor/FastScriptReloadManager.cs
  artifactKey: Guid(6bcc689ed0625e04d8117933c1ccadd8) Importer(2089858483,b0f066a214c2f5e87bad3c948f4d605d)
Start importing Assets/FastScriptReload/Scripts/Editor/FastScriptReloadManager.cs using Guid(6bcc689ed0625e04d8117933c1ccadd8) Importer(2089858483,b0f066a214c2f5e87bad3c948f4d605d) (ScriptedImporter) -> (artifact id: '96ad70b1e5707cc27d5ec6994512dad0') in 0.0068164 seconds
Number of updated asset objects reloaded before import = 0Number of asset objects unloaded after import = 0

========================================================================
Received Import Request.
  Time since last request: 0.000021 seconds.
  path: Assets/FastScriptReload/Tests/Runtime
  artifactKey: Guid(28d42a22ce9ecd24ba9c8ff976f3920f) Importer(2089858483,b0f066a214c2f5e87bad3c948f4d605d)
Start importing Assets/FastScriptReload/Tests/Runtime using Guid(28d42a22ce9ecd24ba9c8ff976f3920f) Importer(2089858483,b0f066a214c2f5e87bad3c948f4d605d) (ScriptedImporter) -> (artifact id: 'd5ebb2718db4c8612113fa3b09ecf988') in 0.0071053 seconds
Number of updated asset objects reloaded before import = 0Number of asset objects unloaded after import = 1

========================================================================
Received Import Request.
  Time since last request: 0.000034 seconds.
  path: Assets/FastScriptReload/Plugins/Roslyn/2019+/RoslynLicense.txt
  artifactKey: Guid(20fdb23994f768f4e89f8a9779e20213) Importer(2089858483,b0f066a214c2f5e87bad3c948f4d605d)
Start importing Assets/FastScriptReload/Plugins/Roslyn/2019+/RoslynLicense.txt using Guid(20fdb23994f768f4e89f8a9779e20213) Importer(2089858483,b0f066a214c2f5e87bad3c948f4d605d) (ScriptedImporter) -> (artifact id: 'd8d24e3290c88e28d910c5856d5b4dff') in 0.0069537 seconds
Number of updated asset objects reloaded before import = 0Number of asset objects unloaded after import = 1

========================================================================
Received Import Request.
  Time since last request: 0.000020 seconds.
  path: Assets/FastScriptReload/Scripts/Editor/GUI
  artifactKey: Guid(a4c284ed992340c389060b32cade29bc) Importer(2089858483,b0f066a214c2f5e87bad3c948f4d605d)
Start importing Assets/FastScriptReload/Scripts/Editor/GUI using Guid(a4c284ed992340c389060b32cade29bc) Importer(2089858483,b0f066a214c2f5e87bad3c948f4d605d) (ScriptedImporter) -> (artifact id: '196521cd3aeb75e6fc7441dd8d8bf9ea') in 0.0062105 seconds
Number of updated asset objects reloaded before import = 0Number of asset objects unloaded after import = 1

========================================================================
Received Import Request.
  Time since last request: 0.000018 seconds.
  path: Assets/FastScriptReload/Scripts/Editor/Compilation/CodeRewriting/Partials/SyntaxTreeMergePartialsExtensions.cs
  artifactKey: Guid(550c942c025f4fd5a1062891f3623c60) Importer(2089858483,b0f066a214c2f5e87bad3c948f4d605d)
Start importing Assets/FastScriptReload/Scripts/Editor/Compilation/CodeRewriting/Partials/SyntaxTreeMergePartialsExtensions.cs using Guid(550c942c025f4fd5a1062891f3623c60) Importer(2089858483,b0f066a214c2f5e87bad3c948f4d605d) (ScriptedImporter) -> (artifact id: 'ec2111f4c9037f3ac1202079d95857bf') in 0.0080777 seconds
Number of updated asset objects reloaded before import = 0Number of asset objects unloaded after import = 0

========================================================================
Received Import Request.
  Time since last request: 0.000020 seconds.
  path: Assets/FastScriptReload/Tests/Editor/FastScriptReload.Tests.Editor.asmdef
  artifactKey: Guid(d2060b4187aa13b4f86125cb8077f21c) Importer(2089858483,b0f066a214c2f5e87bad3c948f4d605d)
Start importing Assets/FastScriptReload/Tests/Editor/FastScriptReload.Tests.Editor.asmdef using Guid(d2060b4187aa13b4f86125cb8077f21c) Importer(2089858483,b0f066a214c2f5e87bad3c948f4d605d) (ScriptedImporter) -> (artifact id: 'f811dfe3b54be264540b92a35fedc0b0') in 0.0089317 seconds
Number of updated asset objects reloaded before import = 0Number of asset objects unloaded after import = 1

========================================================================
Received Import Request.
  Time since last request: 0.000039 seconds.
  path: Assets/FastScriptReload/Plugins/Roslyn/2021+/System.Runtime.CompilerServices.Unsafe.dll
  artifactKey: Guid(8e60dc682ecdf2a4c8d1f481f807496b) Importer(2089858483,b0f066a214c2f5e87bad3c948f4d605d)
Start importing Assets/FastScriptReload/Plugins/Roslyn/2021+/System.Runtime.CompilerServices.Unsafe.dll using Guid(8e60dc682ecdf2a4c8d1f481f807496b) Importer(2089858483,b0f066a214c2f5e87bad3c948f4d605d) (ScriptedImporter) -> (artifact id: '4cfd7626753ba93a2451f8b2374e0e0a') in 0.009004 seconds
Number of updated asset objects reloaded before import = 0Number of asset objects unloaded after import = 0

========================================================================
Received Import Request.
  Time since last request: 0.000020 seconds.
  path: Assets/FastScriptReload/Tests/Editor/Integration/CodePatterns/AccessingNewFieldsAddedAtRuntimeSameNameAsStaticClassFieldTest.cs
  artifactKey: Guid(ca008c8e119e41f6be6bc825d15ee274) Importer(2089858483,b0f066a214c2f5e87bad3c948f4d605d)
Start importing Assets/FastScriptReload/Tests/Editor/Integration/CodePatterns/AccessingNewFieldsAddedAtRuntimeSameNameAsStaticClassFieldTest.cs using Guid(ca008c8e119e41f6be6bc825d15ee274) Importer(2089858483,b0f066a214c2f5e87bad3c948f4d605d) (ScriptedImporter) -> (artifact id: 'f2fdf44c809a6f27c4808096fba0a43c') in 0.0072988 seconds
Number of updated asset objects reloaded before import = 0Number of asset objects unloaded after import = 0

========================================================================
Received Import Request.
  Time since last request: 0.000023 seconds.
  path: Assets/FastScriptReload/Tests
  artifactKey: Guid(7a0f1361f99314243b3dedca453eb0e8) Importer(2089858483,b0f066a214c2f5e87bad3c948f4d605d)
Start importing Assets/FastScriptReload/Tests using Guid(7a0f1361f99314243b3dedca453eb0e8) Importer(2089858483,b0f066a214c2f5e87bad3c948f4d605d) (ScriptedImporter) -> (artifact id: 'f71fa7e2545d64103795d64855bcfe19') in 0.0066177 seconds
Number of updated asset objects reloaded before import = 0Number of asset objects unloaded after import = 1

========================================================================
Received Import Request.
  Time since last request: 0.000029 seconds.
  path: Assets/FastScriptReload/Scripts/Editor/Compilation/ScriptGenerationOverrides/ScriptGenerationOverridesManager.cs
  artifactKey: Guid(f699ee76d75a40b290cad5dd79619842) Importer(2089858483,b0f066a214c2f5e87bad3c948f4d605d)
Start importing Assets/FastScriptReload/Scripts/Editor/Compilation/ScriptGenerationOverrides/ScriptGenerationOverridesManager.cs using Guid(f699ee76d75a40b290cad5dd79619842) Importer(2089858483,b0f066a214c2f5e87bad3c948f4d605d) (ScriptedImporter) -> (artifact id: 'eb5eed2e63cac30c1617754dd2c4d7f6') in 0.0071271 seconds
Number of updated asset objects reloaded before import = 0Number of asset objects unloaded after import = 0

========================================================================
Received Import Request.
  Time since last request: 0.000033 seconds.
  path: Assets/FastScriptReload/Tests/Editor/Integration/CodePatterns/MethodAccessingNestedEnumTest.cs
  artifactKey: Guid(e69f17e8e2b34d0598177ddf52587260) Importer(2089858483,b0f066a214c2f5e87bad3c948f4d605d)
Start importing Assets/FastScriptReload/Tests/Editor/Integration/CodePatterns/MethodAccessingNestedEnumTest.cs using Guid(e69f17e8e2b34d0598177ddf52587260) Importer(2089858483,b0f066a214c2f5e87bad3c948f4d605d) (ScriptedImporter) -> (artifact id: '1c55382cfac89ea960d60db035f4d97f') in 0.0070408 seconds
Number of updated asset objects reloaded before import = 0Number of asset objects unloaded after import = 0

========================================================================
Received Import Request.
  Time since last request: 0.000021 seconds.
  path: Assets/FastScriptReload/Plugins/Roslyn/2021+/System.Reflection.Metadata.dll
  artifactKey: Guid(65b841640a4bf8d40b71eaa00a711049) Importer(2089858483,b0f066a214c2f5e87bad3c948f4d605d)
Start importing Assets/FastScriptReload/Plugins/Roslyn/2021+/System.Reflection.Metadata.dll using Guid(65b841640a4bf8d40b71eaa00a711049) Importer(2089858483,b0f066a214c2f5e87bad3c948f4d605d) (ScriptedImporter) -> (artifact id: '1fb757f8c350c069481671175c49272e') in 0.0097794 seconds
Number of updated asset objects reloaded before import = 0Number of asset objects unloaded after import = 0

========================================================================
Received Import Request.
  Time since last request: 0.000026 seconds.
  path: Assets/FastScriptReload/Scripts/Editor/Compilation/CodeRewriting/CreateNewFieldInitMethodRewriter.cs
  artifactKey: Guid(6bbeaafe1bf54bda9b46e237bec3ccc0) Importer(2089858483,b0f066a214c2f5e87bad3c948f4d605d)
Start importing Assets/FastScriptReload/Scripts/Editor/Compilation/CodeRewriting/CreateNewFieldInitMethodRewriter.cs using Guid(6bbeaafe1bf54bda9b46e237bec3ccc0) Importer(2089858483,b0f066a214c2f5e87bad3c948f4d605d) (ScriptedImporter) -> (artifact id: '54e0f84066a2139a2577331db5e0362d') in 0.0066542 seconds
Number of updated asset objects reloaded before import = 0Number of asset objects unloaded after import = 0

========================================================================
Received Import Request.
  Time since last request: 0.000025 seconds.
  path: Assets/FastScriptReload/Scripts/Editor/FileWatcherSetupEntry.cs
  artifactKey: Guid(126f0c053848416c88113f41793c7310) Importer(2089858483,b0f066a214c2f5e87bad3c948f4d605d)
Start importing Assets/FastScriptReload/Scripts/Editor/FileWatcherSetupEntry.cs using Guid(126f0c053848416c88113f41793c7310) Importer(2089858483,b0f066a214c2f5e87bad3c948f4d605d) (ScriptedImporter) -> (artifact id: '2d6e8571989c204304555d973c540ec8') in 0.0075579 seconds
Number of updated asset objects reloaded before import = 0Number of asset objects unloaded after import = 0

========================================================================
Received Import Request.
  Time since last request: 0.000033 seconds.
  path: Assets/FastScriptReload/Tests/Editor/Integration
  artifactKey: Guid(febe2fc692c024c4eadab728d0dda0c4) Importer(2089858483,b0f066a214c2f5e87bad3c948f4d605d)
Start importing Assets/FastScriptReload/Tests/Editor/Integration using Guid(febe2fc692c024c4eadab728d0dda0c4) Importer(2089858483,b0f066a214c2f5e87bad3c948f4d605d) (ScriptedImporter) -> (artifact id: 'f58a4ad8572a87aca33caec21da510e1') in 0.0062144 seconds
Number of updated asset objects reloaded before import = 0Number of asset objects unloaded after import = 1

========================================================================
Received Import Request.
  Time since last request: 0.000024 seconds.
  path: Assets/FastScriptReload/Scripts/Editor/AssemblyPostProcess
  artifactKey: Guid(15c1071797bb4a818f85a6f8187f4289) Importer(2089858483,b0f066a214c2f5e87bad3c948f4d605d)
Start importing Assets/FastScriptReload/Scripts/Editor/AssemblyPostProcess using Guid(15c1071797bb4a818f85a6f8187f4289) Importer(2089858483,b0f066a214c2f5e87bad3c948f4d605d) (ScriptedImporter) -> (artifact id: 'dfd24fe92b4028e20a70dd55f1b8f703') in 0.0070946 seconds
Number of updated asset objects reloaded before import = 0Number of asset objects unloaded after import = 1

========================================================================
Received Import Request.
  Time since last request: 0.194363 seconds.
  path: Assets/Import/UIHUD/Prefabs
  artifactKey: Guid(79f176f5129563046a8cccada261198c) Importer(815301076,1909f56bfc062723c751e8b465ee728b)
Start importing Assets/Import/UIHUD/Prefabs using Guid(79f176f5129563046a8cccada261198c) Importer(815301076,1909f56bfc062723c751e8b465ee728b) (PreviewImporter) -> (artifact id: 'e881705d9c07bbf06d5324db4005653f') in 0.000706 seconds
Number of updated asset objects reloaded before import = 0Number of asset objects unloaded after import = 0

========================================================================
Received Import Request.
  Time since last request: 1.231860 seconds.
  path: Assets/Import/UIHUD/Prefabs
  artifactKey: Guid(79f176f5129563046a8cccada261198c) Importer(2089858483,b0f066a214c2f5e87bad3c948f4d605d)
Start importing Assets/Import/UIHUD/Prefabs using Guid(79f176f5129563046a8cccada261198c) Importer(2089858483,b0f066a214c2f5e87bad3c948f4d605d) (ScriptedImporter) -> (artifact id: '076f83b4eafee2fade1c74fb2b3f6ad7') in 0.0076052 seconds
Number of updated asset objects reloaded before import = 0Number of asset objects unloaded after import = 1

========================================================================
Received Import Request.
  Time since last request: 5.769052 seconds.
  path: Assets/Import/UIHUD/Prefabs/UIHUDCanvas.prefab
  artifactKey: Guid(6750f6f4bf59e814fb9747d6d9b37a0a) Importer(2089858483,b0f066a214c2f5e87bad3c948f4d605d)
Start importing Assets/Import/UIHUD/Prefabs/UIHUDCanvas.prefab using Guid(6750f6f4bf59e814fb9747d6d9b37a0a) Importer(2089858483,b0f066a214c2f5e87bad3c948f4d605d) (ScriptedImporter) -> (artifact id: 'a7f1fa1b739cb2b39b0b4c7fb5688781') in 0.0523921 seconds
Number of updated asset objects reloaded before import = 0Number of asset objects unloaded after import = 81

AssetImportWorkerClient::OnTransportError - code=10054 error=Óäŕëĺííűé őîńň ďđčíóäčňĺëüíî đŕçîđâŕë ńóůĺńňâóţůĺĺ ďîäęëţ÷ĺíčĺ.
