[Licensing::Module] Trying to connect to existing licensing client channel...
Built from '6000.3/staging' branch; Version is '6000.3.9f1 (7a9955a4f2fa) revision 8034645'; Using compiler version '194234433'; Build Type 'Release'
OS: 'Windows 10  (10.0.19045) 64bit CoreSingleLanguage' Language: 'ru' Physical Memory: 16318 MB
[Licensing::IpcConnector] Successfully connected to: "LicenseClient-Дмитрий" at "2026-03-18T04:15:45.2826602Z"
BatchMode: 1, IsHumanControllingUs: 0, StartBugReporterOnCrash: 0, Is64bit: 1
System  architecture: x64
Process architecture: x64
Date: 2026-03-18T04:15:45Z

COMMAND LINE ARGUMENTS:
S:\UNITY\Unity Editor Versions\6000.3.9f1\Editor\Unity.exe
-adb2
-batchMode
-noUpm
-name
AssetImportWorker8
-projectPath
S:/UNITY/UNITY BACKUP/SPIKE
-logFile
Logs/AssetImportWorker8.log
-srvPort
62958
-licensingIpc
LicenseClient-Дмитрий
-job-worker-count
7
-background-job-worker-count
8
-gc-helper-count
1
-name
AssetImport
Successfully changed project path to: S:/UNITY/UNITY BACKUP/SPIKE
S:/UNITY/UNITY BACKUP/SPIKE
[UnityMemory] Configuration Parameters - Can be set up in boot.config
    "memorysetup-temp-allocator-size-nav-mesh-worker=65536"
    "memorysetup-temp-allocator-size-audio-worker=65536"
    "memorysetup-temp-allocator-size-gfx=262144"
    "memorysetup-allocator-temp-initial-block-size-main=262144"
    "memorysetup-allocator-temp-initial-block-size-worker=262144"
    "memorysetup-temp-allocator-size-background-worker=32768"
    "memorysetup-temp-allocator-size-job-worker=262144"
    "memorysetup-temp-allocator-size-preload-manager=33554432"
    "memorysetup-temp-allocator-size-gi-baking-worker=262144"
    "memorysetup-temp-allocator-size-gi-baking-worker=262144"
    "memorysetup-temp-allocator-size-gi-baking-worker=262144"
    "memorysetup-temp-allocator-size-gi-baking-worker=262144"
    "memorysetup-temp-allocator-size-gi-baking-worker=262144"
    "memorysetup-bucket-allocator-granularity=16"
    "memorysetup-bucket-allocator-bucket-count=8"
    "memorysetup-bucket-allocator-block-size=33554432"
    "memorysetup-bucket-allocator-block-count=8"
    "memorysetup-main-allocator-block-size=16777216"
    "memorysetup-thread-allocator-block-size=16777216"
    "memorysetup-gfx-main-allocator-block-size=16777216"
    "memorysetup-gfx-thread-allocator-block-size=16777216"
    "memorysetup-cache-allocator-block-size=4194304"
    "memorysetup-typetree-allocator-block-size=2097152"
    "memorysetup-profiler-bucket-allocator-granularity=16"
    "memorysetup-profiler-bucket-allocator-bucket-count=8"
    "memorysetup-profiler-bucket-allocator-block-size=33554432"
    "memorysetup-profiler-bucket-allocator-block-count=8"
    "memorysetup-profiler-allocator-block-size=16777216"
    "memorysetup-profiler-editor-allocator-block-size=1048576"
    "memorysetup-temp-allocator-size-main=16777216"
    "memorysetup-job-temp-allocator-block-size=2097152"
    "memorysetup-job-temp-allocator-block-size-background=1048576"
    "memorysetup-job-temp-allocator-reduction-small-platforms=262144"
    "memorysetup-temp-allocator-size-cloud-worker=32768"
Player connection [21076]  Target information:

Player connection [21076]  * "[IP] 192.168.1.39 [Port] 0 [Flags] 2 [Guid] 1296511485 [EditorId] 1296511485 [Version] 1048832 [Id] WindowsEditor(7,DESKTOP-KK1P2OH) [Debug] 1 [PackageName] WindowsEditor [ProjectName] Editor" 

Player connection [21076] Host joined multi-casting on [225.0.0.222:54997]...
Player connection [21076] Host joined alternative multi-casting on [225.0.0.222:34997]...
JobSystem: Creating JobQueue using job-worker-count value 7
Input System module state changed to: Initialized.
[Physics::Module] Initialized fallback backend.
[Physics::Module] Id: 0xdecafbad
Library Redirect Path: Library/
[Physics::Module] Selected backend.
[Physics::Module] Name: PhysX
[Physics::Module] Id: 0xf2b8ea05
[Physics::Module] SDK Version: 4.1.2
[Physics::Module] Integration Version: 1.0.0
[Physics::Module] Threading Mode: Multi-Threaded
Refreshing native plugins compatible for Editor in 12.71 ms, found 3 plugins.
Preloading 0 native plugins for Editor in 0.00 ms.
Initialize engine version: 6000.3.9f1 (7a9955a4f2fa)
[Subsystems] Discovering subsystems at path S:/UNITY/Unity Editor Versions/6000.3.9f1/Editor/Data/Resources/UnitySubsystems
[Subsystems] Discovering subsystems at path S:/UNITY/UNITY BACKUP/SPIKE/Assets
GfxDevice: creating device client; kGfxThreadingModeNonThreaded
Direct3D:
    Version:  Direct3D 11.0 [level 11.1]
    Renderer: NVIDIA GeForce GTX 1060 6GB (ID=0x1c03)
    Vendor:   NVIDIA
    VRAM:     6029 MB
    Driver:   32.0.15.8228
Initialize mono
Mono path[0] = 'S:/UNITY/Unity Editor Versions/6000.3.9f1/Editor/Data/Managed'
Mono path[1] = 'S:/UNITY/Unity Editor Versions/6000.3.9f1/Editor/Data/MonoBleedingEdge/lib/mono/unityjit-win32'
Mono config path = 'S:/UNITY/Unity Editor Versions/6000.3.9f1/Editor/Data/MonoBleedingEdge/etc'
Using monoOptions --debugger-agent=transport=dt_socket,embedding=1,server=y,suspend=n,address=127.0.0.1:56072
Begin MonoManager ReloadAssembly
Registering precompiled unity dll's ...
Register platform support module: S:/UNITY/Unity Editor Versions/6000.3.9f1/Editor/Data/PlaybackEngines/WindowsStandaloneSupport/UnityEditor.WindowsStandalone.Extensions.dll
[Licensing::Module] Licensing is not yet initialized.
[Licensing::Client] Handshaking with LicensingClient:
  Version:                 1.17.4+4293ba1
  Session Id:              50156f704dc445cd8527dbf7ad651eff
  Correlation Id:          01f2e9c872ecfc5c763d6bce01619f11
  External correlation Id: 7416563790942830219
  Machine Id:              BSinU4MsdP07HGNxKH7k4gB1okk=
[Licensing::Module] Successfully connected to LicensingClient on channel: "LicenseClient-Дмитрий" (connect: 0.00s, validation: 0.00s, handshake: 2.85s)
[Licensing::IpcConnector] Successfully connected to: "LicenseClient-Дмитрий-notifications" at "2026-03-18T04:15:48.1414236Z"
[Licensing::Module] Licensing Background thread has ended after 2.86s
[Licensing::Module] Licensing is initialized (took 0.37s).
[Licensing::Client] Successfully resolved entitlement details
[Licensing::Module] License group:
  Id: 10170697332008-UnityPersXXXX
  Product: Unity Personal
  Type: Assigned
  Expiration: Unlimited
Register platform support module: S:/UNITY/Unity Editor Versions/6000.3.9f1/Editor/Data/PlaybackEngines/MetroSupport/UnityEditor.UWP.Extensions.dll
Registered in 0.376280 seconds.
- Loaded All Assemblies, in  1.083 seconds
Native extension for UWP target not found
Native extension for WindowsStandalone target not found
ScheduleIndexationOnStartup MainProcess:False IndexOnStartup:True
Mono: successfully reloaded assembly
- Finished resetting the current domain, in  0.678 seconds
Domain Reload Profiling: 1759ms
	BeginReloadAssembly (263ms)
		ExecutionOrderSort (0ms)
		DisableScriptedObjects (0ms)
		BackupInstance (0ms)
		ReleaseScriptingObjects (0ms)
		CreateAndSetChildDomain (1ms)
	RebuildCommonClasses (66ms)
	RebuildNativeTypeToScriptingClass (23ms)
	initialDomainReloadingComplete (441ms)
	LoadAllAssembliesAndSetupDomain (287ms)
		LoadAssemblies (262ms)
		RebuildTransferFunctionScriptingTraits (0ms)
		AnalyzeDomain (280ms)
			TypeCache.Refresh (278ms)
				TypeCache.ScanAssembly (258ms)
			BuildScriptInfoCaches (0ms)
			ResolveRequiredComponents (1ms)
	FinalizeReload (679ms)
		ReleaseScriptCaches (0ms)
		RebuildScriptCaches (0ms)
		SetupLoadedEditorAssemblies (601ms)
			LogAssemblyErrors (0ms)
			InitializePlatformSupportModulesInManaged (77ms)
			SetLoadedEditorAssemblies (5ms)
			BeforeProcessingInitializeOnLoad (137ms)
			ProcessInitializeOnLoadAttributes (254ms)
			ProcessInitializeOnLoadMethodAttributes (128ms)
			AfterProcessingInitializeOnLoad (0ms)
			EditorAssembliesLoaded (0ms)
		ExecutionOrderSort2 (0ms)
		AwakeInstancesAfterBackupRestoration (0ms)
Assembly reference Packages/com.unity.cinemachine/Editor/Samples/ExposeHDRPInternals/HDRP-Editor-ref.asmref has no target assembly definition
========================================================================
Worker process is ready to serve import requests
Import Worker Mode flag is 0x00
Assembly reference Packages/com.unity.cinemachine/Editor/Samples/ExposeHDRPInternals/HDRP-Editor-ref.asmref has no target assembly definition
Assembly reference Packages/com.unity.cinemachine/Editor/Samples/ExposeHDRPInternals/HDRP-Editor-ref.asmref has no target assembly definition
Begin MonoManager ReloadAssembly
[Licensing::Client] Successfully resolved entitlement details
- Loaded All Assemblies, in  1.376 seconds
Assembly reference Packages/com.unity.cinemachine/Editor/Samples/ExposeHDRPInternals/HDRP-Editor-ref.asmref has no target assembly definition
'Packages/com.unity.cinemachine/Editor/Obsolete/CinemachineVirtualCameraBaseEditor.cs' contains partial class of Unity.Object, exactly 1 of the partial classes needs to be in a file with the same filename. This is to know the one that can be referenced from ie. GameObjects
'Packages/com.unity.cinemachine/Editor/Editors/CinemachineVirtualCameraBaseEditor.cs' contains partial class of Unity.Object, exactly 1 of the partial classes needs to be in a file with the same filename. This is to know the one that can be referenced from ie. GameObjects
Refreshing native plugins compatible for Editor in 1.56 ms, found 3 plugins.
Native extension for UWP target not found
Native extension for WindowsStandalone target not found
Assembly reference Packages/com.unity.cinemachine/Editor/Samples/ExposeHDRPInternals/HDRP-Editor-ref.asmref has no target assembly definition
Package Manager log level set to [2]
[Package Manager] Failed to launch server process. Reason: Unity was launched with the -noUpm command-line argument
[Package Manager] Unable to send message (not connected to server process).
[Package Manager] Cannot connect to Unity Package Manager local server
[Package Manager] Failed to launch server process. Reason: Unity was launched with the -noUpm command-line argument
[Package Manager] Unable to send message (not connected to server process).
[Package Manager] Cannot connect to Unity Package Manager local server
ScheduleIndexationOnStartup MainProcess:False IndexOnStartup:True
Mono: successfully reloaded assembly
- Finished resetting the current domain, in  1.247 seconds
Domain Reload Profiling: 2619ms
	BeginReloadAssembly (337ms)
		ExecutionOrderSort (0ms)
		DisableScriptedObjects (9ms)
		BackupInstance (0ms)
		ReleaseScriptingObjects (0ms)
		CreateAndSetChildDomain (46ms)
	RebuildCommonClasses (65ms)
	RebuildNativeTypeToScriptingClass (26ms)
	initialDomainReloadingComplete (103ms)
	LoadAllAssembliesAndSetupDomain (841ms)
		LoadAssemblies (608ms)
		RebuildTransferFunctionScriptingTraits (0ms)
		AnalyzeDomain (445ms)
			TypeCache.Refresh (317ms)
				TypeCache.ScanAssembly (296ms)
			BuildScriptInfoCaches (100ms)
			ResolveRequiredComponents (22ms)
	FinalizeReload (1248ms)
		ReleaseScriptCaches (0ms)
		RebuildScriptCaches (0ms)
		SetupLoadedEditorAssemblies (923ms)
			LogAssemblyErrors (0ms)
			InitializePlatformSupportModulesInManaged (2ms)
			SetLoadedEditorAssemblies (9ms)
			BeforeProcessingInitializeOnLoad (220ms)
			ProcessInitializeOnLoadAttributes (583ms)
			ProcessInitializeOnLoadMethodAttributes (103ms)
			AfterProcessingInitializeOnLoad (5ms)
			EditorAssembliesLoaded (0ms)
		ExecutionOrderSort2 (0ms)
		AwakeInstancesAfterBackupRestoration (11ms)
Launched and connected shader compiler UnityShaderCompiler.exe after 0.02 seconds
Refreshing native plugins compatible for Editor in 1.48 ms, found 3 plugins.
Preloading 0 native plugins for Editor in 0.00 ms.
Unloading 17 Unused Serialized files (Serialized files now loaded: 0)
Unloading 6906 unused Assets / (4.2 MB). Loaded Objects now: 7721.
Memory consumption went from 149.6 MB to 145.4 MB.
Total: 17.768100 ms (FindLiveObjects: 1.264700 ms CreateObjectMapping: 1.186400 ms MarkObjects: 11.972600 ms  DeleteObjects: 3.342800 ms)

========================================================================
Received Prepare
'Packages/com.unity.cinemachine/Editor/Obsolete/CinemachineVirtualCameraBaseEditor.cs' contains partial class of Unity.Object, exactly 1 of the partial classes needs to be in a file with the same filename. This is to know the one that can be referenced from ie. GameObjects
'Packages/com.unity.cinemachine/Editor/Editors/CinemachineVirtualCameraBaseEditor.cs' contains partial class of Unity.Object, exactly 1 of the partial classes needs to be in a file with the same filename. This is to know the one that can be referenced from ie. GameObjects
Refreshing native plugins compatible for Editor in 1.59 ms, found 3 plugins.
Preloading 0 native plugins for Editor in 0.00 ms.
Unloading 17 Unused Serialized files (Serialized files now loaded: 0)
Unloading 6897 unused Assets / (4.0 MB). Loaded Objects now: 7722.
Memory consumption went from 147.4 MB to 143.5 MB.
Total: 13.401900 ms (FindLiveObjects: 1.149900 ms CreateObjectMapping: 1.091400 ms MarkObjects: 8.268200 ms  DeleteObjects: 2.890600 ms)

Prepare: number of updated asset objects reloaded= 0
========================================================================
Received Prepare
Assembly reference Packages/com.unity.cinemachine/Editor/Samples/ExposeHDRPInternals/HDRP-Editor-ref.asmref has no target assembly definition
Assembly reference Packages/com.unity.cinemachine/Editor/Samples/ExposeHDRPInternals/HDRP-Editor-ref.asmref has no target assembly definition
Begin MonoManager ReloadAssembly
- Loaded All Assemblies, in  1.404 seconds
Assembly reference Packages/com.unity.cinemachine/Editor/Samples/ExposeHDRPInternals/HDRP-Editor-ref.asmref has no target assembly definition
'Packages/com.unity.cinemachine/Editor/Obsolete/CinemachineVirtualCameraBaseEditor.cs' contains partial class of Unity.Object, exactly 1 of the partial classes needs to be in a file with the same filename. This is to know the one that can be referenced from ie. GameObjects
'Packages/com.unity.cinemachine/Editor/Editors/CinemachineVirtualCameraBaseEditor.cs' contains partial class of Unity.Object, exactly 1 of the partial classes needs to be in a file with the same filename. This is to know the one that can be referenced from ie. GameObjects
Refreshing native plugins compatible for Editor in 2.19 ms, found 3 plugins.
Native extension for UWP target not found
Native extension for WindowsStandalone target not found
Assembly reference Packages/com.unity.cinemachine/Editor/Samples/ExposeHDRPInternals/HDRP-Editor-ref.asmref has no target assembly definition
[Package Manager] Failed to launch server process. Reason: Unity was launched with the -noUpm command-line argument
[Package Manager] Unable to send message (not connected to server process).
[Package Manager] Cannot connect to Unity Package Manager local server
[Package Manager] Failed to launch server process. Reason: Unity was launched with the -noUpm command-line argument
[Package Manager] Unable to send message (not connected to server process).
[Package Manager] Cannot connect to Unity Package Manager local server
ScheduleIndexationOnStartup MainProcess:False IndexOnStartup:True
Mono: successfully reloaded assembly
- Finished resetting the current domain, in  1.264 seconds
Domain Reload Profiling: 2672ms
	BeginReloadAssembly (420ms)
		ExecutionOrderSort (0ms)
		DisableScriptedObjects (10ms)
		BackupInstance (0ms)
		ReleaseScriptingObjects (0ms)
		CreateAndSetChildDomain (81ms)
	RebuildCommonClasses (67ms)
	RebuildNativeTypeToScriptingClass (37ms)
	initialDomainReloadingComplete (94ms)
	LoadAllAssembliesAndSetupDomain (789ms)
		LoadAssemblies (665ms)
		RebuildTransferFunctionScriptingTraits (0ms)
		AnalyzeDomain (361ms)
			TypeCache.Refresh (18ms)
				TypeCache.ScanAssembly (3ms)
			BuildScriptInfoCaches (316ms)
			ResolveRequiredComponents (21ms)
	FinalizeReload (1264ms)
		ReleaseScriptCaches (0ms)
		RebuildScriptCaches (0ms)
		SetupLoadedEditorAssemblies (961ms)
			LogAssemblyErrors (0ms)
			InitializePlatformSupportModulesInManaged (3ms)
			SetLoadedEditorAssemblies (7ms)
			BeforeProcessingInitializeOnLoad (249ms)
			ProcessInitializeOnLoadAttributes (590ms)
			ProcessInitializeOnLoadMethodAttributes (106ms)
			AfterProcessingInitializeOnLoad (5ms)
			EditorAssembliesLoaded (1ms)
		ExecutionOrderSort2 (0ms)
		AwakeInstancesAfterBackupRestoration (31ms)
Refreshing native plugins compatible for Editor in 1.91 ms, found 3 plugins.
Preloading 0 native plugins for Editor in 0.00 ms.
Unloading 17 Unused Serialized files (Serialized files now loaded: 0)
Unloading 6903 unused Assets / (5.3 MB). Loaded Objects now: 7738.
Memory consumption went from 154.4 MB to 149.1 MB.
Total: 19.794300 ms (FindLiveObjects: 1.456100 ms CreateObjectMapping: 2.225800 ms MarkObjects: 9.644900 ms  DeleteObjects: 6.464400 ms)

Prepare: number of updated asset objects reloaded= 0
========================================================================
Received Prepare
'Packages/com.unity.cinemachine/Editor/Obsolete/CinemachineVirtualCameraBaseEditor.cs' contains partial class of Unity.Object, exactly 1 of the partial classes needs to be in a file with the same filename. This is to know the one that can be referenced from ie. GameObjects
'Packages/com.unity.cinemachine/Editor/Editors/CinemachineVirtualCameraBaseEditor.cs' contains partial class of Unity.Object, exactly 1 of the partial classes needs to be in a file with the same filename. This is to know the one that can be referenced from ie. GameObjects
Refreshing native plugins compatible for Editor in 2.00 ms, found 3 plugins.
Preloading 0 native plugins for Editor in 0.00 ms.
Unloading 17 Unused Serialized files (Serialized files now loaded: 0)
Unloading 6897 unused Assets / (3.8 MB). Loaded Objects now: 7738.
Memory consumption went from 154.6 MB to 150.8 MB.
Total: 19.497500 ms (FindLiveObjects: 1.220600 ms CreateObjectMapping: 1.794800 ms MarkObjects: 11.883000 ms  DeleteObjects: 4.597300 ms)

Prepare: number of updated asset objects reloaded= 0
========================================================================
Received Import Request.
  Time since last request: 833418.762410 seconds.
  path: Assets/!GameFiles/Scripts/Interfaces/GameEntityInterfaces/EntityBehaviorInterfaces/IDamageablePlayer.cs
  artifactKey: Guid(145ba8ba83e0606499f633c3cd10a432) Importer(815301076,1909f56bfc062723c751e8b465ee728b)
Start importing Assets/!GameFiles/Scripts/Interfaces/GameEntityInterfaces/EntityBehaviorInterfaces/IDamageablePlayer.cs using Guid(145ba8ba83e0606499f633c3cd10a432) Importer(815301076,1909f56bfc062723c751e8b465ee728b) (PreviewImporter) -> (artifact id: '4187fd16b40a8f753abecfaad6792b6f') in 0.036326 seconds
Number of updated asset objects reloaded before import = 0Number of asset objects unloaded after import = 0

========================================================================
Received Prepare
'Packages/com.unity.cinemachine/Editor/Obsolete/CinemachineVirtualCameraBaseEditor.cs' contains partial class of Unity.Object, exactly 1 of the partial classes needs to be in a file with the same filename. This is to know the one that can be referenced from ie. GameObjects
'Packages/com.unity.cinemachine/Editor/Editors/CinemachineVirtualCameraBaseEditor.cs' contains partial class of Unity.Object, exactly 1 of the partial classes needs to be in a file with the same filename. This is to know the one that can be referenced from ie. GameObjects
Refreshing native plugins compatible for Editor in 1.98 ms, found 3 plugins.
Preloading 0 native plugins for Editor in 0.00 ms.
Unloading 17 Unused Serialized files (Serialized files now loaded: 0)
Unloading 6897 unused Assets / (4.2 MB). Loaded Objects now: 7740.
Memory consumption went from 155.4 MB to 151.1 MB.
Total: 15.822700 ms (FindLiveObjects: 1.178600 ms CreateObjectMapping: 1.255700 ms MarkObjects: 9.268800 ms  DeleteObjects: 4.117400 ms)

Prepare: number of updated asset objects reloaded= 0
========================================================================
Received Import Request.
  Time since last request: 91.739823 seconds.
  path: Assets/!GameFiles/Scripts/ServicesGeneral/EnvironmentAreaAnalyzers (All Implemented IEnvironmentAreaAnalyzer)
  artifactKey: Guid(3c55b7ae50740d940be33e50fc8fcf86) Importer(815301076,1909f56bfc062723c751e8b465ee728b)
Start importing Assets/!GameFiles/Scripts/ServicesGeneral/EnvironmentAreaAnalyzers (All Implemented IEnvironmentAreaAnalyzer) using Guid(3c55b7ae50740d940be33e50fc8fcf86) Importer(815301076,1909f56bfc062723c751e8b465ee728b) (PreviewImporter) -> (artifact id: '03c15c24d505ae658d31e2d1a9756846') in 0.0088789 seconds
Number of updated asset objects reloaded before import = 0Number of asset objects unloaded after import = 0

========================================================================
Received Import Request.
  Time since last request: 2.619143 seconds.
  path: Assets/!GameFiles/Scripts/ServicesGeneral/EnvironmentAreaAnalyzers (All Implemented IEnvironmentAreaAnalyzer)/Implemented EnvironmentAreaOverlapAnalyzer
  artifactKey: Guid(be28a1c7cd141dd44bc0cd61f04b2a1a) Importer(815301076,1909f56bfc062723c751e8b465ee728b)
Start importing Assets/!GameFiles/Scripts/ServicesGeneral/EnvironmentAreaAnalyzers (All Implemented IEnvironmentAreaAnalyzer)/Implemented EnvironmentAreaOverlapAnalyzer using Guid(be28a1c7cd141dd44bc0cd61f04b2a1a) Importer(815301076,1909f56bfc062723c751e8b465ee728b) (PreviewImporter) -> (artifact id: 'af8efb84ad8d20fe9b3e6aeacbffcf2b') in 0.0007082 seconds
Number of updated asset objects reloaded before import = 0Number of asset objects unloaded after import = 0

========================================================================
Received Import Request.
  Time since last request: 2.928777 seconds.
  path: Assets/!GameFiles/Scripts/ServicesGeneral/EnvironmentAreaAnalyzers (All Implemented IEnvironmentAreaAnalyzer)/Implemented EnvironmentAreaOverlapAnalyzer/EnvironmentAreaOverlapAnalyzerDamageable.cs
  artifactKey: Guid(baf9ab5576365254589f2c02ae350c90) Importer(815301076,1909f56bfc062723c751e8b465ee728b)
Start importing Assets/!GameFiles/Scripts/ServicesGeneral/EnvironmentAreaAnalyzers (All Implemented IEnvironmentAreaAnalyzer)/Implemented EnvironmentAreaOverlapAnalyzer/EnvironmentAreaOverlapAnalyzerDamageable.cs using Guid(baf9ab5576365254589f2c02ae350c90) Importer(815301076,1909f56bfc062723c751e8b465ee728b) (PreviewImporter) -> (artifact id: '01197c149c04561c81e8c3fa73f0d80a') in 0.0007955 seconds
Number of updated asset objects reloaded before import = 0Number of asset objects unloaded after import = 0

========================================================================
Received Import Request.
  Time since last request: 0.064200 seconds.
  path: Assets/!GameFiles/Scripts/Interfaces/GameEntityInterfaces/EntityBehaviorInterfaces/IDamageablePlayer.cs
  artifactKey: Guid(145ba8ba83e0606499f633c3cd10a432) Importer(2089858483,b0f066a214c2f5e87bad3c948f4d605d)
Start importing Assets/!GameFiles/Scripts/Interfaces/GameEntityInterfaces/EntityBehaviorInterfaces/IDamageablePlayer.cs using Guid(145ba8ba83e0606499f633c3cd10a432) Importer(2089858483,b0f066a214c2f5e87bad3c948f4d605d) (ScriptedImporter) -> (artifact id: '032525128f40ca6a0e48c4ee114f3cd7') in 0.1254228 seconds
Number of updated asset objects reloaded before import = 0Number of asset objects unloaded after import = 0

========================================================================
Received Prepare
'Packages/com.unity.cinemachine/Editor/Obsolete/CinemachineVirtualCameraBaseEditor.cs' contains partial class of Unity.Object, exactly 1 of the partial classes needs to be in a file with the same filename. This is to know the one that can be referenced from ie. GameObjects
'Packages/com.unity.cinemachine/Editor/Editors/CinemachineVirtualCameraBaseEditor.cs' contains partial class of Unity.Object, exactly 1 of the partial classes needs to be in a file with the same filename. This is to know the one that can be referenced from ie. GameObjects
Refreshing native plugins compatible for Editor in 1.72 ms, found 3 plugins.
Preloading 0 native plugins for Editor in 0.00 ms.
Unloading 17 Unused Serialized files (Serialized files now loaded: 0)
Unloading 6898 unused Assets / (4.4 MB). Loaded Objects now: 7741.
Memory consumption went from 155.4 MB to 151.0 MB.
Total: 13.397900 ms (FindLiveObjects: 1.078700 ms CreateObjectMapping: 0.708600 ms MarkObjects: 8.506500 ms  DeleteObjects: 3.102900 ms)

Prepare: number of updated asset objects reloaded= 0
========================================================================
Received Import Request.
  Time since last request: 15.186705 seconds.
  path: Assets/!GameFiles/Scripts/ServicesGeneral/EnvironmentAreaAnalyzers (All Implemented IEnvironmentAreaAnalyzer)/Implemented EnvironmentAreaOverlapAnalyzer/EnvironmentAreaOverlapAnalyzerDamageablePlayer.cs
  artifactKey: Guid(53a78e39dba3fc14d947842c2edf08a6) Importer(815301076,1909f56bfc062723c751e8b465ee728b)
Start importing Assets/!GameFiles/Scripts/ServicesGeneral/EnvironmentAreaAnalyzers (All Implemented IEnvironmentAreaAnalyzer)/Implemented EnvironmentAreaOverlapAnalyzer/EnvironmentAreaOverlapAnalyzerDamageablePlayer.cs using Guid(53a78e39dba3fc14d947842c2edf08a6) Importer(815301076,1909f56bfc062723c751e8b465ee728b) (PreviewImporter) -> (artifact id: '3b20359a7b2d3c643e2ec2cae5275ea7') in 0.0092471 seconds
Number of updated asset objects reloaded before import = 0Number of asset objects unloaded after import = 0

========================================================================
Received Import Request.
  Time since last request: 0.163132 seconds.
  path: Assets/!GameFiles/Scripts/ServicesGeneral/EnvironmentAreaAnalyzers (All Implemented IEnvironmentAreaAnalyzer)/Implemented EnvironmentAreaOverlapAnalyzer/EnvironmentAreaOverlapAnalyzerDamageablePlayer.cs
  artifactKey: Guid(53a78e39dba3fc14d947842c2edf08a6) Importer(2089858483,b0f066a214c2f5e87bad3c948f4d605d)
Start importing Assets/!GameFiles/Scripts/ServicesGeneral/EnvironmentAreaAnalyzers (All Implemented IEnvironmentAreaAnalyzer)/Implemented EnvironmentAreaOverlapAnalyzer/EnvironmentAreaOverlapAnalyzerDamageablePlayer.cs using Guid(53a78e39dba3fc14d947842c2edf08a6) Importer(2089858483,b0f066a214c2f5e87bad3c948f4d605d) (ScriptedImporter) -> (artifact id: '3c875a07e3d78aee12b384663838b6ba') in 0.0077562 seconds
Number of updated asset objects reloaded before import = 0Number of asset objects unloaded after import = 0

========================================================================
Received Prepare
'Packages/com.unity.cinemachine/Editor/Obsolete/CinemachineVirtualCameraBaseEditor.cs' contains partial class of Unity.Object, exactly 1 of the partial classes needs to be in a file with the same filename. This is to know the one that can be referenced from ie. GameObjects
'Packages/com.unity.cinemachine/Editor/Editors/CinemachineVirtualCameraBaseEditor.cs' contains partial class of Unity.Object, exactly 1 of the partial classes needs to be in a file with the same filename. This is to know the one that can be referenced from ie. GameObjects
Refreshing native plugins compatible for Editor in 1.62 ms, found 3 plugins.
Preloading 0 native plugins for Editor in 0.00 ms.
Unloading 17 Unused Serialized files (Serialized files now loaded: 0)
Unloading 6898 unused Assets / (4.1 MB). Loaded Objects now: 7741.
Memory consumption went from 155.4 MB to 151.3 MB.
Total: 14.945700 ms (FindLiveObjects: 1.076100 ms CreateObjectMapping: 0.671500 ms MarkObjects: 9.985300 ms  DeleteObjects: 3.210700 ms)

Prepare: number of updated asset objects reloaded= 0
========================================================================
Received Import Request.
  Time since last request: 13.062312 seconds.
  path: Assets/!GameFiles/Scripts/ServicesGeneral/EnvironmentAreaAnalyzers (All Implemented IEnvironmentAreaAnalyzer)/Implemented EnvironmentAreaOverlapAnalyzer/EnvironmentAreaOverlapAnalyzerDamageableCharacter.cs
  artifactKey: Guid(baf9ab5576365254589f2c02ae350c90) Importer(815301076,1909f56bfc062723c751e8b465ee728b)
Start importing Assets/!GameFiles/Scripts/ServicesGeneral/EnvironmentAreaAnalyzers (All Implemented IEnvironmentAreaAnalyzer)/Implemented EnvironmentAreaOverlapAnalyzer/EnvironmentAreaOverlapAnalyzerDamageableCharacter.cs using Guid(baf9ab5576365254589f2c02ae350c90) Importer(815301076,1909f56bfc062723c751e8b465ee728b) (PreviewImporter) -> (artifact id: '7e71c188ec7a49f9d7818ee488955e03') in 0.0088891 seconds
Number of updated asset objects reloaded before import = 0Number of asset objects unloaded after import = 0

========================================================================
Received Import Request.
  Time since last request: 0.192445 seconds.
  path: Assets/!GameFiles/Scripts/ServicesGeneral/EnvironmentAreaAnalyzers (All Implemented IEnvironmentAreaAnalyzer)/Implemented EnvironmentAreaOverlapAnalyzer/EnvironmentAreaOverlapAnalyzerDamageableCharacter.cs
  artifactKey: Guid(baf9ab5576365254589f2c02ae350c90) Importer(2089858483,b0f066a214c2f5e87bad3c948f4d605d)
Start importing Assets/!GameFiles/Scripts/ServicesGeneral/EnvironmentAreaAnalyzers (All Implemented IEnvironmentAreaAnalyzer)/Implemented EnvironmentAreaOverlapAnalyzer/EnvironmentAreaOverlapAnalyzerDamageableCharacter.cs using Guid(baf9ab5576365254589f2c02ae350c90) Importer(2089858483,b0f066a214c2f5e87bad3c948f4d605d) (ScriptedImporter) -> (artifact id: 'ef23ff9f9c321c40d59a356cbf48e0e1') in 0.0262902 seconds
Number of updated asset objects reloaded before import = 0Number of asset objects unloaded after import = 0

========================================================================
Received Prepare
'Packages/com.unity.cinemachine/Editor/Obsolete/CinemachineVirtualCameraBaseEditor.cs' contains partial class of Unity.Object, exactly 1 of the partial classes needs to be in a file with the same filename. This is to know the one that can be referenced from ie. GameObjects
'Packages/com.unity.cinemachine/Editor/Editors/CinemachineVirtualCameraBaseEditor.cs' contains partial class of Unity.Object, exactly 1 of the partial classes needs to be in a file with the same filename. This is to know the one that can be referenced from ie. GameObjects
Refreshing native plugins compatible for Editor in 2.04 ms, found 3 plugins.
Preloading 0 native plugins for Editor in 0.00 ms.
Unloading 17 Unused Serialized files (Serialized files now loaded: 0)
Unloading 6898 unused Assets / (4.4 MB). Loaded Objects now: 7741.
Memory consumption went from 155.4 MB to 151.0 MB.
Total: 17.522500 ms (FindLiveObjects: 1.345500 ms CreateObjectMapping: 1.864300 ms MarkObjects: 9.974200 ms  DeleteObjects: 4.337100 ms)

Prepare: number of updated asset objects reloaded= 0
========================================================================
Received Import Request.
  Time since last request: 28.990140 seconds.
  path: Assets/!GameFiles/Scripts/ServicesGeneral/EnvironmentAreaAnalyzers (All Implemented IEnvironmentAreaAnalyzer)/Implemented EnvironmentAreaOverlapAnalyzer/EnvironmentAreaOverlapAnalyzerDamageableCharacter.cs
  artifactKey: Guid(baf9ab5576365254589f2c02ae350c90) Importer(815301076,1909f56bfc062723c751e8b465ee728b)
Start importing Assets/!GameFiles/Scripts/ServicesGeneral/EnvironmentAreaAnalyzers (All Implemented IEnvironmentAreaAnalyzer)/Implemented EnvironmentAreaOverlapAnalyzer/EnvironmentAreaOverlapAnalyzerDamageableCharacter.cs using Guid(baf9ab5576365254589f2c02ae350c90) Importer(815301076,1909f56bfc062723c751e8b465ee728b) (PreviewImporter) -> (artifact id: '32d0b1603a7b29b8c9b77b61f66a464b') in 0.0081603 seconds
Number of updated asset objects reloaded before import = 0Number of asset objects unloaded after import = 0

========================================================================
Received Import Request.
  Time since last request: 0.256437 seconds.
  path: Assets/!GameFiles/Scripts/ServicesGeneral/EnvironmentAreaAnalyzers (All Implemented IEnvironmentAreaAnalyzer)/Implemented EnvironmentAreaOverlapAnalyzer/EnvironmentAreaOverlapAnalyzerDamageableCharacter.cs
  artifactKey: Guid(baf9ab5576365254589f2c02ae350c90) Importer(2089858483,b0f066a214c2f5e87bad3c948f4d605d)
Start importing Assets/!GameFiles/Scripts/ServicesGeneral/EnvironmentAreaAnalyzers (All Implemented IEnvironmentAreaAnalyzer)/Implemented EnvironmentAreaOverlapAnalyzer/EnvironmentAreaOverlapAnalyzerDamageableCharacter.cs using Guid(baf9ab5576365254589f2c02ae350c90) Importer(2089858483,b0f066a214c2f5e87bad3c948f4d605d) (ScriptedImporter) -> (artifact id: '3206d57d6c40e5d5ac200cbfe072eb34') in 0.0065924 seconds
Number of updated asset objects reloaded before import = 0Number of asset objects unloaded after import = 0

========================================================================
Received Prepare
'Packages/com.unity.cinemachine/Editor/Obsolete/CinemachineVirtualCameraBaseEditor.cs' contains partial class of Unity.Object, exactly 1 of the partial classes needs to be in a file with the same filename. This is to know the one that can be referenced from ie. GameObjects
'Packages/com.unity.cinemachine/Editor/Editors/CinemachineVirtualCameraBaseEditor.cs' contains partial class of Unity.Object, exactly 1 of the partial classes needs to be in a file with the same filename. This is to know the one that can be referenced from ie. GameObjects
Refreshing native plugins compatible for Editor in 2.65 ms, found 3 plugins.
Preloading 0 native plugins for Editor in 0.00 ms.
Unloading 17 Unused Serialized files (Serialized files now loaded: 0)
Unloading 6898 unused Assets / (4.4 MB). Loaded Objects now: 7741.
Memory consumption went from 155.4 MB to 151.0 MB.
Total: 25.648700 ms (FindLiveObjects: 1.301300 ms CreateObjectMapping: 1.943500 ms MarkObjects: 14.177100 ms  DeleteObjects: 8.224900 ms)

Prepare: number of updated asset objects reloaded= 0
========================================================================
Received Import Request.
  Time since last request: 10.692357 seconds.
  path: Assets/!GameFiles/Scripts/ServicesGeneral/EnvironmentAreaAnalyzers (All Implemented IEnvironmentAreaAnalyzer)/Implemented EnvironmentAreaOverlapAnalyzer/EnvironmentAreaOverlapAnalyzerDamageablePlayer.cs
  artifactKey: Guid(53a78e39dba3fc14d947842c2edf08a6) Importer(2089858483,b0f066a214c2f5e87bad3c948f4d605d)
Start importing Assets/!GameFiles/Scripts/ServicesGeneral/EnvironmentAreaAnalyzers (All Implemented IEnvironmentAreaAnalyzer)/Implemented EnvironmentAreaOverlapAnalyzer/EnvironmentAreaOverlapAnalyzerDamageablePlayer.cs using Guid(53a78e39dba3fc14d947842c2edf08a6) Importer(2089858483,b0f066a214c2f5e87bad3c948f4d605d) (ScriptedImporter) -> (artifact id: 'bd4b4065a3e939980128792c0df849d6') in 0.012794 seconds
Number of updated asset objects reloaded before import = 0Number of asset objects unloaded after import = 0

========================================================================
Received Prepare
'Packages/com.unity.cinemachine/Editor/Obsolete/CinemachineVirtualCameraBaseEditor.cs' contains partial class of Unity.Object, exactly 1 of the partial classes needs to be in a file with the same filename. This is to know the one that can be referenced from ie. GameObjects
'Packages/com.unity.cinemachine/Editor/Editors/CinemachineVirtualCameraBaseEditor.cs' contains partial class of Unity.Object, exactly 1 of the partial classes needs to be in a file with the same filename. This is to know the one that can be referenced from ie. GameObjects
Refreshing native plugins compatible for Editor in 2.18 ms, found 3 plugins.
Preloading 0 native plugins for Editor in 0.00 ms.
Unloading 17 Unused Serialized files (Serialized files now loaded: 0)
Unloading 6898 unused Assets / (4.7 MB). Loaded Objects now: 7741.
Memory consumption went from 155.4 MB to 150.7 MB.
Total: 15.486700 ms (FindLiveObjects: 1.229200 ms CreateObjectMapping: 1.409700 ms MarkObjects: 8.788100 ms  DeleteObjects: 4.058200 ms)

Prepare: number of updated asset objects reloaded= 0
========================================================================
Received Import Request.
  Time since last request: 26.323642 seconds.
  path: Assets/!GameFiles/Scripts/ServicesGeneral/EnvironmentAreaAnalyzers (All Implemented IEnvironmentAreaAnalyzer)/Implemented EnvironmentAreaOverlapAnalyzer/EnvironmentAreaOverlapAnalyzerDamageableCharacter.cs
  artifactKey: Guid(baf9ab5576365254589f2c02ae350c90) Importer(815301076,1909f56bfc062723c751e8b465ee728b)
Start importing Assets/!GameFiles/Scripts/ServicesGeneral/EnvironmentAreaAnalyzers (All Implemented IEnvironmentAreaAnalyzer)/Implemented EnvironmentAreaOverlapAnalyzer/EnvironmentAreaOverlapAnalyzerDamageableCharacter.cs using Guid(baf9ab5576365254589f2c02ae350c90) Importer(815301076,1909f56bfc062723c751e8b465ee728b) (PreviewImporter) -> (artifact id: '32d0b1603a7b29b8c9b77b61f66a464b') in 0.0058193 seconds
Number of updated asset objects reloaded before import = 0Number of asset objects unloaded after import = 0

========================================================================
Received Import Request.
  Time since last request: 0.310857 seconds.
  path: Assets/!GameFiles/Scripts/ServicesGeneral/EnvironmentAreaAnalyzers (All Implemented IEnvironmentAreaAnalyzer)/Implemented EnvironmentAreaOverlapAnalyzer/EnvironmentAreaOverlapAnalyzerDamageablePlayer.cs
  artifactKey: Guid(53a78e39dba3fc14d947842c2edf08a6) Importer(2089858483,b0f066a214c2f5e87bad3c948f4d605d)
Start importing Assets/!GameFiles/Scripts/ServicesGeneral/EnvironmentAreaAnalyzers (All Implemented IEnvironmentAreaAnalyzer)/Implemented EnvironmentAreaOverlapAnalyzer/EnvironmentAreaOverlapAnalyzerDamageablePlayer.cs using Guid(53a78e39dba3fc14d947842c2edf08a6) Importer(2089858483,b0f066a214c2f5e87bad3c948f4d605d) (ScriptedImporter) -> (artifact id: '4fd8f3a8bc82cef1a22d5df435ecd575') in 0.0077006 seconds
Number of updated asset objects reloaded before import = 0Number of asset objects unloaded after import = 0

========================================================================
Received Prepare
'Packages/com.unity.cinemachine/Editor/Obsolete/CinemachineVirtualCameraBaseEditor.cs' contains partial class of Unity.Object, exactly 1 of the partial classes needs to be in a file with the same filename. This is to know the one that can be referenced from ie. GameObjects
'Packages/com.unity.cinemachine/Editor/Editors/CinemachineVirtualCameraBaseEditor.cs' contains partial class of Unity.Object, exactly 1 of the partial classes needs to be in a file with the same filename. This is to know the one that can be referenced from ie. GameObjects
Refreshing native plugins compatible for Editor in 1.73 ms, found 3 plugins.
Preloading 0 native plugins for Editor in 0.00 ms.
Unloading 17 Unused Serialized files (Serialized files now loaded: 0)
Unloading 6898 unused Assets / (4.5 MB). Loaded Objects now: 7741.
Memory consumption went from 155.4 MB to 151.0 MB.
Total: 25.640400 ms (FindLiveObjects: 1.163600 ms CreateObjectMapping: 1.115600 ms MarkObjects: 18.137900 ms  DeleteObjects: 5.221400 ms)

Prepare: number of updated asset objects reloaded= 0
========================================================================
Received Import Request.
  Time since last request: 31.160281 seconds.
  path: Assets/!GameFiles/Scripts/ServicesGeneral/EnvironmentAreaAnalyzers (All Implemented IEnvironmentAreaAnalyzer)/Implemented EnvironmentAreaOverlapAnalyzer/EnvironmentAreaOverlapAnalyzerDamageableCharacter.cs
  artifactKey: Guid(baf9ab5576365254589f2c02ae350c90) Importer(815301076,1909f56bfc062723c751e8b465ee728b)
Start importing Assets/!GameFiles/Scripts/ServicesGeneral/EnvironmentAreaAnalyzers (All Implemented IEnvironmentAreaAnalyzer)/Implemented EnvironmentAreaOverlapAnalyzer/EnvironmentAreaOverlapAnalyzerDamageableCharacter.cs using Guid(baf9ab5576365254589f2c02ae350c90) Importer(815301076,1909f56bfc062723c751e8b465ee728b) (PreviewImporter) -> (artifact id: '32d0b1603a7b29b8c9b77b61f66a464b') in 0.0099488 seconds
Number of updated asset objects reloaded before import = 0Number of asset objects unloaded after import = 0

========================================================================
Received Import Request.
  Time since last request: 0.320260 seconds.
  path: Assets/!GameFiles/Scripts/Character/CharacterOffense/CharacterOffenseController/CharacterOffenseController.cs
  artifactKey: Guid(1d7efd676abe1794e8f9f1e9d435cf8b) Importer(2089858483,b0f066a214c2f5e87bad3c948f4d605d)
Start importing Assets/!GameFiles/Scripts/Character/CharacterOffense/CharacterOffenseController/CharacterOffenseController.cs using Guid(1d7efd676abe1794e8f9f1e9d435cf8b) Importer(2089858483,b0f066a214c2f5e87bad3c948f4d605d) (ScriptedImporter) -> (artifact id: 'a3c68cc52964d70efb61f5d6de10f1f9') in 0.0079855 seconds
Number of updated asset objects reloaded before import = 0Number of asset objects unloaded after import = 0

========================================================================
Received Prepare
'Packages/com.unity.cinemachine/Editor/Obsolete/CinemachineVirtualCameraBaseEditor.cs' contains partial class of Unity.Object, exactly 1 of the partial classes needs to be in a file with the same filename. This is to know the one that can be referenced from ie. GameObjects
'Packages/com.unity.cinemachine/Editor/Editors/CinemachineVirtualCameraBaseEditor.cs' contains partial class of Unity.Object, exactly 1 of the partial classes needs to be in a file with the same filename. This is to know the one that can be referenced from ie. GameObjects
Refreshing native plugins compatible for Editor in 2.20 ms, found 3 plugins.
Preloading 0 native plugins for Editor in 0.00 ms.
Unloading 17 Unused Serialized files (Serialized files now loaded: 0)
Unloading 6898 unused Assets / (4.6 MB). Loaded Objects now: 7741.
Memory consumption went from 155.4 MB to 150.8 MB.
Total: 20.171000 ms (FindLiveObjects: 1.432300 ms CreateObjectMapping: 1.974300 ms MarkObjects: 11.592800 ms  DeleteObjects: 5.169800 ms)

Prepare: number of updated asset objects reloaded= 0
========================================================================
Received Import Request.
  Time since last request: 14.030740 seconds.
  path: Assets/!GameFiles/Scripts/ServicesGeneral/EnvironmentAreaAnalyzers (All Implemented IEnvironmentAreaAnalyzer)/Implemented EnvironmentAreaOverlapAnalyzer/EnvironmentAreaOverlapAnalyzerDamageableCharacter.cs
  artifactKey: Guid(baf9ab5576365254589f2c02ae350c90) Importer(815301076,1909f56bfc062723c751e8b465ee728b)
Start importing Assets/!GameFiles/Scripts/ServicesGeneral/EnvironmentAreaAnalyzers (All Implemented IEnvironmentAreaAnalyzer)/Implemented EnvironmentAreaOverlapAnalyzer/EnvironmentAreaOverlapAnalyzerDamageableCharacter.cs using Guid(baf9ab5576365254589f2c02ae350c90) Importer(815301076,1909f56bfc062723c751e8b465ee728b) (PreviewImporter) -> (artifact id: '32d0b1603a7b29b8c9b77b61f66a464b') in 0.0073748 seconds
Number of updated asset objects reloaded before import = 0Number of asset objects unloaded after import = 0

========================================================================
Received Import Request.
  Time since last request: 0.322606 seconds.
  path: Assets/!GameFiles/Scripts/Player/PlayerOffense/PlayerOffenseController/PlayerOffenseController.cs
  artifactKey: Guid(f9869d89541671440b4206915d9bc475) Importer(2089858483,b0f066a214c2f5e87bad3c948f4d605d)
Start importing Assets/!GameFiles/Scripts/Player/PlayerOffense/PlayerOffenseController/PlayerOffenseController.cs using Guid(f9869d89541671440b4206915d9bc475) Importer(2089858483,b0f066a214c2f5e87bad3c948f4d605d) (ScriptedImporter) -> (artifact id: '1232de5c5809603161635f9856f0fb51') in 0.0106561 seconds
Number of updated asset objects reloaded before import = 0Number of asset objects unloaded after import = 0

========================================================================
Received Prepare
'Packages/com.unity.cinemachine/Editor/Obsolete/CinemachineVirtualCameraBaseEditor.cs' contains partial class of Unity.Object, exactly 1 of the partial classes needs to be in a file with the same filename. This is to know the one that can be referenced from ie. GameObjects
'Packages/com.unity.cinemachine/Editor/Editors/CinemachineVirtualCameraBaseEditor.cs' contains partial class of Unity.Object, exactly 1 of the partial classes needs to be in a file with the same filename. This is to know the one that can be referenced from ie. GameObjects
Refreshing native plugins compatible for Editor in 1.63 ms, found 3 plugins.
Preloading 0 native plugins for Editor in 0.00 ms.
Unloading 17 Unused Serialized files (Serialized files now loaded: 0)
Unloading 6898 unused Assets / (4.0 MB). Loaded Objects now: 7741.
Memory consumption went from 155.4 MB to 151.4 MB.
Total: 14.071300 ms (FindLiveObjects: 1.091900 ms CreateObjectMapping: 0.724200 ms MarkObjects: 9.023200 ms  DeleteObjects: 3.230300 ms)

Prepare: number of updated asset objects reloaded= 0
========================================================================
Received Prepare
Assembly reference Packages/com.unity.cinemachine/Editor/Samples/ExposeHDRPInternals/HDRP-Editor-ref.asmref has no target assembly definition
Assembly reference Packages/com.unity.cinemachine/Editor/Samples/ExposeHDRPInternals/HDRP-Editor-ref.asmref has no target assembly definition
Begin MonoManager ReloadAssembly
[Licensing::Client] Successfully resolved entitlement details
- Loaded All Assemblies, in  1.294 seconds
Assembly reference Packages/com.unity.cinemachine/Editor/Samples/ExposeHDRPInternals/HDRP-Editor-ref.asmref has no target assembly definition
'Packages/com.unity.cinemachine/Editor/Obsolete/CinemachineVirtualCameraBaseEditor.cs' contains partial class of Unity.Object, exactly 1 of the partial classes needs to be in a file with the same filename. This is to know the one that can be referenced from ie. GameObjects
'Packages/com.unity.cinemachine/Editor/Editors/CinemachineVirtualCameraBaseEditor.cs' contains partial class of Unity.Object, exactly 1 of the partial classes needs to be in a file with the same filename. This is to know the one that can be referenced from ie. GameObjects
Refreshing native plugins compatible for Editor in 1.97 ms, found 3 plugins.
Native extension for UWP target not found
Native extension for WindowsStandalone target not found
Assembly reference Packages/com.unity.cinemachine/Editor/Samples/ExposeHDRPInternals/HDRP-Editor-ref.asmref has no target assembly definition
[Package Manager] Failed to launch server process. Reason: Unity was launched with the -noUpm command-line argument
[Package Manager] Unable to send message (not connected to server process).
[Package Manager] Cannot connect to Unity Package Manager local server
[Package Manager] Failed to launch server process. Reason: Unity was launched with the -noUpm command-line argument
[Package Manager] Unable to send message (not connected to server process).
[Package Manager] Cannot connect to Unity Package Manager local server
ScheduleIndexationOnStartup MainProcess:False IndexOnStartup:True
Mono: successfully reloaded assembly
- Finished resetting the current domain, in  1.144 seconds
Domain Reload Profiling: 2440ms
	BeginReloadAssembly (365ms)
		ExecutionOrderSort (0ms)
		DisableScriptedObjects (10ms)
		BackupInstance (0ms)
		ReleaseScriptingObjects (0ms)
		CreateAndSetChildDomain (66ms)
	RebuildCommonClasses (65ms)
	RebuildNativeTypeToScriptingClass (24ms)
	initialDomainReloadingComplete (84ms)
	LoadAllAssembliesAndSetupDomain (756ms)
		LoadAssemblies (620ms)
		RebuildTransferFunctionScriptingTraits (0ms)
		AnalyzeDomain (344ms)
			TypeCache.Refresh (14ms)
				TypeCache.ScanAssembly (2ms)
			BuildScriptInfoCaches (303ms)
			ResolveRequiredComponents (21ms)
	FinalizeReload (1145ms)
		ReleaseScriptCaches (0ms)
		RebuildScriptCaches (0ms)
		SetupLoadedEditorAssemblies (876ms)
			LogAssemblyErrors (0ms)
			InitializePlatformSupportModulesInManaged (2ms)
			SetLoadedEditorAssemblies (9ms)
			BeforeProcessingInitializeOnLoad (215ms)
			ProcessInitializeOnLoadAttributes (535ms)
			ProcessInitializeOnLoadMethodAttributes (109ms)
			AfterProcessingInitializeOnLoad (5ms)
			EditorAssembliesLoaded (1ms)
		ExecutionOrderSort2 (0ms)
		AwakeInstancesAfterBackupRestoration (25ms)
Refreshing native plugins compatible for Editor in 1.56 ms, found 3 plugins.
Preloading 0 native plugins for Editor in 0.00 ms.
Unloading 17 Unused Serialized files (Serialized files now loaded: 0)
Unloading 6904 unused Assets / (4.3 MB). Loaded Objects now: 7744.
Memory consumption went from 155.0 MB to 150.7 MB.
Total: 13.614500 ms (FindLiveObjects: 1.130300 ms CreateObjectMapping: 0.976500 ms MarkObjects: 8.106400 ms  DeleteObjects: 3.399800 ms)

Prepare: number of updated asset objects reloaded= 0
========================================================================
Received Prepare
Assembly reference Packages/com.unity.cinemachine/Editor/Samples/ExposeHDRPInternals/HDRP-Editor-ref.asmref has no target assembly definition
Assembly reference Packages/com.unity.cinemachine/Editor/Samples/ExposeHDRPInternals/HDRP-Editor-ref.asmref has no target assembly definition
Begin MonoManager ReloadAssembly
- Loaded All Assemblies, in  1.294 seconds
Assembly reference Packages/com.unity.cinemachine/Editor/Samples/ExposeHDRPInternals/HDRP-Editor-ref.asmref has no target assembly definition
'Packages/com.unity.cinemachine/Editor/Obsolete/CinemachineVirtualCameraBaseEditor.cs' contains partial class of Unity.Object, exactly 1 of the partial classes needs to be in a file with the same filename. This is to know the one that can be referenced from ie. GameObjects
'Packages/com.unity.cinemachine/Editor/Editors/CinemachineVirtualCameraBaseEditor.cs' contains partial class of Unity.Object, exactly 1 of the partial classes needs to be in a file with the same filename. This is to know the one that can be referenced from ie. GameObjects
Refreshing native plugins compatible for Editor in 1.44 ms, found 3 plugins.
Native extension for UWP target not found
Native extension for WindowsStandalone target not found
Assembly reference Packages/com.unity.cinemachine/Editor/Samples/ExposeHDRPInternals/HDRP-Editor-ref.asmref has no target assembly definition
[Package Manager] Failed to launch server process. Reason: Unity was launched with the -noUpm command-line argument
[Package Manager] Unable to send message (not connected to server process).
[Package Manager] Cannot connect to Unity Package Manager local server
[Package Manager] Failed to launch server process. Reason: Unity was launched with the -noUpm command-line argument
[Package Manager] Unable to send message (not connected to server process).
[Package Manager] Cannot connect to Unity Package Manager local server
ScheduleIndexationOnStartup MainProcess:False IndexOnStartup:True
Mono: successfully reloaded assembly
- Finished resetting the current domain, in  1.108 seconds
Domain Reload Profiling: 2403ms
	BeginReloadAssembly (367ms)
		ExecutionOrderSort (0ms)
		DisableScriptedObjects (10ms)
		BackupInstance (0ms)
		ReleaseScriptingObjects (0ms)
		CreateAndSetChildDomain (74ms)
	RebuildCommonClasses (68ms)
	RebuildNativeTypeToScriptingClass (26ms)
	initialDomainReloadingComplete (83ms)
	LoadAllAssembliesAndSetupDomain (750ms)
		LoadAssemblies (606ms)
		RebuildTransferFunctionScriptingTraits (0ms)
		AnalyzeDomain (350ms)
			TypeCache.Refresh (9ms)
				TypeCache.ScanAssembly (0ms)
			BuildScriptInfoCaches (300ms)
			ResolveRequiredComponents (35ms)
	FinalizeReload (1108ms)
		ReleaseScriptCaches (0ms)
		RebuildScriptCaches (0ms)
		SetupLoadedEditorAssemblies (862ms)
			LogAssemblyErrors (0ms)
			InitializePlatformSupportModulesInManaged (2ms)
			SetLoadedEditorAssemblies (6ms)
			BeforeProcessingInitializeOnLoad (224ms)
			ProcessInitializeOnLoadAttributes (522ms)
			ProcessInitializeOnLoadMethodAttributes (102ms)
			AfterProcessingInitializeOnLoad (5ms)
			EditorAssembliesLoaded (0ms)
		ExecutionOrderSort2 (0ms)
		AwakeInstancesAfterBackupRestoration (25ms)
Refreshing native plugins compatible for Editor in 1.58 ms, found 3 plugins.
Preloading 0 native plugins for Editor in 0.00 ms.
Unloading 17 Unused Serialized files (Serialized files now loaded: 0)
Unloading 6904 unused Assets / (4.4 MB). Loaded Objects now: 7747.
Memory consumption went from 155.0 MB to 150.6 MB.
Total: 13.620700 ms (FindLiveObjects: 1.133200 ms CreateObjectMapping: 0.839200 ms MarkObjects: 8.717900 ms  DeleteObjects: 2.928900 ms)

Prepare: number of updated asset objects reloaded= 0
